E:\DBOG\DBOGLOBAL_DEV\DboClient\Release4Tools\/NtlGameTable.lib
E:\DBOG\DBOGLOBAL_DEV\DBOCLIENT\RELEASE4TOOLS\NTLGAMETABLE.LIB
E:\DBOG\DBOGLOBAL_DEV\DBOSHARED\NTLGAMETABLE\RELEASE4TOOLS\ACTIONTABLE.OBJ
E:\DBOG\DBOGLOBAL_DEV\DBOSHARED\NTLGAMETABLE\RELEASE4TOOLS\AIRCOSTUMETABLE.OBJ
E:\DBOG\DBOGLOBAL_DEV\DBOSHARED\NTLGAMETABLE\RELEASE4TOOLS\BUDOKAITABLE.OBJ
E:\DBOG\DBOGLOBAL_DEV\DBOSHARED\NTLGAMETABLE\RELEASE4TOOLS\CHARMTABLE.OBJ
E:\DBOG\DBOGLOBAL_DEV\DBOSHARED\NTLGAMETABLE\RELEASE4TOOLS\CHARTITLETABLE.OBJ
E:\DBOG\DBOGLOBAL_DEV\DBOSHARED\NTLGAMETABLE\RELEASE4TOOLS\CHATCOMMANDTABLE.OBJ
E:\DBOG\DBOGLOBAL_DEV\DBOSHARED\NTLGAMETABLE\RELEASE4TOOLS\CHATTINGFILTERTABLE.OBJ
E:\DBOG\DBOGLOBAL_DEV\DBOSHARED\NTLGAMETABLE\RELEASE4TOOLS\CHECKTABLE.OBJ
E:\DBOG\DBOGLOBAL_DEV\DboShared\NtlGameTable\Release4Tools\CL.10444.read.1.tlog
E:\DBOG\DBOGLOBAL_DEV\DboShared\NtlGameTable\Release4Tools\CL.10444.write.1.tlog
E:\DBOG\DBOGLOBAL_DEV\DboShared\NtlGameTable\Release4Tools\CL.11072.read.1.tlog
E:\DBOG\DBOGLOBAL_DEV\DboShared\NtlGameTable\Release4Tools\CL.11072.write.1.tlog
E:\DBOG\DBOGLOBAL_DEV\DboShared\NtlGameTable\Release4Tools\CL.11360.read.1.tlog
E:\DBOG\DBOGLOBAL_DEV\DboShared\NtlGameTable\Release4Tools\CL.11360.write.1.tlog
E:\DBOG\DBOGLOBAL_DEV\DboShared\NtlGameTable\Release4Tools\CL.11468.read.1.tlog
E:\DBOG\DBOGLOBAL_DEV\DboShared\NtlGameTable\Release4Tools\CL.11468.write.1.tlog
E:\DBOG\DBOGLOBAL_DEV\DboShared\NtlGameTable\Release4Tools\CL.15592.read.1.tlog
E:\DBOG\DBOGLOBAL_DEV\DboShared\NtlGameTable\Release4Tools\CL.15592.write.1.tlog
E:\DBOG\DBOGLOBAL_DEV\DboShared\NtlGameTable\Release4Tools\CL.16100.read.1.tlog
E:\DBOG\DBOGLOBAL_DEV\DboShared\NtlGameTable\Release4Tools\CL.16100.write.1.tlog
E:\DBOG\DBOGLOBAL_DEV\DboShared\NtlGameTable\Release4Tools\CL.16872.read.1.tlog
E:\DBOG\DBOGLOBAL_DEV\DboShared\NtlGameTable\Release4Tools\CL.16872.write.1.tlog
E:\DBOG\DBOGLOBAL_DEV\DboShared\NtlGameTable\Release4Tools\CL.17120.read.1.tlog
E:\DBOG\DBOGLOBAL_DEV\DboShared\NtlGameTable\Release4Tools\CL.17120.write.1.tlog
E:\DBOG\DBOGLOBAL_DEV\DboShared\NtlGameTable\Release4Tools\CL.17152.read.1.tlog
E:\DBOG\DBOGLOBAL_DEV\DboShared\NtlGameTable\Release4Tools\CL.17152.write.1.tlog
E:\DBOG\DBOGLOBAL_DEV\DboShared\NtlGameTable\Release4Tools\CL.19788.read.1.tlog
E:\DBOG\DBOGLOBAL_DEV\DboShared\NtlGameTable\Release4Tools\CL.19788.write.1.tlog
E:\DBOG\DBOGLOBAL_DEV\DboShared\NtlGameTable\Release4Tools\CL.2768.read.1.tlog
E:\DBOG\DBOGLOBAL_DEV\DboShared\NtlGameTable\Release4Tools\CL.2768.write.1.tlog
E:\DBOG\DBOGLOBAL_DEV\DboShared\NtlGameTable\Release4Tools\CL.480.read.1.tlog
E:\DBOG\DBOGLOBAL_DEV\DboShared\NtlGameTable\Release4Tools\CL.480.write.1.tlog
E:\DBOG\DBOGLOBAL_DEV\DboShared\NtlGameTable\Release4Tools\CL.5800.read.1.tlog
E:\DBOG\DBOGLOBAL_DEV\DboShared\NtlGameTable\Release4Tools\CL.5800.write.1.tlog
E:\DBOG\DBOGLOBAL_DEV\DboShared\NtlGameTable\Release4Tools\CL.8348.read.1.tlog
E:\DBOG\DBOGLOBAL_DEV\DboShared\NtlGameTable\Release4Tools\CL.8348.write.1.tlog
E:\DBOG\DBOGLOBAL_DEV\DboShared\NtlGameTable\Release4Tools\CL.8488.read.1.tlog
E:\DBOG\DBOGLOBAL_DEV\DboShared\NtlGameTable\Release4Tools\CL.8488.write.1.tlog
E:\DBOG\DBOGLOBAL_DEV\DboShared\NtlGameTable\Release4Tools\CL.9172.read.1.tlog
E:\DBOG\DBOGLOBAL_DEV\DboShared\NtlGameTable\Release4Tools\CL.9172.write.1.tlog
E:\DBOG\DBOGLOBAL_DEV\DboShared\NtlGameTable\Release4Tools\cl.command.1.tlog
E:\DBOG\DBOGLOBAL_DEV\DboShared\NtlGameTable\Release4Tools\CL.read.1.tlog
E:\DBOG\DBOGLOBAL_DEV\DboShared\NtlGameTable\Release4Tools\CL.write.1.tlog
E:\DBOG\DBOGLOBAL_DEV\DBOSHARED\NTLGAMETABLE\RELEASE4TOOLS\COMMONCONFIGTABLE.OBJ
E:\DBOG\DBOGLOBAL_DEV\DBOSHARED\NTLGAMETABLE\RELEASE4TOOLS\CONTENTSONOFFTABLE.OBJ
E:\DBOG\DBOGLOBAL_DEV\DBOSHARED\NTLGAMETABLE\RELEASE4TOOLS\DBONAVI.OBJ
E:\DBOG\DBOGLOBAL_DEV\DBOSHARED\NTLGAMETABLE\RELEASE4TOOLS\DBOWEINFOGROUP.OBJ
E:\DBOG\DBOGLOBAL_DEV\DBOSHARED\NTLGAMETABLE\RELEASE4TOOLS\DIRECTIONLINKTABLE.OBJ
E:\DBOG\DBOGLOBAL_DEV\DBOSHARED\NTLGAMETABLE\RELEASE4TOOLS\DOJOTABLE.OBJ
E:\DBOG\DBOGLOBAL_DEV\DBOSHARED\NTLGAMETABLE\RELEASE4TOOLS\DRAGONBALLRETURNPOINTTABLE.OBJ
E:\DBOG\DBOGLOBAL_DEV\DBOSHARED\NTLGAMETABLE\RELEASE4TOOLS\DRAGONBALLREWARDTABLE.OBJ
E:\DBOG\DBOGLOBAL_DEV\DBOSHARED\NTLGAMETABLE\RELEASE4TOOLS\DRAGONBALLTABLE.OBJ
E:\DBOG\DBOGLOBAL_DEV\DBOSHARED\NTLGAMETABLE\RELEASE4TOOLS\DUNGEONTABLE.OBJ
E:\DBOG\DBOGLOBAL_DEV\DBOSHARED\NTLGAMETABLE\RELEASE4TOOLS\DWCMISSIONTABLE.OBJ
E:\DBOG\DBOGLOBAL_DEV\DBOSHARED\NTLGAMETABLE\RELEASE4TOOLS\DWCTABLE.OBJ
E:\DBOG\DBOGLOBAL_DEV\DBOSHARED\NTLGAMETABLE\RELEASE4TOOLS\DYNAMICFIELDSYSTEMTABLE.OBJ
E:\DBOG\DBOGLOBAL_DEV\DBOSHARED\NTLGAMETABLE\RELEASE4TOOLS\DYNAMICOBJECTTABLE.OBJ
E:\DBOG\DBOGLOBAL_DEV\DBOSHARED\NTLGAMETABLE\RELEASE4TOOLS\EVENTSYSTEMTABLE.OBJ
E:\DBOG\DBOGLOBAL_DEV\DBOSHARED\NTLGAMETABLE\RELEASE4TOOLS\EXPTABLE.OBJ
E:\DBOG\DBOGLOBAL_DEV\DBOSHARED\NTLGAMETABLE\RELEASE4TOOLS\FORMULATABLE.OBJ
E:\DBOG\DBOGLOBAL_DEV\DBOSHARED\NTLGAMETABLE\RELEASE4TOOLS\GUIDEHINTTABLE.OBJ
E:\DBOG\DBOGLOBAL_DEV\DBOSHARED\NTLGAMETABLE\RELEASE4TOOLS\HELPTABLE.OBJ
E:\DBOG\DBOGLOBAL_DEV\DBOSHARED\NTLGAMETABLE\RELEASE4TOOLS\HLSITEMTABLE.OBJ
E:\DBOG\DBOGLOBAL_DEV\DBOSHARED\NTLGAMETABLE\RELEASE4TOOLS\HLSSLOTMACHINEITEMTABLE.OBJ
E:\DBOG\DBOGLOBAL_DEV\DBOSHARED\NTLGAMETABLE\RELEASE4TOOLS\HTBSETTABLE.OBJ
E:\DBOG\DBOGLOBAL_DEV\DBOSHARED\NTLGAMETABLE\RELEASE4TOOLS\ITEMBAGLISTTABLE.OBJ
E:\DBOG\DBOGLOBAL_DEV\DBOSHARED\NTLGAMETABLE\RELEASE4TOOLS\ITEMDISASSEMBLETABLE.OBJ
E:\DBOG\DBOGLOBAL_DEV\DBOSHARED\NTLGAMETABLE\RELEASE4TOOLS\ITEMENCHANTTABLE.OBJ
E:\DBOG\DBOGLOBAL_DEV\DBOSHARED\NTLGAMETABLE\RELEASE4TOOLS\ITEMGROUPLISTTABLE.OBJ
E:\DBOG\DBOGLOBAL_DEV\DBOSHARED\NTLGAMETABLE\RELEASE4TOOLS\ITEMMIXEXPTABLE.OBJ
E:\DBOG\DBOGLOBAL_DEV\DBOSHARED\NTLGAMETABLE\RELEASE4TOOLS\ITEMMIXMACHINETABLE.OBJ
E:\DBOG\DBOGLOBAL_DEV\DBOSHARED\NTLGAMETABLE\RELEASE4TOOLS\ITEMOPTIONTABLE.OBJ
E:\DBOG\DBOGLOBAL_DEV\DBOSHARED\NTLGAMETABLE\RELEASE4TOOLS\ITEMRECIPETABLE.OBJ
E:\DBOG\DBOGLOBAL_DEV\DBOSHARED\NTLGAMETABLE\RELEASE4TOOLS\ITEMTABLE.OBJ
E:\DBOG\DBOGLOBAL_DEV\DBOSHARED\NTLGAMETABLE\RELEASE4TOOLS\ITEMUPGRADERATENEWTABLE.OBJ
E:\DBOG\DBOGLOBAL_DEV\DBOSHARED\NTLGAMETABLE\RELEASE4TOOLS\LANDMARKTABLE.OBJ
E:\DBOG\DBOGLOBAL_DEV\DboShared\NtlGameTable\Release4Tools\lib.command.1.tlog
E:\DBOG\DBOGLOBAL_DEV\DboShared\NtlGameTable\Release4Tools\Lib-link.read.1.tlog
E:\DBOG\DBOGLOBAL_DEV\DboShared\NtlGameTable\Release4Tools\Lib-link.write.1.tlog
E:\DBOG\DBOGLOBAL_DEV\DBOSHARED\NTLGAMETABLE\RELEASE4TOOLS\MASCOTGRADETABLE.OBJ
E:\DBOG\DBOGLOBAL_DEV\DBOSHARED\NTLGAMETABLE\RELEASE4TOOLS\MASCOTSTATUSTABLE.OBJ
E:\DBOG\DBOGLOBAL_DEV\DBOSHARED\NTLGAMETABLE\RELEASE4TOOLS\MASCOTTABLE.OBJ
E:\DBOG\DBOGLOBAL_DEV\DBOSHARED\NTLGAMETABLE\RELEASE4TOOLS\MERCHANTTABLE.OBJ
E:\DBOG\DBOGLOBAL_DEV\DBOSHARED\NTLGAMETABLE\RELEASE4TOOLS\MOBMOVEPATTERNTABLE.OBJ
E:\DBOG\DBOGLOBAL_DEV\DBOSHARED\NTLGAMETABLE\RELEASE4TOOLS\MOBSERVERTABLE.OBJ
E:\DBOG\DBOGLOBAL_DEV\DBOSHARED\NTLGAMETABLE\RELEASE4TOOLS\MOBTABLE.OBJ
E:\DBOG\DBOGLOBAL_DEV\DBOSHARED\NTLGAMETABLE\RELEASE4TOOLS\MODELTOOLCHARDATATABLE.OBJ
E:\DBOG\DBOGLOBAL_DEV\DBOSHARED\NTLGAMETABLE\RELEASE4TOOLS\MODELTOOLOBJDATATABLE.OBJ
E:\DBOG\DBOGLOBAL_DEV\DBOSHARED\NTLGAMETABLE\RELEASE4TOOLS\NEWBIETABLE.OBJ
E:\DBOG\DBOGLOBAL_DEV\DBOSHARED\NTLGAMETABLE\RELEASE4TOOLS\NEWBIETABLECHECK.OBJ
E:\DBOG\DBOGLOBAL_DEV\DBOSHARED\NTLGAMETABLE\RELEASE4TOOLS\NPCSERVERTABLE.OBJ
E:\DBOG\DBOGLOBAL_DEV\DBOSHARED\NTLGAMETABLE\RELEASE4TOOLS\NPCSPEECHTABLE.OBJ
E:\DBOG\DBOGLOBAL_DEV\DBOSHARED\NTLGAMETABLE\RELEASE4TOOLS\NPCTABLE.OBJ
E:\DBOG\DBOGLOBAL_DEV\DBOSHARED\NTLGAMETABLE\RELEASE4TOOLS\NTLGAMETABLE.PCH
E:\DBOG\DBOGLOBAL_DEV\DBOSHARED\NTLGAMETABLE\RELEASE4TOOLS\OBJECTTABLE.OBJ
E:\DBOG\DBOGLOBAL_DEV\DBOSHARED\NTLGAMETABLE\RELEASE4TOOLS\PCTABLE.OBJ
E:\DBOG\DBOGLOBAL_DEV\DBOSHARED\NTLGAMETABLE\RELEASE4TOOLS\PORTALTABLE.OBJ
E:\DBOG\DBOGLOBAL_DEV\DBOSHARED\NTLGAMETABLE\RELEASE4TOOLS\QUESTDROPTABLE.OBJ
E:\DBOG\DBOGLOBAL_DEV\DBOSHARED\NTLGAMETABLE\RELEASE4TOOLS\QUESTITEMTABLE.OBJ
E:\DBOG\DBOGLOBAL_DEV\DBOSHARED\NTLGAMETABLE\RELEASE4TOOLS\QUESTNARRATIONTABLE.OBJ
E:\DBOG\DBOGLOBAL_DEV\DBOSHARED\NTLGAMETABLE\RELEASE4TOOLS\QUESTPROBABILITYTABLE.OBJ
E:\DBOG\DBOGLOBAL_DEV\DBOSHARED\NTLGAMETABLE\RELEASE4TOOLS\QUESTREWARDSELECTTABLE.OBJ
E:\DBOG\DBOGLOBAL_DEV\DBOSHARED\NTLGAMETABLE\RELEASE4TOOLS\QUESTREWARDTABLE.OBJ
E:\DBOG\DBOGLOBAL_DEV\DBOSHARED\NTLGAMETABLE\RELEASE4TOOLS\QUESTTEXTDATATABLE.OBJ
E:\DBOG\DBOGLOBAL_DEV\DBOSHARED\NTLGAMETABLE\RELEASE4TOOLS\RANKBATTLETABLE.OBJ
E:\DBOG\DBOGLOBAL_DEV\DBOSHARED\NTLGAMETABLE\RELEASE4TOOLS\SCRIPTLINKTABLE.OBJ
E:\DBOG\DBOGLOBAL_DEV\DBOSHARED\NTLGAMETABLE\RELEASE4TOOLS\SERVERCONFIGTABLE.OBJ
E:\DBOG\DBOGLOBAL_DEV\DBOSHARED\NTLGAMETABLE\RELEASE4TOOLS\SETITEMTABLE.OBJ
E:\DBOG\DBOGLOBAL_DEV\DBOSHARED\NTLGAMETABLE\RELEASE4TOOLS\SKILLTABLE.OBJ
E:\DBOG\DBOGLOBAL_DEV\DBOSHARED\NTLGAMETABLE\RELEASE4TOOLS\SLOTMACHINETABLE.OBJ
E:\DBOG\DBOGLOBAL_DEV\DBOSHARED\NTLGAMETABLE\RELEASE4TOOLS\SPAWNTABLE.OBJ
E:\DBOG\DBOGLOBAL_DEV\DBOSHARED\NTLGAMETABLE\RELEASE4TOOLS\STATUSTRANSFORMTABLE.OBJ
E:\DBOG\DBOGLOBAL_DEV\DBOSHARED\NTLGAMETABLE\RELEASE4TOOLS\STDAFX.OBJ
E:\DBOG\DBOGLOBAL_DEV\DBOSHARED\NTLGAMETABLE\RELEASE4TOOLS\SYSTEMEFFECTTABLE.OBJ
E:\DBOG\DBOGLOBAL_DEV\DBOSHARED\NTLGAMETABLE\RELEASE4TOOLS\TABLE.OBJ
E:\DBOG\DBOGLOBAL_DEV\DBOSHARED\NTLGAMETABLE\RELEASE4TOOLS\TABLECONTAINER.OBJ
E:\DBOG\DBOGLOBAL_DEV\DBOSHARED\NTLGAMETABLE\RELEASE4TOOLS\TABLEFILENAMELIST.OBJ
E:\DBOG\DBOGLOBAL_DEV\DBOSHARED\NTLGAMETABLE\RELEASE4TOOLS\TEXTALLTABLE.OBJ
E:\DBOG\DBOGLOBAL_DEV\DBOSHARED\NTLGAMETABLE\RELEASE4TOOLS\TIMEQUESTTABLE.OBJ
E:\DBOG\DBOGLOBAL_DEV\DBOSHARED\NTLGAMETABLE\RELEASE4TOOLS\USEITEMTABLE.OBJ
E:\DBOG\DBOGLOBAL_DEV\DBOSHARED\NTLGAMETABLE\RELEASE4TOOLS\VC80.PDB
E:\DBOG\DBOGLOBAL_DEV\DBOSHARED\NTLGAMETABLE\RELEASE4TOOLS\VEHICLETABLE.OBJ
E:\DBOG\DBOGLOBAL_DEV\DBOSHARED\NTLGAMETABLE\RELEASE4TOOLS\WORLDMAPTABLE.OBJ
E:\DBOG\DBOGLOBAL_DEV\DBOSHARED\NTLGAMETABLE\RELEASE4TOOLS\WORLDPATHTABLE.OBJ
E:\DBOG\DBOGLOBAL_DEV\DBOSHARED\NTLGAMETABLE\RELEASE4TOOLS\WORLDPLAYTABLE.OBJ
E:\DBOG\DBOGLOBAL_DEV\DBOSHARED\NTLGAMETABLE\RELEASE4TOOLS\WORLDTABLE.OBJ
E:\DBOG\DBOGLOBAL_DEV\DBOSHARED\NTLGAMETABLE\RELEASE4TOOLS\WORLDZONETABLE.OBJ
