E:\DBOG\DBOGLOBAL_DEV\DboClient\Lib\NtlSound\Release4Tools\CL.10336.read.1.tlog
E:\DBOG\DBOGLOBAL_DEV\DboClient\Lib\NtlSound\Release4Tools\CL.10336.write.1.tlog
E:\DBOG\DBOGLOBAL_DEV\DboClient\Lib\NtlSound\Release4Tools\CL.11256.read.1.tlog
E:\DBOG\DBOGLOBAL_DEV\DboClient\Lib\NtlSound\Release4Tools\CL.11256.write.1.tlog
E:\DBOG\DBOGLOBAL_DEV\DboClient\Lib\NtlSound\Release4Tools\CL.1384.read.1.tlog
E:\DBOG\DBOGLOBAL_DEV\DboClient\Lib\NtlSound\Release4Tools\CL.1384.write.1.tlog
E:\DBOG\DBOGLOBAL_DEV\DboClient\Lib\NtlSound\Release4Tools\CL.14088.read.1.tlog
E:\DBOG\DBOGLOBAL_DEV\DboClient\Lib\NtlSound\Release4Tools\CL.14088.write.1.tlog
E:\DBOG\DBOGLOBAL_DEV\DboClient\Lib\NtlSound\Release4Tools\CL.14536.read.1.tlog
E:\DBOG\DBOGLOBAL_DEV\DboClient\Lib\NtlSound\Release4Tools\CL.14536.write.1.tlog
E:\DBOG\DBOGLOBAL_DEV\DboClient\Lib\NtlSound\Release4Tools\CL.18848.read.1.tlog
E:\DBOG\DBOGLOBAL_DEV\DboClient\Lib\NtlSound\Release4Tools\CL.18848.write.1.tlog
E:\DBOG\DBOGLOBAL_DEV\DboClient\Lib\NtlSound\Release4Tools\CL.19856.read.1.tlog
E:\DBOG\DBOGLOBAL_DEV\DboClient\Lib\NtlSound\Release4Tools\CL.19856.write.1.tlog
E:\DBOG\DBOGLOBAL_DEV\DboClient\Lib\NtlSound\Release4Tools\CL.20100.read.1.tlog
E:\DBOG\DBOGLOBAL_DEV\DboClient\Lib\NtlSound\Release4Tools\CL.20100.write.1.tlog
E:\DBOG\DBOGLOBAL_DEV\DboClient\Lib\NtlSound\Release4Tools\CL.20232.read.1.tlog
E:\DBOG\DBOGLOBAL_DEV\DboClient\Lib\NtlSound\Release4Tools\CL.20232.write.1.tlog
E:\DBOG\DBOGLOBAL_DEV\DboClient\Lib\NtlSound\Release4Tools\CL.20876.read.1.tlog
E:\DBOG\DBOGLOBAL_DEV\DboClient\Lib\NtlSound\Release4Tools\CL.20876.write.1.tlog
E:\DBOG\DBOGLOBAL_DEV\DboClient\Lib\NtlSound\Release4Tools\CL.21300.read.1.tlog
E:\DBOG\DBOGLOBAL_DEV\DboClient\Lib\NtlSound\Release4Tools\CL.21300.write.1.tlog
E:\DBOG\DBOGLOBAL_DEV\DboClient\Lib\NtlSound\Release4Tools\CL.21496.read.1.tlog
E:\DBOG\DBOGLOBAL_DEV\DboClient\Lib\NtlSound\Release4Tools\CL.21496.write.1.tlog
E:\DBOG\DBOGLOBAL_DEV\DboClient\Lib\NtlSound\Release4Tools\CL.6324.read.1.tlog
E:\DBOG\DBOGLOBAL_DEV\DboClient\Lib\NtlSound\Release4Tools\CL.6324.write.1.tlog
E:\DBOG\DBOGLOBAL_DEV\DboClient\Lib\NtlSound\Release4Tools\CL.6692.read.1.tlog
E:\DBOG\DBOGLOBAL_DEV\DboClient\Lib\NtlSound\Release4Tools\CL.6692.write.1.tlog
E:\DBOG\DBOGLOBAL_DEV\DboClient\Lib\NtlSound\Release4Tools\CL.7556.read.1.tlog
E:\DBOG\DBOGLOBAL_DEV\DboClient\Lib\NtlSound\Release4Tools\CL.7556.write.1.tlog
E:\DBOG\DBOGLOBAL_DEV\DboClient\Lib\NtlSound\Release4Tools\CL.9108.read.1.tlog
E:\DBOG\DBOGLOBAL_DEV\DboClient\Lib\NtlSound\Release4Tools\CL.9108.write.1.tlog
E:\DBOG\DBOGLOBAL_DEV\DboClient\Lib\NtlSound\Release4Tools\cl.command.1.tlog
E:\DBOG\DBOGLOBAL_DEV\DboClient\Lib\NtlSound\Release4Tools\CL.read.1.tlog
E:\DBOG\DBOGLOBAL_DEV\DboClient\Lib\NtlSound\Release4Tools\CL.write.1.tlog
E:\DBOG\DBOGLOBAL_DEV\DboClient\Lib\NtlSound\Release4Tools\lib.command.1.tlog
E:\DBOG\DBOGLOBAL_DEV\DboClient\Lib\NtlSound\Release4Tools\Lib-link.read.1.tlog
E:\DBOG\DBOGLOBAL_DEV\DboClient\Lib\NtlSound\Release4Tools\Lib-link.write.1.tlog
E:\DBOG\DBOGLOBAL_DEV\DBOCLIENT\LIB\NTLSOUND\RELEASE4TOOLS\NTLBGMGROUP.OBJ
E:\DBOG\DBOGLOBAL_DEV\DBOCLIENT\LIB\NTLSOUND\RELEASE4TOOLS\NTLBGMPLAYLIST.OBJ
E:\DBOG\DBOGLOBAL_DEV\DBOCLIENT\LIB\NTLSOUND\RELEASE4TOOLS\NTLCHANNELGROUP.OBJ
E:\DBOG\DBOGLOBAL_DEV\DBOCLIENT\LIB\NTLSOUND\RELEASE4TOOLS\NTLFADEINOUT.OBJ
E:\DBOG\DBOGLOBAL_DEV\DBOCLIENT\LIB\NTLSOUND\RELEASE4TOOLS\NTLFMODSOUNDPOOL.OBJ
E:\DBOG\DBOGLOBAL_DEV\DBOCLIENT\LIB\NTLSOUND\RELEASE4TOOLS\NTLJINGLEGROUP.OBJ
E:\DBOG\DBOGLOBAL_DEV\DBOCLIENT\LIB\NTLSOUND\RELEASE4TOOLS\NTLMUSICGROUP.OBJ
E:\DBOG\DBOGLOBAL_DEV\DBOCLIENT\LIB\NTLSOUND\RELEASE4TOOLS\NTLOBJECTGROUP.OBJ
E:\DBOG\DBOGLOBAL_DEV\DBOCLIENT\LIB\NTLSOUND\RELEASE4TOOLS\NTLSOUND.OBJ
E:\DBOG\DBOGLOBAL_DEV\DBOCLIENT\LIB\NTLSOUND\RELEASE4TOOLS\NTLSOUND.PCH
E:\DBOG\DBOGLOBAL_DEV\DBOCLIENT\LIB\NTLSOUND\RELEASE4TOOLS\NTLSOUNDDSP.OBJ
E:\DBOG\DBOGLOBAL_DEV\DBOCLIENT\LIB\NTLSOUND\RELEASE4TOOLS\NTLSOUNDEVENT.OBJ
E:\DBOG\DBOGLOBAL_DEV\DBOCLIENT\LIB\NTLSOUND\RELEASE4TOOLS\NTLSOUNDEVENTGENERATOR.OBJ
E:\DBOG\DBOGLOBAL_DEV\DBOCLIENT\LIB\NTLSOUND\RELEASE4TOOLS\NTLSOUNDEVENTHANDLER.OBJ
E:\DBOG\DBOGLOBAL_DEV\DBOCLIENT\LIB\NTLSOUND\RELEASE4TOOLS\NTLSOUNDGLOBAL.OBJ
E:\DBOG\DBOGLOBAL_DEV\DBOCLIENT\LIB\NTLSOUND\RELEASE4TOOLS\NTLSOUNDLOGIC.OBJ
E:\DBOG\DBOGLOBAL_DEV\DBOCLIENT\LIB\NTLSOUND\RELEASE4TOOLS\NTLSOUNDMANAGER.OBJ
E:\DBOG\DBOGLOBAL_DEV\DBOCLIENT\LIB\NTLSOUND\RELEASE4TOOLS\NTLSOUNDSUBSYSTEM.OBJ
E:\DBOG\DBOGLOBAL_DEV\DBOCLIENT\LIB\NTLSOUND\RELEASE4TOOLS\NTLWEATHERGROUP.OBJ
E:\DBOG\DBOGLOBAL_DEV\DBOCLIENT\LIB\NTLSOUND\RELEASE4TOOLS\PRECOMP_NTLSOUND.OBJ
E:\DBOG\DBOGLOBAL_DEV\DBOCLIENT\LIB\NTLSOUND\RELEASE4TOOLS\VC80.PDB
E:\DBOG\DBOGLOBAL_DEV\DBOCLIENT\RELEASE4TOOLS\NTLSOUND.LIB
