e:\dbog\dboglobal_dev\dboclient\lib\ntlsimulation\release4client\ntlsimulation.pch
e:\dbog\dboglobal_dev\dboclient\lib\ntlsimulation\release4client\ntlsimulation.pdb
e:\dbog\dboglobal_dev\dboclient\lib\ntlsimulation\release4client\precomp_ntlsimulation.obj
e:\dbog\dboglobal_dev\dboclient\lib\ntlsimulation\release4client\dbotsctctrl.obj
e:\dbog\dboglobal_dev\dboclient\lib\ntlsimulation\release4client\dbotsentityfastfinder.obj
e:\dbog\dboglobal_dev\dboclient\lib\ntlsimulation\release4client\ntlbehaviorcharairmove.obj
e:\dbog\dboglobal_dev\dboclient\lib\ntlsimulation\release4client\ntldtnode.obj
e:\dbog\dboglobal_dev\dboclient\lib\ntlsimulation\release4client\ntlfsmutil.obj
e:\dbog\dboglobal_dev\dboclient\lib\ntlsimulation\release4client\ntlslapi.obj
e:\dbog\dboglobal_dev\dboclient\lib\ntlsimulation\release4client\ntlslluagluestuff.obj
e:\dbog\dboglobal_dev\dboclient\lib\ntlsimulation\release4client\ntlsob.obj
e:\dbog\dboglobal_dev\dboclient\lib\ntlsimulation\release4client\ntlsobbufficon.obj
e:\dbog\dboglobal_dev\dboclient\lib\ntlsimulation\release4client\ntlsobhtbskill.obj
e:\dbog\dboglobal_dev\dboclient\lib\ntlsimulation\release4client\ntlsobnpcattr.obj
e:\dbog\dboglobal_dev\dboclient\lib\ntlsimulation\release4client\ntlsobstatusanimsyncmanager.obj
e:\dbog\dboglobal_dev\dboclient\lib\ntlsimulation\release4client\ntlstoragegroupscouter.obj
e:\dbog\dboglobal_dev\dboclient\lib\ntlsimulation\release4client\ntltriggerdirectsync.obj
e:\dbog\dboglobal_dev\dboclient\lib\ntlsimulation\release4client\dbotscqagency.obj
e:\dbog\dboglobal_dev\dboclient\lib\ntlsimulation\release4client\ntlclock.obj
e:\dbog\dboglobal_dev\dboclient\lib\ntlsimulation\release4client\ntldtcinematicmanager.obj
e:\dbog\dboglobal_dev\dboclient\lib\ntlsimulation\release4client\ntlotherparam.obj
e:\dbog\dboglobal_dev\dboclient\lib\ntlsimulation\release4client\ntlslluaglue.obj
e:\dbog\dboglobal_dev\dboclient\lib\ntlsimulation\release4client\ntlsobactorctrldata.obj
e:\dbog\dboglobal_dev\dboclient\lib\ntlsimulation\release4client\ntlsobcharproxy.obj
e:\dbog\dboglobal_dev\dboclient\lib\ntlsimulation\release4client\ntlsobprojectileattr.obj
e:\dbog\dboglobal_dev\dboclient\lib\ntlsimulation\release4client\ntlsobproxy.obj
e:\dbog\dboglobal_dev\dboclient\lib\ntlsimulation\release4client\ntlsobtriggerobjectattr.obj
e:\dbog\dboglobal_dev\dboclient\lib\ntlsimulation\release4client\ntlstoragetextserializer.obj
e:\dbog\dboglobal_dev\dboclient\lib\ntlsimulation\release4client\ntlvehiclehelper.obj
e:\dbog\dboglobal_dev\dboclient\lib\ntlsimulation\release4client\resultcodestring.obj
e:\dbog\dboglobal_dev\dboclient\lib\ntlsimulation\release4client\dbotlentity.obj
e:\dbog\dboglobal_dev\dboclient\lib\ntlsimulation\release4client\ntlbehaviorcharadjustmove.obj
e:\dbog\dboglobal_dev\dboclient\lib\ntlsimulation\release4client\ntlcameramanager.obj
e:\dbog\dboglobal_dev\dboclient\lib\ntlsimulation\release4client\ntlfsmvehicleactstatebase.obj
e:\dbog\dboglobal_dev\dboclient\lib\ntlsimulation\release4client\ntlslccbd.obj
e:\dbog\dboglobal_dev\dboclient\lib\ntlsimulation\release4client\ntlslpacketgenerator.obj
e:\dbog\dboglobal_dev\dboclient\lib\ntlsimulation\release4client\ntlsobattrfactory.obj
e:\dbog\dboglobal_dev\dboclient\lib\ntlsimulation\release4client\ntlsobcharproxyequip.obj
e:\dbog\dboglobal_dev\dboclient\lib\ntlsimulation\release4client\ntlsobpetattr.obj
e:\dbog\dboglobal_dev\dboclient\lib\ntlsimulation\release4client\ntlsobsyncstatus.obj
e:\dbog\dboglobal_dev\dboclient\lib\ntlsimulation\release4client\ntlstoragemtcontainer.obj
e:\dbog\dboglobal_dev\dboclient\lib\ntlsimulation\release4client\ntlworldconceptccbd.obj
e:\dbog\dboglobal_dev\dboclient\lib\ntlsimulation\release4client\ntlworldconceptcontroller.obj
e:\dbog\dboglobal_dev\dboclient\lib\ntlsimulation\release4client\dbomovingalgorithm.obj
e:\dbog\dboglobal_dev\dboclient\lib\ntlsimulation\release4client\dbotsctrecv.obj
e:\dbog\dboglobal_dev\dboclient\lib\ntlsimulation\release4client\ntlbehaviorcharjump.obj
e:\dbog\dboglobal_dev\dboclient\lib\ntlsimulation\release4client\ntlfsmbase.obj
e:\dbog\dboglobal_dev\dboclient\lib\ntlsimulation\release4client\ntlfsmeventqueue.obj
e:\dbog\dboglobal_dev\dboclient\lib\ntlsimulation\release4client\ntlfsmeventqueuinghelper.obj
e:\dbog\dboglobal_dev\dboclient\lib\ntlsimulation\release4client\ntlfsmvehiclecontroller.obj
e:\dbog\dboglobal_dev\dboclient\lib\ntlsimulation\release4client\ntlslcommunitygroup.obj
e:\dbog\dboglobal_dev\dboclient\lib\ntlsimulation\release4client\ntlsleventfunc.obj
e:\dbog\dboglobal_dev\dboclient\lib\ntlsimulation\release4client\ntlslvisuallogic.obj
e:\dbog\dboglobal_dev\dboclient\lib\ntlsimulation\release4client\ntlsobbuff.obj
e:\dbog\dboglobal_dev\dboclient\lib\ntlsimulation\release4client\ntlsobfeelingactor.obj
e:\dbog\dboglobal_dev\dboclient\lib\ntlsimulation\release4client\ntlsobnpc.obj
e:\dbog\dboglobal_dev\dboclient\lib\ntlsimulation\release4client\ntlsobvehicleattr.obj
e:\dbog\dboglobal_dev\dboclient\lib\ntlsimulation\release4client\ntlworldconceptdirect.obj
e:\dbog\dboglobal_dev\dboclient\lib\ntlsimulation\release4client\dbotscmain.obj
e:\dbog\dboglobal_dev\dboclient\lib\ntlsimulation\release4client\inputhandler.obj
e:\dbog\dboglobal_dev\dboclient\lib\ntlsimulation\release4client\ntlbehaviorbase.obj
e:\dbog\dboglobal_dev\dboclient\lib\ntlsimulation\release4client\ntlbehaviorvehicledirhelper.obj
e:\dbog\dboglobal_dev\dboclient\lib\ntlsimulation\release4client\ntlfsmcharacteventproc.obj
e:\dbog\dboglobal_dev\dboclient\lib\ntlsimulation\release4client\ntlguildwarehouse.obj
e:\dbog\dboglobal_dev\dboclient\lib\ntlsimulation\release4client\ntlslglobal.obj
e:\dbog\dboglobal_dev\dboclient\lib\ntlsimulation\release4client\ntlsobactionskill.obj
e:\dbog\dboglobal_dev\dboclient\lib\ntlsimulation\release4client\ntlsobbuffattr.obj
e:\dbog\dboglobal_dev\dboclient\lib\ntlsimulation\release4client\ntlsobhtbskillattr.obj
e:\dbog\dboglobal_dev\dboclient\lib\ntlsimulation\release4client\ntlsobplayerattr.obj
e:\dbog\dboglobal_dev\dboclient\lib\ntlsimulation\release4client\ntlsobtriggerobjectproxy.obj
e:\dbog\dboglobal_dev\dboclient\lib\ntlsimulation\release4client\ntlworldconceptnpccommu.obj
e:\dbog\dboglobal_dev\dboclient\lib\ntlsimulation\release4client\dbotsctagency.obj
e:\dbog\dboglobal_dev\dboclient\lib\ntlsimulation\release4client\ntlbehaviorvehicle.obj
e:\dbog\dboglobal_dev\dboclient\lib\ntlsimulation\release4client\ntlfsmcharactlayer.obj
e:\dbog\dboglobal_dev\dboclient\lib\ntlsimulation\release4client\ntlfsmvehicleactlayer.obj
e:\dbog\dboglobal_dev\dboclient\lib\ntlsimulation\release4client\ntlslblacklist.obj
e:\dbog\dboglobal_dev\dboclient\lib\ntlsimulation\release4client\ntlsllogic.obj
e:\dbog\dboglobal_dev\dboclient\lib\ntlsimulation\release4client\ntlsobdynamicobjectattr.obj
e:\dbog\dboglobal_dev\dboclient\lib\ntlsimulation\release4client\ntlsobinfluence.obj
e:\dbog\dboglobal_dev\dboclient\lib\ntlsimulation\release4client\ntlsobitem.obj
e:\dbog\dboglobal_dev\dboclient\lib\ntlsimulation\release4client\ntlsobskill.obj
e:\dbog\dboglobal_dev\dboclient\lib\ntlsimulation\release4client\ntlstoragebinaryserializer.obj
e:\dbog\dboglobal_dev\dboclient\lib\ntlsimulation\release4client\ntlstoragedefine.obj
e:\dbog\dboglobal_dev\dboclient\lib\ntlsimulation\release4client\ntlstoragegroup.obj
e:\dbog\dboglobal_dev\dboclient\lib\ntlsimulation\release4client\ntlstoragegroupgameinfo.obj
e:\dbog\dboglobal_dev\dboclient\lib\ntlsimulation\release4client\ntlstoragegroupsystem.obj
e:\dbog\dboglobal_dev\dboclient\lib\ntlsimulation\release4client\ntlthemebgm.obj
e:\dbog\dboglobal_dev\dboclient\lib\ntlsimulation\release4client\dbotlconditioncheck.obj
e:\dbog\dboglobal_dev\dboclient\lib\ntlsimulation\release4client\ntlbehaviorchar.obj
e:\dbog\dboglobal_dev\dboclient\lib\ntlsimulation\release4client\ntlfsmcharcontrollerutil.obj
e:\dbog\dboglobal_dev\dboclient\lib\ntlsimulation\release4client\ntlskillcontainer.obj
e:\dbog\dboglobal_dev\dboclient\lib\ntlsimulation\release4client\ntlsllogicapply.obj
e:\dbog\dboglobal_dev\dboclient\lib\ntlsimulation\release4client\ntlsobactor.obj
e:\dbog\dboglobal_dev\dboclient\lib\ntlsimulation\release4client\ntlsobfactory.obj
e:\dbog\dboglobal_dev\dboclient\lib\ntlsimulation\release4client\ntlsobpet.obj
e:\dbog\dboglobal_dev\dboclient\lib\ntlsimulation\release4client\ntlsobskillicon.obj
e:\dbog\dboglobal_dev\dboclient\lib\ntlsimulation\release4client\ntlworldconceptduel.obj
e:\dbog\dboglobal_dev\dboclient\lib\ntlsimulation\release4client\ntlworldconceptfreepvpzone.obj
e:\dbog\dboglobal_dev\dboclient\lib\ntlsimulation\release4client\dbotscqrecv.obj
e:\dbog\dboglobal_dev\dboclient\lib\ntlsimulation\release4client\ntlbehaviordata.obj
e:\dbog\dboglobal_dev\dboclient\lib\ntlsimulation\release4client\ntldtprop.obj
e:\dbog\dboglobal_dev\dboclient\lib\ntlsimulation\release4client\ntlfsmcharcontroller.obj
e:\dbog\dboglobal_dev\dboclient\lib\ntlsimulation\release4client\ntlrangebgm.obj
e:\dbog\dboglobal_dev\dboclient\lib\ntlsimulation\release4client\ntlslhelpers.obj
e:\dbog\dboglobal_dev\dboclient\lib\ntlsimulation\release4client\ntlsltbcrowdcontroller.obj
e:\dbog\dboglobal_dev\dboclient\lib\ntlsimulation\release4client\ntlsltbcrowdmanager.obj
e:\dbog\dboglobal_dev\dboclient\lib\ntlsimulation\release4client\ntlsobdynamicobject.obj
e:\dbog\dboglobal_dev\dboclient\lib\ntlsimulation\release4client\ntlsobitemicon.obj
e:\dbog\dboglobal_dev\dboclient\lib\ntlsimulation\release4client\ntlsobtriggerobject.obj
e:\dbog\dboglobal_dev\dboclient\lib\ntlsimulation\release4client\ntlwarehouse.obj
e:\dbog\dboglobal_dev\dboclient\lib\ntlsimulation\release4client\dbotscqctrl.obj
e:\dbog\dboglobal_dev\dboclient\lib\ntlsimulation\release4client\ntlbuffcontainer.obj
e:\dbog\dboglobal_dev\dboclient\lib\ntlsimulation\release4client\ntlfsmlayer.obj
e:\dbog\dboglobal_dev\dboclient\lib\ntlsimulation\release4client\ntlfsmvehicleact.obj
e:\dbog\dboglobal_dev\dboclient\lib\ntlsimulation\release4client\ntlnetsender.obj
e:\dbog\dboglobal_dev\dboclient\lib\ntlsimulation\release4client\ntlslevent.obj
e:\dbog\dboglobal_dev\dboclient\lib\ntlsimulation\release4client\ntlslmailsystem.obj
e:\dbog\dboglobal_dev\dboclient\lib\ntlsimulation\release4client\ntlsobattr.obj
e:\dbog\dboglobal_dev\dboclient\lib\ntlsimulation\release4client\ntlsobavatar.obj
e:\dbog\dboglobal_dev\dboclient\lib\ntlsimulation\release4client\ntlsobitemattr.obj
e:\dbog\dboglobal_dev\dboclient\lib\ntlsimulation\release4client\ntlsobquestitemicon.obj
e:\dbog\dboglobal_dev\dboclient\lib\ntlsimulation\release4client\ntlstoragegroupcharacter.obj
e:\dbog\dboglobal_dev\dboclient\lib\ntlsimulation\release4client\ntlstoragemanager.obj
e:\dbog\dboglobal_dev\dboclient\lib\ntlsimulation\release4client\ntlworldconcept.obj
e:\dbog\dboglobal_dev\dboclient\lib\ntlsimulation\release4client\dbotlsystem.obj
e:\dbog\dboglobal_dev\dboclient\lib\ntlsimulation\release4client\dbotsfactory.obj
e:\dbog\dboglobal_dev\dboclient\lib\ntlsimulation\release4client\ntlbehaviorcharswimmingmove.obj
e:\dbog\dboglobal_dev\dboclient\lib\ntlsimulation\release4client\ntlfsmcharactstatebase.obj
e:\dbog\dboglobal_dev\dboclient\lib\ntlsimulation\release4client\ntlsharetargetmark.obj
e:\dbog\dboglobal_dev\dboclient\lib\ntlsimulation\release4client\ntlslguild.obj
e:\dbog\dboglobal_dev\dboclient\lib\ntlsimulation\release4client\ntlsobactionskillattr.obj
e:\dbog\dboglobal_dev\dboclient\lib\ntlsimulation\release4client\ntlsobcharproxytransform.obj
e:\dbog\dboglobal_dev\dboclient\lib\ntlsimulation\release4client\ntlsobmonsterattr.obj
e:\dbog\dboglobal_dev\dboclient\lib\ntlsimulation\release4client\ntlsobskillattr.obj
e:\dbog\dboglobal_dev\dboclient\lib\ntlsimulation\release4client\ntlstoragegroupaccount.obj
e:\dbog\dboglobal_dev\dboclient\lib\ntlsimulation\release4client\ntlstoragegroupquest.obj
e:\dbog\dboglobal_dev\dboclient\lib\ntlsimulation\release4client\ntlstorageserializer.obj
e:\dbog\dboglobal_dev\dboclient\lib\ntlsimulation\release4client\ntlstorageunit.obj
e:\dbog\dboglobal_dev\dboclient\lib\ntlsimulation\release4client\ntlworldconceptdbc.obj
e:\dbog\dboglobal_dev\dboclient\lib\ntlsimulation\release4client\dbotlconditioncheckstate.obj
e:\dbog\dboglobal_dev\dboclient\lib\ntlsimulation\release4client\dbotsfactorytype.obj
e:\dbog\dboglobal_dev\dboclient\lib\ntlsimulation\release4client\ntlbehaviorproj.obj
e:\dbog\dboglobal_dev\dboclient\lib\ntlsimulation\release4client\ntlfsmcharact.obj
e:\dbog\dboglobal_dev\dboclient\lib\ntlsimulation\release4client\ntlfsmlookatmanager.obj
e:\dbog\dboglobal_dev\dboclient\lib\ntlsimulation\release4client\ntlfsmstatebase.obj
e:\dbog\dboglobal_dev\dboclient\lib\ntlsimulation\release4client\ntlfsmvehicleactstate.obj
e:\dbog\dboglobal_dev\dboclient\lib\ntlsimulation\release4client\ntlsldojo.obj
e:\dbog\dboglobal_dev\dboclient\lib\ntlsimulation\release4client\ntlslrankbattle.obj
e:\dbog\dboglobal_dev\dboclient\lib\ntlsimulation\release4client\ntlsobcharproxydecoration.obj
e:\dbog\dboglobal_dev\dboclient\lib\ntlsimulation\release4client\ntlsobplayer.obj
e:\dbog\dboglobal_dev\dboclient\lib\ntlsimulation\release4client\ntlsobworlditemattr.obj
e:\dbog\dboglobal_dev\dboclient\lib\ntlsimulation\release4client\ntlworldconceptpartydungeon.obj
e:\dbog\dboglobal_dev\dboclient\lib\ntlsimulation\release4client\ntlworldconceptprivateshop.obj
e:\dbog\dboglobal_dev\dboclient\lib\ntlsimulation\release4client\ntlworldconceptscramble.obj
e:\dbog\dboglobal_dev\dboclient\lib\ntlsimulation\release4client\actionmap.obj
e:\dbog\dboglobal_dev\dboclient\lib\ntlsimulation\release4client\ntlbehaviorcharidlepattern.obj
e:\dbog\dboglobal_dev\dboclient\lib\ntlsimulation\release4client\ntlbehaviorvehiclemove.obj
e:\dbog\dboglobal_dev\dboclient\lib\ntlsimulation\release4client\ntlfsmcharactstate.obj
e:\dbog\dboglobal_dev\dboclient\lib\ntlsimulation\release4client\ntlslcommunityagent.obj
e:\dbog\dboglobal_dev\dboclient\lib\ntlsimulation\release4client\ntlslparty.obj
e:\dbog\dboglobal_dev\dboclient\lib\ntlsimulation\release4client\ntlsobavatarattr.obj
e:\dbog\dboglobal_dev\dboclient\lib\ntlsimulation\release4client\ntlsobgroup.obj
e:\dbog\dboglobal_dev\dboclient\lib\ntlsimulation\release4client\ntlsobhtbskillicon.obj
e:\dbog\dboglobal_dev\dboclient\lib\ntlsimulation\release4client\ntlsobproxysystemeffect.obj
e:\dbog\dboglobal_dev\dboclient\lib\ntlsimulation\release4client\ntlsobquestitemattr.obj
e:\dbog\dboglobal_dev\dboclient\lib\ntlsimulation\release4client\ntlsobworlditem.obj
e:\dbog\dboglobal_dev\dboclient\lib\ntlsimulation\release4client\ntlworldconceptpvp.obj
e:\dbog\dboglobal_dev\dboclient\lib\ntlsimulation\release4client\dbotlloader.obj
e:\dbog\dboglobal_dev\dboclient\lib\ntlsimulation\release4client\dbotsdefine.obj
e:\dbog\dboglobal_dev\dboclient\lib\ntlsimulation\release4client\inputactionmap.obj
e:\dbog\dboglobal_dev\dboclient\lib\ntlsimulation\release4client\ntldtcinematicnode.obj
e:\dbog\dboglobal_dev\dboclient\lib\ntlsimulation\release4client\ntlfsmvehicleactagent.obj
e:\dbog\dboglobal_dev\dboclient\lib\ntlsimulation\release4client\ntlslcenode.obj
e:\dbog\dboglobal_dev\dboclient\lib\ntlsimulation\release4client\ntlsltmq.obj
e:\dbog\dboglobal_dev\dboclient\lib\ntlsimulation\release4client\ntlsobdynamicobjectproxy.obj
e:\dbog\dboglobal_dev\dboclient\lib\ntlsimulation\release4client\ntlsobmonster.obj
e:\dbog\dboglobal_dev\dboclient\lib\ntlsimulation\release4client\ntlsobvehicle.obj
e:\dbog\dboglobal_dev\dboclient\lib\ntlsimulation\release4client\ntlworldconceptrb.obj
e:\dbog\dboglobal_dev\dboclient\lib\ntlsimulation\release4client\dbotscobjagency.obj
e:\dbog\dboglobal_dev\dboclient\lib\ntlsimulation\release4client\ntlbehaviorchargroundmove.obj
e:\dbog\dboglobal_dev\dboclient\lib\ntlsimulation\release4client\ntlfsmagent.obj
e:\dbog\dboglobal_dev\dboclient\lib\ntlsimulation\release4client\ntlfsmcharactagent.obj
e:\dbog\dboglobal_dev\dboclient\lib\ntlsimulation\release4client\ntlpacketgenerator.obj
e:\dbog\dboglobal_dev\dboclient\lib\ntlsimulation\release4client\ntlpacketlockmanager.obj
e:\dbog\dboglobal_dev\dboclient\lib\ntlsimulation\release4client\ntlslfriendlist.obj
e:\dbog\dboglobal_dev\dboclient\lib\ntlsimulation\release4client\ntlsltbudokai.obj
e:\dbog\dboglobal_dev\dboclient\lib\ntlsimulation\release4client\ntlsobelapsedcontroller.obj
e:\dbog\dboglobal_dev\dboclient\lib\ntlsimulation\release4client\ntlsobeventobject.obj
e:\dbog\dboglobal_dev\dboclient\lib\ntlsimulation\release4client\ntlsobmanager.obj
e:\dbog\dboglobal_dev\dboclient\lib\ntlsimulation\release4client\ntlsobworlditemproxy.obj
e:\dbog\dboglobal_dev\dboclient\lib\ntlsimulation\release4client\ntlworldconcepttlq.obj
e:\dbog\dboglobal_dev\dboclient\lib\ntlsimulation\release4client\ntlworldconcepttmq.obj
e:\dbog\dboglobal_dev\dboclient\lib\ntlsimulation\release4client\dbodirectorindicate.obj
e:\dbog\dboglobal_dev\dboclient\lib\ntlsimulation\release4client\ntlbehaviorcharmove.obj
e:\dbog\dboglobal_dev\dboclient\lib\ntlsimulation\release4client\ntlfsmcharcontrollerai.obj
e:\dbog\dboglobal_dev\dboclient\lib\ntlsimulation\release4client\ntlpackethandler.obj
e:\dbog\dboglobal_dev\dboclient\lib\ntlsimulation\release4client\ntlsleventhandler.obj
e:\dbog\dboglobal_dev\dboclient\lib\ntlsimulation\release4client\ntlslprivateshop.obj
e:\dbog\dboglobal_dev\dboclient\lib\ntlsimulation\release4client\ntlsobcharperfcontroller.obj
e:\dbog\dboglobal_dev\dboclient\lib\ntlsimulation\release4client\ntlsobicon.obj
e:\dbog\dboglobal_dev\dboclient\lib\ntlsimulation\release4client\ntlsobquestitem.obj
e:\dbog\dboglobal_dev\dboclient\lib\ntlsimulation\release4client\ntlsoundmoodmanager.obj
e:\dbog\dboglobal_dev\dboclient\lib\ntlsimulation\release4client\ntlworldconcepttrade.obj
e:\dbog\dboglobal_dev\dboclient\lib\ntlsimulation\release4client\ntlworldconcepttutorial.obj
e:\dbog\dboglobal_dev\dboclient\lib\ntlsimulation\release4client\dbotlcontroller.obj
e:\dbog\dboglobal_dev\dboclient\lib\ntlsimulation\release4client\dbounifiedquestnarration.obj
e:\dbog\dboglobal_dev\dboclient\lib\ntlsimulation\release4client\ntlcameracontroller.obj
e:\dbog\dboglobal_dev\dboclient\lib\ntlsimulation\release4client\ntlinventory.obj
e:\dbog\dboglobal_dev\dboclient\lib\ntlsimulation\release4client\ntlslhoipoimix.obj
e:\dbog\dboglobal_dev\dboclient\lib\ntlsimulation\release4client\ntlsobactionskillicon.obj
e:\dbog\dboglobal_dev\dboclient\lib\ntlsimulation\release4client\ntlsobeventobjectproxy.obj
e:\dbog\dboglobal_dev\dboclient\lib\ntlsimulation\release4client\ntlsobprojectile.obj
e:\dbog\dboglobal_dev\dboclient\lib\ntlsimulation\release4client\ntlsobvehicleproxy.obj
e:\dbog\dboglobal_dev\dboclient\lib\ntlsimulation\release4client\ntlworldconcepttb.obj
e:\dbog\dboglobal_dev\dboclient\release4client\ntlsimulation.lib
e:\dbog\dboglobal_dev\dboclient\lib\ntlsimulation\release4client\ntlsimulation.vcxprojassemblyreference.cache
e:\dbog\dboglobal_dev\dboclient\lib\ntlsimulation\release4client\ntlsimulation.tlog\cl.read.1.tlog
e:\dbog\dboglobal_dev\dboclient\lib\ntlsimulation\release4client\ntlsimulation.tlog\cl.write.1.tlog
e:\dbog\dboglobal_dev\dboclient\lib\ntlsimulation\release4client\ntlsimulation.tlog\cl.command.1.tlog
e:\dbog\dboglobal_dev\dboclient\lib\ntlsimulation\release4client\ntlsimulation.tlog\lib-link.read.1.tlog
e:\dbog\dboglobal_dev\dboclient\lib\ntlsimulation\release4client\ntlsimulation.tlog\lib-link.write.1.tlog
e:\dbog\dboglobal_dev\dboclient\lib\ntlsimulation\release4client\ntlsimulation.tlog\lib.command.1.tlog
