E:\DBOG\DBOGLOBAL_DEV\DboClient\Release4Tools\/Lua.lib
E:\DBOG\DBOGLOBAL_DEV\DBOCLIENT\RELEASE4TOOLS\LUA.LIB
E:\DBOG\DBOGLOBAL_DEV\NtlLib\Shared\Lua\Release4Tools\CL.10884.read.1.tlog
E:\DBOG\DBOGLOBAL_DEV\NtlLib\Shared\Lua\Release4Tools\CL.10884.write.1.tlog
E:\DBOG\DBOGLOBAL_DEV\NtlLib\Shared\Lua\Release4Tools\CL.11492.read.1.tlog
E:\DBOG\DBOGLOBAL_DEV\NtlLib\Shared\Lua\Release4Tools\CL.11492.write.1.tlog
E:\DBOG\DBOGLOBAL_DEV\NtlLib\Shared\Lua\Release4Tools\CL.11676.read.1.tlog
E:\DBOG\DBOGLOBAL_DEV\NtlLib\Shared\Lua\Release4Tools\CL.11676.write.1.tlog
E:\DBOG\DBOGLOBAL_DEV\NtlLib\Shared\Lua\Release4Tools\CL.12996.read.1.tlog
E:\DBOG\DBOGLOBAL_DEV\NtlLib\Shared\Lua\Release4Tools\CL.12996.write.1.tlog
E:\DBOG\DBOGLOBAL_DEV\NtlLib\Shared\Lua\Release4Tools\CL.13272.read.1.tlog
E:\DBOG\DBOGLOBAL_DEV\NtlLib\Shared\Lua\Release4Tools\CL.13272.write.1.tlog
E:\DBOG\DBOGLOBAL_DEV\NtlLib\Shared\Lua\Release4Tools\CL.17604.read.1.tlog
E:\DBOG\DBOGLOBAL_DEV\NtlLib\Shared\Lua\Release4Tools\CL.17604.write.1.tlog
E:\DBOG\DBOGLOBAL_DEV\NtlLib\Shared\Lua\Release4Tools\CL.17712.read.1.tlog
E:\DBOG\DBOGLOBAL_DEV\NtlLib\Shared\Lua\Release4Tools\CL.17712.write.1.tlog
E:\DBOG\DBOGLOBAL_DEV\NtlLib\Shared\Lua\Release4Tools\CL.17860.read.1.tlog
E:\DBOG\DBOGLOBAL_DEV\NtlLib\Shared\Lua\Release4Tools\CL.17860.write.1.tlog
E:\DBOG\DBOGLOBAL_DEV\NtlLib\Shared\Lua\Release4Tools\CL.18668.read.1.tlog
E:\DBOG\DBOGLOBAL_DEV\NtlLib\Shared\Lua\Release4Tools\CL.18668.write.1.tlog
E:\DBOG\DBOGLOBAL_DEV\NtlLib\Shared\Lua\Release4Tools\CL.20764.read.1.tlog
E:\DBOG\DBOGLOBAL_DEV\NtlLib\Shared\Lua\Release4Tools\CL.20764.write.1.tlog
E:\DBOG\DBOGLOBAL_DEV\NtlLib\Shared\Lua\Release4Tools\CL.20900.read.1.tlog
E:\DBOG\DBOGLOBAL_DEV\NtlLib\Shared\Lua\Release4Tools\CL.20900.write.1.tlog
E:\DBOG\DBOGLOBAL_DEV\NtlLib\Shared\Lua\Release4Tools\CL.2120.read.1.tlog
E:\DBOG\DBOGLOBAL_DEV\NtlLib\Shared\Lua\Release4Tools\CL.2120.write.1.tlog
E:\DBOG\DBOGLOBAL_DEV\NtlLib\Shared\Lua\Release4Tools\CL.2492.read.1.tlog
E:\DBOG\DBOGLOBAL_DEV\NtlLib\Shared\Lua\Release4Tools\CL.2492.write.1.tlog
E:\DBOG\DBOGLOBAL_DEV\NtlLib\Shared\Lua\Release4Tools\CL.4780.read.1.tlog
E:\DBOG\DBOGLOBAL_DEV\NtlLib\Shared\Lua\Release4Tools\CL.4780.write.1.tlog
E:\DBOG\DBOGLOBAL_DEV\NtlLib\Shared\Lua\Release4Tools\CL.6352.read.1.tlog
E:\DBOG\DBOGLOBAL_DEV\NtlLib\Shared\Lua\Release4Tools\CL.6352.write.1.tlog
E:\DBOG\DBOGLOBAL_DEV\NtlLib\Shared\Lua\Release4Tools\CL.7180.read.1.tlog
E:\DBOG\DBOGLOBAL_DEV\NtlLib\Shared\Lua\Release4Tools\CL.7180.write.1.tlog
E:\DBOG\DBOGLOBAL_DEV\NtlLib\Shared\Lua\Release4Tools\CL.724.read.1.tlog
E:\DBOG\DBOGLOBAL_DEV\NtlLib\Shared\Lua\Release4Tools\CL.724.write.1.tlog
E:\DBOG\DBOGLOBAL_DEV\NtlLib\Shared\Lua\Release4Tools\CL.9196.read.1.tlog
E:\DBOG\DBOGLOBAL_DEV\NtlLib\Shared\Lua\Release4Tools\CL.9196.write.1.tlog
E:\DBOG\DBOGLOBAL_DEV\NtlLib\Shared\Lua\Release4Tools\cl.command.1.tlog
E:\DBOG\DBOGLOBAL_DEV\NtlLib\Shared\Lua\Release4Tools\CL.read.1.tlog
E:\DBOG\DBOGLOBAL_DEV\NtlLib\Shared\Lua\Release4Tools\CL.write.1.tlog
E:\DBOG\DBOGLOBAL_DEV\NTLLIB\SHARED\LUA\RELEASE4TOOLS\LAPI.OBJ
E:\DBOG\DBOGLOBAL_DEV\NTLLIB\SHARED\LUA\RELEASE4TOOLS\LAUXLIB.OBJ
E:\DBOG\DBOGLOBAL_DEV\NTLLIB\SHARED\LUA\RELEASE4TOOLS\LBASELIB.OBJ
E:\DBOG\DBOGLOBAL_DEV\NTLLIB\SHARED\LUA\RELEASE4TOOLS\LBITLIB.OBJ
E:\DBOG\DBOGLOBAL_DEV\NTLLIB\SHARED\LUA\RELEASE4TOOLS\LCODE.OBJ
E:\DBOG\DBOGLOBAL_DEV\NTLLIB\SHARED\LUA\RELEASE4TOOLS\LCOROLIB.OBJ
E:\DBOG\DBOGLOBAL_DEV\NTLLIB\SHARED\LUA\RELEASE4TOOLS\LCTYPE.OBJ
E:\DBOG\DBOGLOBAL_DEV\NTLLIB\SHARED\LUA\RELEASE4TOOLS\LDBLIB.OBJ
E:\DBOG\DBOGLOBAL_DEV\NTLLIB\SHARED\LUA\RELEASE4TOOLS\LDEBUG.OBJ
E:\DBOG\DBOGLOBAL_DEV\NTLLIB\SHARED\LUA\RELEASE4TOOLS\LDO.OBJ
E:\DBOG\DBOGLOBAL_DEV\NTLLIB\SHARED\LUA\RELEASE4TOOLS\LDUMP.OBJ
E:\DBOG\DBOGLOBAL_DEV\NTLLIB\SHARED\LUA\RELEASE4TOOLS\LFUNC.OBJ
E:\DBOG\DBOGLOBAL_DEV\NTLLIB\SHARED\LUA\RELEASE4TOOLS\LGC.OBJ
E:\DBOG\DBOGLOBAL_DEV\NtlLib\Shared\Lua\Release4Tools\lib.command.1.tlog
E:\DBOG\DBOGLOBAL_DEV\NtlLib\Shared\Lua\Release4Tools\Lib-link.read.1.tlog
E:\DBOG\DBOGLOBAL_DEV\NtlLib\Shared\Lua\Release4Tools\Lib-link.write.1.tlog
E:\DBOG\DBOGLOBAL_DEV\NTLLIB\SHARED\LUA\RELEASE4TOOLS\LINIT.OBJ
E:\DBOG\DBOGLOBAL_DEV\NTLLIB\SHARED\LUA\RELEASE4TOOLS\LIOLIB.OBJ
E:\DBOG\DBOGLOBAL_DEV\NTLLIB\SHARED\LUA\RELEASE4TOOLS\LLEX.OBJ
E:\DBOG\DBOGLOBAL_DEV\NTLLIB\SHARED\LUA\RELEASE4TOOLS\LMATHLIB.OBJ
E:\DBOG\DBOGLOBAL_DEV\NTLLIB\SHARED\LUA\RELEASE4TOOLS\LMEM.OBJ
E:\DBOG\DBOGLOBAL_DEV\NTLLIB\SHARED\LUA\RELEASE4TOOLS\LOADLIB.OBJ
E:\DBOG\DBOGLOBAL_DEV\NTLLIB\SHARED\LUA\RELEASE4TOOLS\LOBJECT.OBJ
E:\DBOG\DBOGLOBAL_DEV\NTLLIB\SHARED\LUA\RELEASE4TOOLS\LOPCODES.OBJ
E:\DBOG\DBOGLOBAL_DEV\NTLLIB\SHARED\LUA\RELEASE4TOOLS\LOSLIB.OBJ
E:\DBOG\DBOGLOBAL_DEV\NTLLIB\SHARED\LUA\RELEASE4TOOLS\LPARSER.OBJ
E:\DBOG\DBOGLOBAL_DEV\NTLLIB\SHARED\LUA\RELEASE4TOOLS\LSTATE.OBJ
E:\DBOG\DBOGLOBAL_DEV\NTLLIB\SHARED\LUA\RELEASE4TOOLS\LSTRING.OBJ
E:\DBOG\DBOGLOBAL_DEV\NTLLIB\SHARED\LUA\RELEASE4TOOLS\LSTRLIB.OBJ
E:\DBOG\DBOGLOBAL_DEV\NTLLIB\SHARED\LUA\RELEASE4TOOLS\LTABLE.OBJ
E:\DBOG\DBOGLOBAL_DEV\NTLLIB\SHARED\LUA\RELEASE4TOOLS\LTABLIB.OBJ
E:\DBOG\DBOGLOBAL_DEV\NTLLIB\SHARED\LUA\RELEASE4TOOLS\LTM.OBJ
E:\DBOG\DBOGLOBAL_DEV\NTLLIB\SHARED\LUA\RELEASE4TOOLS\LUA.OBJ
E:\DBOG\DBOGLOBAL_DEV\NTLLIB\SHARED\LUA\RELEASE4TOOLS\LUA.PCH
E:\DBOG\DBOGLOBAL_DEV\NTLLIB\SHARED\LUA\RELEASE4TOOLS\LUA_TINKER.OBJ
E:\DBOG\DBOGLOBAL_DEV\NTLLIB\SHARED\LUA\RELEASE4TOOLS\LUAC.OBJ
E:\DBOG\DBOGLOBAL_DEV\NTLLIB\SHARED\LUA\RELEASE4TOOLS\LUNDUMP.OBJ
E:\DBOG\DBOGLOBAL_DEV\NTLLIB\SHARED\LUA\RELEASE4TOOLS\LUTF8LIB.OBJ
E:\DBOG\DBOGLOBAL_DEV\NTLLIB\SHARED\LUA\RELEASE4TOOLS\LVM.OBJ
E:\DBOG\DBOGLOBAL_DEV\NTLLIB\SHARED\LUA\RELEASE4TOOLS\LZIO.OBJ
E:\DBOG\DBOGLOBAL_DEV\NTLLIB\SHARED\LUA\RELEASE4TOOLS\NTLLUASTATE.OBJ
E:\DBOG\DBOGLOBAL_DEV\NTLLIB\SHARED\LUA\RELEASE4TOOLS\STDAFX.OBJ
E:\DBOG\DBOGLOBAL_DEV\NTLLIB\SHARED\LUA\RELEASE4TOOLS\VC80.PDB
