C:\Users\Artur\Desktop\DBOGLOBAL\DboClient\Release4Client\/NtlShared.lib
C:\USERS\ARTUR\DESKTOP\DBOGLOBAL\DBOCLIENT\RELEASE4CLIENT\NTLSHARED.LIB
C:\Users\Artur\Desktop\DBOGLOBAL\DboShared\NtlShared2\Release4Client\CL.10604.read.1.tlog
C:\Users\Artur\Desktop\DBOGLOBAL\DboShared\NtlShared2\Release4Client\CL.10604.write.1.tlog
C:\Users\Artur\Desktop\DBOGLOBAL\DboShared\NtlShared2\Release4Client\CL.11580.read.1.tlog
C:\Users\Artur\Desktop\DBOGLOBAL\DboShared\NtlShared2\Release4Client\CL.11580.write.1.tlog
C:\Users\Artur\Desktop\DBOGLOBAL\DboShared\NtlShared2\Release4Client\CL.13552.read.1.tlog
C:\Users\Artur\Desktop\DBOGLOBAL\DboShared\NtlShared2\Release4Client\CL.13552.write.1.tlog
C:\Users\Artur\Desktop\DBOGLOBAL\DboShared\NtlShared2\Release4Client\CL.13696.read.1.tlog
C:\Users\Artur\Desktop\DBOGLOBAL\DboShared\NtlShared2\Release4Client\CL.13696.write.1.tlog
C:\Users\Artur\Desktop\DBOGLOBAL\DboShared\NtlShared2\Release4Client\CL.14300.read.1.tlog
C:\Users\Artur\Desktop\DBOGLOBAL\DboShared\NtlShared2\Release4Client\CL.14300.write.1.tlog
C:\Users\Artur\Desktop\DBOGLOBAL\DboShared\NtlShared2\Release4Client\CL.15132.read.1.tlog
C:\Users\Artur\Desktop\DBOGLOBAL\DboShared\NtlShared2\Release4Client\CL.15132.write.1.tlog
C:\Users\Artur\Desktop\DBOGLOBAL\DboShared\NtlShared2\Release4Client\CL.15228.read.1.tlog
C:\Users\Artur\Desktop\DBOGLOBAL\DboShared\NtlShared2\Release4Client\CL.15228.write.1.tlog
C:\Users\Artur\Desktop\DBOGLOBAL\DboShared\NtlShared2\Release4Client\CL.15596.read.1.tlog
C:\Users\Artur\Desktop\DBOGLOBAL\DboShared\NtlShared2\Release4Client\CL.15596.write.1.tlog
C:\Users\Artur\Desktop\DBOGLOBAL\DboShared\NtlShared2\Release4Client\CL.17780.read.1.tlog
C:\Users\Artur\Desktop\DBOGLOBAL\DboShared\NtlShared2\Release4Client\CL.17780.write.1.tlog
C:\Users\Artur\Desktop\DBOGLOBAL\DboShared\NtlShared2\Release4Client\CL.18580.read.1.tlog
C:\Users\Artur\Desktop\DBOGLOBAL\DboShared\NtlShared2\Release4Client\CL.18580.write.1.tlog
C:\Users\Artur\Desktop\DBOGLOBAL\DboShared\NtlShared2\Release4Client\CL.18976.read.1.tlog
C:\Users\Artur\Desktop\DBOGLOBAL\DboShared\NtlShared2\Release4Client\CL.18976.write.1.tlog
C:\Users\Artur\Desktop\DBOGLOBAL\DboShared\NtlShared2\Release4Client\CL.19324.read.1.tlog
C:\Users\Artur\Desktop\DBOGLOBAL\DboShared\NtlShared2\Release4Client\CL.19324.write.1.tlog
C:\Users\Artur\Desktop\DBOGLOBAL\DboShared\NtlShared2\Release4Client\CL.4712.read.1.tlog
C:\Users\Artur\Desktop\DBOGLOBAL\DboShared\NtlShared2\Release4Client\CL.4712.write.1.tlog
C:\Users\Artur\Desktop\DBOGLOBAL\DboShared\NtlShared2\Release4Client\CL.4972.read.1.tlog
C:\Users\Artur\Desktop\DBOGLOBAL\DboShared\NtlShared2\Release4Client\CL.4972.write.1.tlog
C:\Users\Artur\Desktop\DBOGLOBAL\DboShared\NtlShared2\Release4Client\CL.7128.read.1.tlog
C:\Users\Artur\Desktop\DBOGLOBAL\DboShared\NtlShared2\Release4Client\CL.7128.write.1.tlog
C:\Users\Artur\Desktop\DBOGLOBAL\DboShared\NtlShared2\Release4Client\CL.9040.read.1.tlog
C:\Users\Artur\Desktop\DBOGLOBAL\DboShared\NtlShared2\Release4Client\CL.9040.write.1.tlog
C:\Users\Artur\Desktop\DBOGLOBAL\DboShared\NtlShared2\Release4Client\cl.command.1.tlog
C:\Users\Artur\Desktop\DBOGLOBAL\DboShared\NtlShared2\Release4Client\CL.read.1.tlog
C:\Users\Artur\Desktop\DBOGLOBAL\DboShared\NtlShared2\Release4Client\CL.write.1.tlog
C:\Users\Artur\Desktop\DBOGLOBAL\DboShared\NtlShared2\Release4Client\lib.command.1.tlog
C:\Users\Artur\Desktop\DBOGLOBAL\DboShared\NtlShared2\Release4Client\Lib-link.read.1.tlog
C:\Users\Artur\Desktop\DBOGLOBAL\DboShared\NtlShared2\Release4Client\Lib-link.write.1.tlog
C:\USERS\ARTUR\DESKTOP\DBOGLOBAL\DBOSHARED\NTLSHARED2\RELEASE4CLIENT\NTLAVATAR.OBJ
C:\USERS\ARTUR\DESKTOP\DBOGLOBAL\DBOSHARED\NTLSHARED2\RELEASE4CLIENT\NTLBATTLE.OBJ
C:\USERS\ARTUR\DESKTOP\DBOGLOBAL\DBOSHARED\NTLSHARED2\RELEASE4CLIENT\NTLBBOX.OBJ
C:\USERS\ARTUR\DESKTOP\DBOGLOBAL\DBOSHARED\NTLSHARED2\RELEASE4CLIENT\NTLBUDOKAI.OBJ
C:\USERS\ARTUR\DESKTOP\DBOGLOBAL\DBOSHARED\NTLSHARED2\RELEASE4CLIENT\NTLCCBD.OBJ
C:\USERS\ARTUR\DESKTOP\DBOGLOBAL\DBOSHARED\NTLSHARED2\RELEASE4CLIENT\NTLCHARACTER.OBJ
C:\USERS\ARTUR\DESKTOP\DBOGLOBAL\DBOSHARED\NTLSHARED2\RELEASE4CLIENT\NTLCHARACTERSTATE.OBJ
C:\USERS\ARTUR\DESKTOP\DBOGLOBAL\DBOSHARED\NTLSHARED2\RELEASE4CLIENT\NTLGUILD.OBJ
C:\USERS\ARTUR\DESKTOP\DBOGLOBAL\DBOSHARED\NTLSHARED2\RELEASE4CLIENT\NTLITEM.OBJ
C:\USERS\ARTUR\DESKTOP\DBOGLOBAL\DBOSHARED\NTLSHARED2\RELEASE4CLIENT\NTLLINE.OBJ
C:\USERS\ARTUR\DESKTOP\DBOGLOBAL\DBOSHARED\NTLSHARED2\RELEASE4CLIENT\NTLMOVEMENT.OBJ
C:\USERS\ARTUR\DESKTOP\DBOGLOBAL\DBOSHARED\NTLSHARED2\RELEASE4CLIENT\NTLOBJECT.OBJ
C:\USERS\ARTUR\DESKTOP\DBOGLOBAL\DBOSHARED\NTLSHARED2\RELEASE4CLIENT\NTLPACKETAM.OBJ
C:\USERS\ARTUR\DESKTOP\DBOGLOBAL\DBOSHARED\NTLSHARED2\RELEASE4CLIENT\NTLPACKETAU.OBJ
C:\USERS\ARTUR\DESKTOP\DBOGLOBAL\DBOSHARED\NTLSHARED2\RELEASE4CLIENT\NTLPACKETCM.OBJ
C:\USERS\ARTUR\DESKTOP\DBOGLOBAL\DBOSHARED\NTLSHARED2\RELEASE4CLIENT\NTLPACKETCQ.OBJ
C:\USERS\ARTUR\DESKTOP\DBOGLOBAL\DBOSHARED\NTLSHARED2\RELEASE4CLIENT\NTLPACKETCU.OBJ
C:\USERS\ARTUR\DESKTOP\DBOGLOBAL\DBOSHARED\NTLSHARED2\RELEASE4CLIENT\NTLPACKETGM.OBJ
C:\USERS\ARTUR\DESKTOP\DBOGLOBAL\DBOSHARED\NTLSHARED2\RELEASE4CLIENT\NTLPACKETGN.OBJ
C:\USERS\ARTUR\DESKTOP\DBOGLOBAL\DBOSHARED\NTLSHARED2\RELEASE4CLIENT\NTLPACKETGQ.OBJ
C:\USERS\ARTUR\DESKTOP\DBOGLOBAL\DBOSHARED\NTLSHARED2\RELEASE4CLIENT\NTLPACKETGT.OBJ
C:\USERS\ARTUR\DESKTOP\DBOGLOBAL\DBOSHARED\NTLSHARED2\RELEASE4CLIENT\NTLPACKETGU.OBJ
C:\USERS\ARTUR\DESKTOP\DBOGLOBAL\DBOSHARED\NTLSHARED2\RELEASE4CLIENT\NTLPACKETMA.OBJ
C:\USERS\ARTUR\DESKTOP\DBOGLOBAL\DBOSHARED\NTLSHARED2\RELEASE4CLIENT\NTLPACKETMC.OBJ
C:\USERS\ARTUR\DESKTOP\DBOGLOBAL\DBOSHARED\NTLSHARED2\RELEASE4CLIENT\NTLPACKETMG.OBJ
C:\USERS\ARTUR\DESKTOP\DBOGLOBAL\DBOSHARED\NTLSHARED2\RELEASE4CLIENT\NTLPACKETMQ.OBJ
C:\USERS\ARTUR\DESKTOP\DBOGLOBAL\DBOSHARED\NTLSHARED2\RELEASE4CLIENT\NTLPACKETMT.OBJ
C:\USERS\ARTUR\DESKTOP\DBOGLOBAL\DBOSHARED\NTLSHARED2\RELEASE4CLIENT\NTLPACKETNG.OBJ
C:\USERS\ARTUR\DESKTOP\DBOGLOBAL\DBOSHARED\NTLSHARED2\RELEASE4CLIENT\NTLPACKETQC.OBJ
C:\USERS\ARTUR\DESKTOP\DBOGLOBAL\DBOSHARED\NTLSHARED2\RELEASE4CLIENT\NTLPACKETQG.OBJ
C:\USERS\ARTUR\DESKTOP\DBOGLOBAL\DBOSHARED\NTLSHARED2\RELEASE4CLIENT\NTLPACKETQM.OBJ
C:\USERS\ARTUR\DESKTOP\DBOGLOBAL\DBOSHARED\NTLSHARED2\RELEASE4CLIENT\NTLPACKETQT.OBJ
C:\USERS\ARTUR\DESKTOP\DBOGLOBAL\DBOSHARED\NTLSHARED2\RELEASE4CLIENT\NTLPACKETTG.OBJ
C:\USERS\ARTUR\DESKTOP\DBOGLOBAL\DBOSHARED\NTLSHARED2\RELEASE4CLIENT\NTLPACKETTL.OBJ
C:\USERS\ARTUR\DESKTOP\DBOGLOBAL\DBOSHARED\NTLSHARED2\RELEASE4CLIENT\NTLPACKETTM.OBJ
C:\USERS\ARTUR\DESKTOP\DBOGLOBAL\DBOSHARED\NTLSHARED2\RELEASE4CLIENT\NTLPACKETTQ.OBJ
C:\USERS\ARTUR\DESKTOP\DBOGLOBAL\DBOSHARED\NTLSHARED2\RELEASE4CLIENT\NTLPACKETTU.OBJ
C:\USERS\ARTUR\DESKTOP\DBOGLOBAL\DBOSHARED\NTLSHARED2\RELEASE4CLIENT\NTLPACKETUA.OBJ
C:\USERS\ARTUR\DESKTOP\DBOGLOBAL\DBOSHARED\NTLSHARED2\RELEASE4CLIENT\NTLPACKETUC.OBJ
C:\USERS\ARTUR\DESKTOP\DBOGLOBAL\DBOSHARED\NTLSHARED2\RELEASE4CLIENT\NTLPACKETUG.OBJ
C:\USERS\ARTUR\DESKTOP\DBOGLOBAL\DBOSHARED\NTLSHARED2\RELEASE4CLIENT\NTLPACKETUT.OBJ
C:\USERS\ARTUR\DESKTOP\DBOGLOBAL\DBOSHARED\NTLSHARED2\RELEASE4CLIENT\NTLPACKETUTIL.OBJ
C:\USERS\ARTUR\DESKTOP\DBOGLOBAL\DBOSHARED\NTLSHARED2\RELEASE4CLIENT\NTLPACKETXR.OBJ
C:\USERS\ARTUR\DESKTOP\DBOGLOBAL\DBOSHARED\NTLSHARED2\RELEASE4CLIENT\NTLPETITION.OBJ
C:\USERS\ARTUR\DESKTOP\DBOGLOBAL\DBOSHARED\NTLSHARED2\RELEASE4CLIENT\NTLRANDOM.OBJ
C:\USERS\ARTUR\DESKTOP\DBOGLOBAL\DBOSHARED\NTLSHARED2\RELEASE4CLIENT\NTLRANKBATTLE.OBJ
C:\USERS\ARTUR\DESKTOP\DBOGLOBAL\DBOSHARED\NTLSHARED2\RELEASE4CLIENT\NTLREPORT.OBJ
C:\USERS\ARTUR\DESKTOP\DBOGLOBAL\DBOSHARED\NTLSHARED2\RELEASE4CLIENT\NTLSERVICE.OBJ
C:\USERS\ARTUR\DESKTOP\DBOGLOBAL\DBOSHARED\NTLSHARED2\RELEASE4CLIENT\NTLSHARED.PCH
C:\USERS\ARTUR\DESKTOP\DBOGLOBAL\DBOSHARED\NTLSHARED2\RELEASE4CLIENT\NTLSKILL.OBJ
C:\USERS\ARTUR\DESKTOP\DBOGLOBAL\DBOSHARED\NTLSHARED2\RELEASE4CLIENT\NTLSPHERE.OBJ
C:\USERS\ARTUR\DESKTOP\DBOGLOBAL\DBOSHARED\NTLSHARED2\RELEASE4CLIENT\NTLSTATISTICS.OBJ
C:\USERS\ARTUR\DESKTOP\DBOGLOBAL\DBOSHARED\NTLSHARED2\RELEASE4CLIENT\NTLSVRMATH.OBJ
C:\USERS\ARTUR\DESKTOP\DBOGLOBAL\DBOSHARED\NTLSHARED2\RELEASE4CLIENT\NTLSYSTEMTOOL.OBJ
C:\USERS\ARTUR\DESKTOP\DBOGLOBAL\DBOSHARED\NTLSHARED2\RELEASE4CLIENT\NTLVECTOR.OBJ
C:\USERS\ARTUR\DESKTOP\DBOGLOBAL\DBOSHARED\NTLSHARED2\RELEASE4CLIENT\NTLWORLD.OBJ
C:\USERS\ARTUR\DESKTOP\DBOGLOBAL\DBOSHARED\NTLSHARED2\RELEASE4CLIENT\STDAFX.OBJ
C:\USERS\ARTUR\DESKTOP\DBOGLOBAL\DBOSHARED\NTLSHARED2\RELEASE4CLIENT\VC80.PDB
