e:\dbog\dboglobal_dev\dboclient\lib\ntlpresentation\release4client\ntlpresentation.pch
e:\dbog\dboglobal_dev\dboclient\lib\ntlpresentation\release4client\ntlpresentation.pdb
e:\dbog\dboglobal_dev\dboclient\lib\ntlpresentation\release4client\precomp_ntlpresentation.obj
e:\dbog\dboglobal_dev\dboclient\lib\ntlpresentation\release4client\ntldncontroller.obj
e:\dbog\dboglobal_dev\dboclient\lib\ntlpresentation\release4client\ntlinstanceposteffectsystem.obj
e:\dbog\dboglobal_dev\dboclient\lib\ntlpresentation\release4client\ntlplcharacterproperty.obj
e:\dbog\dboglobal_dev\dboclient\lib\ntlpresentation\release4client\ntlplelapsedcontroller.obj
e:\dbog\dboglobal_dev\dboclient\lib\ntlpresentation\release4client\ntlplguiproperty.obj
e:\dbog\dboglobal_dev\dboclient\lib\ntlpresentation\release4client\ntlplitem.obj
e:\dbog\dboglobal_dev\dboclient\lib\ntlpresentation\release4client\ntlplplant.obj
e:\dbog\dboglobal_dev\dboclient\lib\ntlpresentation\release4client\ntlplwaterprop.obj
e:\dbog\dboglobal_dev\dboclient\lib\ntlpresentation\release4client\ntlplworlddecal.obj
e:\dbog\dboglobal_dev\dboclient\lib\ntlpresentation\release4client\ntlresourcelinesystem.obj
e:\dbog\dboglobal_dev\dboclient\lib\ntlpresentation\release4client\ntltypeanimdata.obj
e:\dbog\dboglobal_dev\dboclient\lib\ntlpresentation\release4client\ntlworldmergemanager.obj
e:\dbog\dboglobal_dev\dboclient\lib\ntlpresentation\release4client\sm_getdoodadnum.obj
e:\dbog\dboglobal_dev\dboclient\lib\ntlpresentation\release4client\ntleffectapi.obj
e:\dbog\dboglobal_dev\dboclient\lib\ntlpresentation\release4client\ntlinstancebeamsystem.obj
e:\dbog\dboglobal_dev\dboclient\lib\ntlpresentation\release4client\ntlinstancelightningsystem.obj
e:\dbog\dboglobal_dev\dboclient\lib\ntlpresentation\release4client\ntlplcharmeshrenderpipe.obj
e:\dbog\dboglobal_dev\dboclient\lib\ntlpresentation\release4client\ntlplemblemmaker.obj
e:\dbog\dboglobal_dev\dboclient\lib\ntlpresentation\release4client\ntlplitemparser.obj
e:\dbog\dboglobal_dev\dboclient\lib\ntlpresentation\release4client\ntlplpalette.obj
e:\dbog\dboglobal_dev\dboclient\lib\ntlpresentation\release4client\ntlplplanethandler.obj
e:\dbog\dboglobal_dev\dboclient\lib\ntlpresentation\release4client\ntlplshoreline.obj
e:\dbog\dboglobal_dev\dboclient\lib\ntlpresentation\release4client\ntlplworldlight_sphere.obj
e:\dbog\dboglobal_dev\dboclient\lib\ntlpresentation\release4client\ntlworldbrush.obj
e:\dbog\dboglobal_dev\dboclient\lib\ntlpresentation\release4client\ntlworldltmanager.obj
e:\dbog\dboglobal_dev\dboclient\lib\ntlpresentation\release4client\sm_getaabb.obj
e:\dbog\dboglobal_dev\dboclient\lib\ntlpresentation\release4client\texturestagestateview.obj
e:\dbog\dboglobal_dev\dboclient\lib\ntlpresentation\release4client\ntlanimeventdata.obj
e:\dbog\dboglobal_dev\dboclient\lib\ntlpresentation\release4client\ntlinstanceimvertexsystem.obj
e:\dbog\dboglobal_dev\dboclient\lib\ntlpresentation\release4client\ntlplcamerarendertexture.obj
e:\dbog\dboglobal_dev\dboclient\lib\ntlpresentation\release4client\ntlplcinematicobject.obj
e:\dbog\dboglobal_dev\dboclient\lib\ntlpresentation\release4client\ntlplequipitem.obj
e:\dbog\dboglobal_dev\dboclient\lib\ntlpresentation\release4client\ntlploccluder_base.obj
e:\dbog\dboglobal_dev\dboclient\lib\ntlpresentation\release4client\ntlplrefractioneffect.obj
e:\dbog\dboglobal_dev\dboclient\lib\ntlpresentation\release4client\ntlplresourcescheduling.obj
e:\dbog\dboglobal_dev\dboclient\lib\ntlpresentation\release4client\ntlplvisualmanager.obj
e:\dbog\dboglobal_dev\dboclient\lib\ntlpresentation\release4client\ntlworldsectorinfo.obj
e:\dbog\dboglobal_dev\dboclient\lib\ntlpresentation\release4client\spawnpartypath.obj
e:\dbog\dboglobal_dev\dboclient\lib\ntlpresentation\release4client\spawntreenode.obj
e:\dbog\dboglobal_dev\dboclient\lib\ntlpresentation\release4client\ntleffectsplinepath.obj
e:\dbog\dboglobal_dev\dboclient\lib\ntlpresentation\release4client\ntlinstancedecalsystem.obj
e:\dbog\dboglobal_dev\dboclient\lib\ntlpresentation\release4client\ntlplaccelcontroller.obj
e:\dbog\dboglobal_dev\dboclient\lib\ntlpresentation\release4client\ntlplapi.obj
e:\dbog\dboglobal_dev\dboclient\lib\ntlpresentation\release4client\ntlpldistancefiltergroup.obj
e:\dbog\dboglobal_dev\dboclient\lib\ntlpresentation\release4client\ntlpldojocontainer.obj
e:\dbog\dboglobal_dev\dboclient\lib\ntlpresentation\release4client\ntlplitemxmlscript.obj
e:\dbog\dboglobal_dev\dboclient\lib\ntlpresentation\release4client\ntlplresourcemanager.obj
e:\dbog\dboglobal_dev\dboclient\lib\ntlpresentation\release4client\ntlplworldlight_box.obj
e:\dbog\dboglobal_dev\dboclient\lib\ntlpresentation\release4client\ntlworldbrush3dcircle.obj
e:\dbog\dboglobal_dev\dboclient\lib\ntlpresentation\release4client\ntlworldfieldmanager.obj
e:\dbog\dboglobal_dev\dboclient\lib\ntlpresentation\release4client\sectormethodimp.obj
e:\dbog\dboglobal_dev\dboclient\lib\ntlpresentation\release4client\ntlanimlayer.obj
e:\dbog\dboglobal_dev\dboclient\lib\ntlpresentation\release4client\ntlinstancetrailsystem.obj
e:\dbog\dboglobal_dev\dboclient\lib\ntlpresentation\release4client\ntlplcharmeshrenderpipefaraway.obj
e:\dbog\dboglobal_dev\dboclient\lib\ntlpresentation\release4client\ntlplentityfactory.obj
e:\dbog\dboglobal_dev\dboclient\lib\ntlpresentation\release4client\ntlploptionmanager.obj
e:\dbog\dboglobal_dev\dboclient\lib\ntlpresentation\release4client\ntlplscenechangergui.obj
e:\dbog\dboglobal_dev\dboclient\lib\ntlpresentation\release4client\ntlplweathercontroller.obj
e:\dbog\dboglobal_dev\dboclient\lib\ntlpresentation\release4client\ntlworldcommon.obj
e:\dbog\dboglobal_dev\dboclient\lib\ntlpresentation\release4client\ntlworldpathenginemanager.obj
e:\dbog\dboglobal_dev\dboclient\lib\ntlpresentation\release4client\pathpoint.obj
e:\dbog\dboglobal_dev\dboclient\lib\ntlpresentation\release4client\fieldmethodimp.obj
e:\dbog\dboglobal_dev\dboclient\lib\ntlpresentation\release4client\ntlinstanceparticlesystem.obj
e:\dbog\dboglobal_dev\dboclient\lib\ntlpresentation\release4client\ntlplcharmeshrenderpipe00.obj
e:\dbog\dboglobal_dev\dboclient\lib\ntlpresentation\release4client\ntlplentityblend.obj
e:\dbog\dboglobal_dev\dboclient\lib\ntlpresentation\release4client\ntlplhelpers.obj
e:\dbog\dboglobal_dev\dboclient\lib\ntlpresentation\release4client\ntlplmaterialextwrapper.obj
e:\dbog\dboglobal_dev\dboclient\lib\ntlpresentation\release4client\ntlplpropertycontainer.obj
e:\dbog\dboglobal_dev\dboclient\lib\ntlpresentation\release4client\ntlplworldentity.obj
e:\dbog\dboglobal_dev\dboclient\lib\ntlpresentation\release4client\ntlworldfield.obj
e:\dbog\dboglobal_dev\dboclient\lib\ntlpresentation\release4client\ntlworldsectorlod.obj
e:\dbog\dboglobal_dev\dboclient\lib\ntlpresentation\release4client\ntlworldshadow.obj
e:\dbog\dboglobal_dev\dboclient\lib\ntlpresentation\release4client\sm_getruleoutwater.obj
e:\dbog\dboglobal_dev\dboclient\lib\ntlpresentation\release4client\isectormethod.obj
e:\dbog\dboglobal_dev\dboclient\lib\ntlpresentation\release4client\ntlinstanceeffect.obj
e:\dbog\dboglobal_dev\dboclient\lib\ntlpresentation\release4client\ntlplcharmeshrenderpipe01.obj
e:\dbog\dboglobal_dev\dboclient\lib\ntlpresentation\release4client\ntlplentityfreelist.obj
e:\dbog\dboglobal_dev\dboclient\lib\ntlpresentation\release4client\ntlplobjectproperty.obj
e:\dbog\dboglobal_dev\dboclient\lib\ntlpresentation\release4client\ntlplranddistribution.obj
e:\dbog\dboglobal_dev\dboclient\lib\ntlpresentation\release4client\ntlplrendergeometry.obj
e:\dbog\dboglobal_dev\dboclient\lib\ntlpresentation\release4client\ntlplrenderstate.obj
e:\dbog\dboglobal_dev\dboclient\lib\ntlpresentation\release4client\ntlplsun.obj
e:\dbog\dboglobal_dev\dboclient\lib\ntlpresentation\release4client\ntlresourcedecalsystem.obj
e:\dbog\dboglobal_dev\dboclient\lib\ntlpresentation\release4client\ntlresourcehurricanesystem.obj
e:\dbog\dboglobal_dev\dboclient\lib\ntlpresentation\release4client\ntlresourceposteffectsystem.obj
e:\dbog\dboglobal_dev\dboclient\lib\ntlpresentation\release4client\ntlworldfieldinfo.obj
e:\dbog\dboglobal_dev\dboclient\lib\ntlpresentation\release4client\ntlworldsector.obj
e:\dbog\dboglobal_dev\dboclient\lib\ntlpresentation\release4client\sm_gettiletransparency.obj
e:\dbog\dboglobal_dev\dboclient\lib\ntlpresentation\release4client\ntldefaultitemdata.obj
e:\dbog\dboglobal_dev\dboclient\lib\ntlpresentation\release4client\ntlplbloom.obj
e:\dbog\dboglobal_dev\dboclient\lib\ntlpresentation\release4client\ntlpldecal.obj
e:\dbog\dboglobal_dev\dboclient\lib\ntlpresentation\release4client\ntlpleventgenerator.obj
e:\dbog\dboglobal_dev\dboclient\lib\ntlpresentation\release4client\ntlplguigroup.obj
e:\dbog\dboglobal_dev\dboclient\lib\ntlpresentation\release4client\ntlpllightobject.obj
e:\dbog\dboglobal_dev\dboclient\lib\ntlpresentation\release4client\ntlplprofilergui.obj
e:\dbog\dboglobal_dev\dboclient\lib\ntlpresentation\release4client\ntlplskysphere.obj
e:\dbog\dboglobal_dev\dboclient\lib\ntlpresentation\release4client\ntlplworldlight_base.obj
e:\dbog\dboglobal_dev\dboclient\lib\ntlpresentation\release4client\ntlworldbrushcontroller.obj
e:\dbog\dboglobal_dev\dboclient\lib\ntlpresentation\release4client\ntlworldrplightmanager.obj
e:\dbog\dboglobal_dev\dboclient\lib\ntlpresentation\release4client\sm_splattexmaxblend.obj
e:\dbog\dboglobal_dev\dboclient\lib\ntlpresentation\release4client\filecontroller.obj
e:\dbog\dboglobal_dev\dboclient\lib\ntlpresentation\release4client\ntlinstanceanimdata.obj
e:\dbog\dboglobal_dev\dboclient\lib\ntlpresentation\release4client\ntlpicking.obj
e:\dbog\dboglobal_dev\dboclient\lib\ntlpresentation\release4client\ntlplcollision.obj
e:\dbog\dboglobal_dev\dboclient\lib\ntlpresentation\release4client\ntlpleventhandler.obj
e:\dbog\dboglobal_dev\dboclient\lib\ntlpresentation\release4client\ntlplgui.obj
e:\dbog\dboglobal_dev\dboclient\lib\ntlpresentation\release4client\ntlpllight.obj
e:\dbog\dboglobal_dev\dboclient\lib\ntlpresentation\release4client\ntlplplanet.obj
e:\dbog\dboglobal_dev\dboclient\lib\ntlpresentation\release4client\ntlplscenemanagerfactroy.obj
e:\dbog\dboglobal_dev\dboclient\lib\ntlpresentation\release4client\ntlpluvanim.obj
e:\dbog\dboglobal_dev\dboclient\lib\ntlpresentation\release4client\ntlplweatherproperty.obj
e:\dbog\dboglobal_dev\dboclient\lib\ntlpresentation\release4client\ntlresourcecomponentsystem.obj
e:\dbog\dboglobal_dev\dboclient\lib\ntlpresentation\release4client\ntlresourcelightningsystem.obj
e:\dbog\dboglobal_dev\dboclient\lib\ntlpresentation\release4client\ntlspawnmergemanager.obj
e:\dbog\dboglobal_dev\dboclient\lib\ntlpresentation\release4client\ntlworldschedule.obj
e:\dbog\dboglobal_dev\dboclient\lib\ntlpresentation\release4client\spawnmacro.obj
e:\dbog\dboglobal_dev\dboclient\lib\ntlpresentation\release4client\spawnmob.obj
e:\dbog\dboglobal_dev\dboclient\lib\ntlpresentation\release4client\ntlanimchannel.obj
e:\dbog\dboglobal_dev\dboclient\lib\ntlpresentation\release4client\ntlinstancemeshsystem.obj
e:\dbog\dboglobal_dev\dboclient\lib\ntlpresentation\release4client\ntlpldamagebox.obj
e:\dbog\dboglobal_dev\dboclient\lib\ntlpresentation\release4client\ntlplentity.obj
e:\dbog\dboglobal_dev\dboclient\lib\ntlpresentation\release4client\ntlplheathaze.obj
e:\dbog\dboglobal_dev\dboclient\lib\ntlpresentation\release4client\ntlplobjectxmlscript.obj
e:\dbog\dboglobal_dev\dboclient\lib\ntlpresentation\release4client\ntlplshorelineprop.obj
e:\dbog\dboglobal_dev\dboclient\lib\ntlpresentation\release4client\ntlplworldprop.obj
e:\dbog\dboglobal_dev\dboclient\lib\ntlpresentation\release4client\ntlposteffectcamera.obj
e:\dbog\dboglobal_dev\dboclient\lib\ntlpresentation\release4client\ntlworldfileaccessor.obj
e:\dbog\dboglobal_dev\dboclient\lib\ntlpresentation\release4client\ntlworldshadowmanager.obj
e:\dbog\dboglobal_dev\dboclient\lib\ntlpresentation\release4client\spawnnpc.obj
e:\dbog\dboglobal_dev\dboclient\lib\ntlpresentation\release4client\filemem.obj
e:\dbog\dboglobal_dev\dboclient\lib\ntlpresentation\release4client\ntlinstancecomponentsystem.obj
e:\dbog\dboglobal_dev\dboclient\lib\ntlpresentation\release4client\ntlinstancetracesystem.obj
e:\dbog\dboglobal_dev\dboclient\lib\ntlpresentation\release4client\ntlplcullingscheduling.obj
e:\dbog\dboglobal_dev\dboclient\lib\ntlpresentation\release4client\ntlpldojo.obj
e:\dbog\dboglobal_dev\dboclient\lib\ntlpresentation\release4client\ntlplitemproperty.obj
e:\dbog\dboglobal_dev\dboclient\lib\ntlpresentation\release4client\ntlplpicking.obj
e:\dbog\dboglobal_dev\dboclient\lib\ntlpresentation\release4client\ntlplsky.obj
e:\dbog\dboglobal_dev\dboclient\lib\ntlpresentation\release4client\ntlresourcebeamsystem.obj
e:\dbog\dboglobal_dev\dboclient\lib\ntlpresentation\release4client\ntlresourceeffect.obj
e:\dbog\dboglobal_dev\dboclient\lib\ntlpresentation\release4client\ntlworldfilememaccessor.obj
e:\dbog\dboglobal_dev\dboclient\lib\ntlpresentation\release4client\ntlworldslmanger.obj
e:\dbog\dboglobal_dev\dboclient\lib\ntlpresentation\release4client\sm_splattexminblend.obj
e:\dbog\dboglobal_dev\dboclient\lib\ntlpresentation\release4client\ntleffectsystemfreelist.obj
e:\dbog\dboglobal_dev\dboclient\lib\ntlpresentation\release4client\ntloccludermanager.obj
e:\dbog\dboglobal_dev\dboclient\lib\ntlpresentation\release4client\ntlplchatballoonmanager.obj
e:\dbog\dboglobal_dev\dboclient\lib\ntlpresentation\release4client\ntlpldummyworld.obj
e:\dbog\dboglobal_dev\dboclient\lib\ntlpresentation\release4client\ntlplguimanager.obj
e:\dbog\dboglobal_dev\dboclient\lib\ntlpresentation\release4client\ntlplobjecttype.obj
e:\dbog\dboglobal_dev\dboclient\lib\ntlpresentation\release4client\ntlplrendercallback.obj
e:\dbog\dboglobal_dev\dboclient\lib\ntlpresentation\release4client\ntlplweather.obj
e:\dbog\dboglobal_dev\dboclient\lib\ntlpresentation\release4client\ntlresourceimvertexsystem.obj
e:\dbog\dboglobal_dev\dboclient\lib\ntlpresentation\release4client\ntlworldblockmanager.obj
e:\dbog\dboglobal_dev\dboclient\lib\ntlpresentation\release4client\ntlworldsectormanager.obj
e:\dbog\dboglobal_dev\dboclient\lib\ntlpresentation\release4client\sm_getruleoutdoodad.obj
e:\dbog\dboglobal_dev\dboclient\lib\ntlpresentation\release4client\linkitemtrasformlist.obj
e:\dbog\dboglobal_dev\dboclient\lib\ntlpresentation\release4client\ntlplatomicsorter.obj
e:\dbog\dboglobal_dev\dboclient\lib\ntlpresentation\release4client\ntlpldecalvolume.obj
e:\dbog\dboglobal_dev\dboclient\lib\ntlpresentation\release4client\ntlplevent.obj
e:\dbog\dboglobal_dev\dboclient\lib\ntlpresentation\release4client\ntlplfadecontroller.obj
e:\dbog\dboglobal_dev\dboclient\lib\ntlpresentation\release4client\ntlplgameproperty.obj
e:\dbog\dboglobal_dev\dboclient\lib\ntlpresentation\release4client\ntlpllightproperty.obj
e:\dbog\dboglobal_dev\dboclient\lib\ntlpresentation\release4client\ntlplobject.obj
e:\dbog\dboglobal_dev\dboclient\lib\ntlpresentation\release4client\ntlplsoftspot.obj
e:\dbog\dboglobal_dev\dboclient\lib\ntlpresentation\release4client\ntlplsoundprop.obj
e:\dbog\dboglobal_dev\dboclient\lib\ntlpresentation\release4client\ntlplwater.obj
e:\dbog\dboglobal_dev\dboclient\lib\ntlpresentation\release4client\ntlresourceparticlesystem.obj
e:\dbog\dboglobal_dev\dboclient\lib\ntlpresentation\release4client\ntlspecularmanager.obj
e:\dbog\dboglobal_dev\dboclient\lib\ntlpresentation\release4client\ntlworldmaterialplugin.obj
e:\dbog\dboglobal_dev\dboclient\lib\ntlpresentation\release4client\occluderproxy.obj
e:\dbog\dboglobal_dev\dboclient\lib\ntlpresentation\release4client\spawncontainer.obj
e:\dbog\dboglobal_dev\dboclient\lib\ntlpresentation\release4client\ntlcharacterxmlscript.obj
e:\dbog\dboglobal_dev\dboclient\lib\ntlpresentation\release4client\ntlplattach.obj
e:\dbog\dboglobal_dev\dboclient\lib\ntlpresentation\release4client\ntlplcinematicgui.obj
e:\dbog\dboglobal_dev\dboclient\lib\ntlpresentation\release4client\ntlplemblemstufflist.obj
e:\dbog\dboglobal_dev\dboclient\lib\ntlpresentation\release4client\ntlpllinkeffect.obj
e:\dbog\dboglobal_dev\dboclient\lib\ntlpresentation\release4client\ntlplplayername.obj
e:\dbog\dboglobal_dev\dboclient\lib\ntlpresentation\release4client\ntlplweatherdefine.obj
e:\dbog\dboglobal_dev\dboclient\lib\ntlpresentation\release4client\ntlplweatherhandler.obj
e:\dbog\dboglobal_dev\dboclient\lib\ntlpresentation\release4client\ntlresourcemeshsystem.obj
e:\dbog\dboglobal_dev\dboclient\lib\ntlpresentation\release4client\ntlworldbgmmanager.obj
e:\dbog\dboglobal_dev\dboclient\lib\ntlpresentation\release4client\ntlworldpalettedefine.obj
e:\dbog\dboglobal_dev\dboclient\lib\ntlpresentation\release4client\ntlworldplugin.obj
e:\dbog\dboglobal_dev\dboclient\lib\ntlpresentation\release4client\spawn.obj
e:\dbog\dboglobal_dev\dboclient\lib\ntlpresentation\release4client\c2daabb.obj
e:\dbog\dboglobal_dev\dboclient\lib\ntlpresentation\release4client\ntlfieldcolormanager.obj
e:\dbog\dboglobal_dev\dboclient\lib\ntlpresentation\release4client\ntlinstancehurricanesystem.obj
e:\dbog\dboglobal_dev\dboclient\lib\ntlpresentation\release4client\ntlplcamerart.obj
e:\dbog\dboglobal_dev\dboclient\lib\ntlpresentation\release4client\ntlplcharacter.obj
e:\dbog\dboglobal_dev\dboclient\lib\ntlpresentation\release4client\ntlplfog.obj
e:\dbog\dboglobal_dev\dboclient\lib\ntlpresentation\release4client\ntlpllensflare.obj
e:\dbog\dboglobal_dev\dboclient\lib\ntlpresentation\release4client\ntlplplantproperty.obj
e:\dbog\dboglobal_dev\dboclient\lib\ntlpresentation\release4client\ntlplrendergroup.obj
e:\dbog\dboglobal_dev\dboclient\lib\ntlpresentation\release4client\ntlplsound.obj
e:\dbog\dboglobal_dev\dboclient\lib\ntlpresentation\release4client\ntlplxmlscripthelper.obj
e:\dbog\dboglobal_dev\dboclient\lib\ntlpresentation\release4client\ntlworldinterface.obj
e:\dbog\dboglobal_dev\dboclient\lib\ntlpresentation\release4client\ntlworldsectorpvs.obj
e:\dbog\dboglobal_dev\dboclient\lib\ntlpresentation\release4client\spawninstnode.obj
e:\dbog\dboglobal_dev\dboclient\lib\ntlpresentation\release4client\isectormethodcontainer.obj
e:\dbog\dboglobal_dev\dboclient\lib\ntlpresentation\release4client\ntlinstancelinesystem.obj
e:\dbog\dboglobal_dev\dboclient\lib\ntlpresentation\release4client\ntlplcharacterparser.obj
e:\dbog\dboglobal_dev\dboclient\lib\ntlpresentation\release4client\ntlplentityrenderhelpers.obj
e:\dbog\dboglobal_dev\dboclient\lib\ntlpresentation\release4client\ntlplglobal.obj
e:\dbog\dboglobal_dev\dboclient\lib\ntlpresentation\release4client\ntlplitemuvtimeline.obj
e:\dbog\dboglobal_dev\dboclient\lib\ntlpresentation\release4client\ntlploccluder_quad.obj
e:\dbog\dboglobal_dev\dboclient\lib\ntlpresentation\release4client\ntlplresourcepack.obj
e:\dbog\dboglobal_dev\dboclient\lib\ntlpresentation\release4client\ntlplskydragon.obj
e:\dbog\dboglobal_dev\dboclient\lib\ntlpresentation\release4client\ntlplworldstate.obj
e:\dbog\dboglobal_dev\dboclient\lib\ntlpresentation\release4client\ntlworldfieldmanager4rwworld.obj
e:\dbog\dboglobal_dev\dboclient\lib\ntlpresentation\release4client\pathlist.obj
e:\dbog\dboglobal_dev\dboclient\lib\ntlpresentation\release4client\spawnmacromanager.obj
e:\dbog\dboglobal_dev\dboclient\lib\ntlpresentation\release4client\spawnparty.obj
e:\dbog\dboglobal_dev\dboclient\release4client\ntlpresentation.lib
e:\dbog\dboglobal_dev\dboclient\lib\ntlpresentation\release4client\ntlpresentation.tlog\cl.read.1.tlog
e:\dbog\dboglobal_dev\dboclient\lib\ntlpresentation\release4client\ntlpresentation.tlog\cl.write.1.tlog
e:\dbog\dboglobal_dev\dboclient\lib\ntlpresentation\release4client\ntlpresentation.tlog\cl.command.1.tlog
e:\dbog\dboglobal_dev\dboclient\lib\ntlpresentation\release4client\ntlpresentation.tlog\lib-link.read.1.tlog
e:\dbog\dboglobal_dev\dboclient\lib\ntlpresentation\release4client\ntlpresentation.tlog\lib-link.write.1.tlog
e:\dbog\dboglobal_dev\dboclient\lib\ntlpresentation\release4client\ntlpresentation.tlog\lib.command.1.tlog
