E:\DBOG\DBOGLOBAL_DEV\DboClient\Lib\Ntl_Plugin_Toon\Release4Tools\brutesilhouette.obj
E:\DBOG\DBOGLOBAL_DEV\DboClient\Lib\Ntl_Plugin_Toon\Release4Tools\CL.12916.read.1.tlog
E:\DBOG\DBOGLOBAL_DEV\DboClient\Lib\Ntl_Plugin_Toon\Release4Tools\CL.12916.write.1.tlog
E:\DBOG\DBOGLOBAL_DEV\DboClient\Lib\Ntl_Plugin_Toon\Release4Tools\CL.13432.read.1.tlog
E:\DBOG\DBOGLOBAL_DEV\DboClient\Lib\Ntl_Plugin_Toon\Release4Tools\CL.13432.write.1.tlog
E:\DBOG\DBOGLOBAL_DEV\DboClient\Lib\Ntl_Plugin_Toon\Release4Tools\CL.13520.read.1.tlog
E:\DBOG\DBOGLOBAL_DEV\DboClient\Lib\Ntl_Plugin_Toon\Release4Tools\CL.13520.write.1.tlog
E:\DBOG\DBOGLOBAL_DEV\DboClient\Lib\Ntl_Plugin_Toon\Release4Tools\CL.13696.read.1.tlog
E:\DBOG\DBOGLOBAL_DEV\DboClient\Lib\Ntl_Plugin_Toon\Release4Tools\CL.13696.write.1.tlog
E:\DBOG\DBOGLOBAL_DEV\DboClient\Lib\Ntl_Plugin_Toon\Release4Tools\CL.15976.read.1.tlog
E:\DBOG\DBOGLOBAL_DEV\DboClient\Lib\Ntl_Plugin_Toon\Release4Tools\CL.15976.write.1.tlog
E:\DBOG\DBOGLOBAL_DEV\DboClient\Lib\Ntl_Plugin_Toon\Release4Tools\CL.16444.read.1.tlog
E:\DBOG\DBOGLOBAL_DEV\DboClient\Lib\Ntl_Plugin_Toon\Release4Tools\CL.16444.write.1.tlog
E:\DBOG\DBOGLOBAL_DEV\DboClient\Lib\Ntl_Plugin_Toon\Release4Tools\CL.17072.read.1.tlog
E:\DBOG\DBOGLOBAL_DEV\DboClient\Lib\Ntl_Plugin_Toon\Release4Tools\CL.17072.write.1.tlog
E:\DBOG\DBOGLOBAL_DEV\DboClient\Lib\Ntl_Plugin_Toon\Release4Tools\CL.18984.read.1.tlog
E:\DBOG\DBOGLOBAL_DEV\DboClient\Lib\Ntl_Plugin_Toon\Release4Tools\CL.18984.write.1.tlog
E:\DBOG\DBOGLOBAL_DEV\DboClient\Lib\Ntl_Plugin_Toon\Release4Tools\CL.21060.read.1.tlog
E:\DBOG\DBOGLOBAL_DEV\DboClient\Lib\Ntl_Plugin_Toon\Release4Tools\CL.21060.write.1.tlog
E:\DBOG\DBOGLOBAL_DEV\DboClient\Lib\Ntl_Plugin_Toon\Release4Tools\CL.3008.read.1.tlog
E:\DBOG\DBOGLOBAL_DEV\DboClient\Lib\Ntl_Plugin_Toon\Release4Tools\CL.3008.write.1.tlog
E:\DBOG\DBOGLOBAL_DEV\DboClient\Lib\Ntl_Plugin_Toon\Release4Tools\CL.6972.read.1.tlog
E:\DBOG\DBOGLOBAL_DEV\DboClient\Lib\Ntl_Plugin_Toon\Release4Tools\CL.6972.write.1.tlog
E:\DBOG\DBOGLOBAL_DEV\DboClient\Lib\Ntl_Plugin_Toon\Release4Tools\cl.command.1.tlog
E:\DBOG\DBOGLOBAL_DEV\DboClient\Lib\Ntl_Plugin_Toon\Release4Tools\CL.read.1.tlog
E:\DBOG\DBOGLOBAL_DEV\DboClient\Lib\Ntl_Plugin_Toon\Release4Tools\cl.write.1.tlog
E:\DBOG\DBOGLOBAL_DEV\DboClient\Lib\Ntl_Plugin_Toon\Release4Tools\crease.obj
E:\DBOG\DBOGLOBAL_DEV\DboClient\Lib\Ntl_Plugin_Toon\Release4Tools\d3d9paint.obj
E:\DBOG\DBOGLOBAL_DEV\DboClient\Lib\Ntl_Plugin_Toon\Release4Tools\edgerender.obj
E:\DBOG\DBOGLOBAL_DEV\DboClient\Lib\Ntl_Plugin_Toon\Release4Tools\lib.command.1.tlog
E:\DBOG\DBOGLOBAL_DEV\DboClient\Lib\Ntl_Plugin_Toon\Release4Tools\Lib-link.read.1.tlog
E:\DBOG\DBOGLOBAL_DEV\DboClient\Lib\Ntl_Plugin_Toon\Release4Tools\Lib-link.write.1.tlog
E:\DBOG\DBOGLOBAL_DEV\DboClient\Lib\Ntl_Plugin_Toon\Release4Tools\NtlMaterialExt.obj
E:\DBOG\DBOGLOBAL_DEV\DboClient\Lib\Ntl_Plugin_Toon\Release4Tools\rpdbgerr.obj
E:\DBOG\DBOGLOBAL_DEV\DboClient\Lib\Ntl_Plugin_Toon\Release4Tools\rptoon.obj
E:\DBOG\DBOGLOBAL_DEV\DboClient\Lib\Ntl_Plugin_Toon\Release4Tools\toongeo.obj
E:\DBOG\DBOGLOBAL_DEV\DboClient\Lib\Ntl_Plugin_Toon\Release4Tools\toonink.obj
E:\DBOG\DBOGLOBAL_DEV\DboClient\Lib\Ntl_Plugin_Toon\Release4Tools\toonmaterial.obj
E:\DBOG\DBOGLOBAL_DEV\DboClient\Lib\Ntl_Plugin_Toon\Release4Tools\toonpaint.obj
E:\DBOG\DBOGLOBAL_DEV\DBOCLIENT\LIB\NTL_PLUGIN_TOON\RELEASE4TOOLS\VC80.PDB
E:\DBOG\DBOGLOBAL_DEV\DBOCLIENT\RELEASE4TOOLS\RPTOON.LIB
