E:\DBOG\DBOGLOBAL_DEV\DBOCLIENT\DRAGONBALL\PACKEDITOR.EXE
E:\DBOG\DBOGLOBAL_DEV\DboClient\Tool\PackEditor\Release4Tools\cl.command.1.tlog
E:\DBOG\DBOGLOBAL_DEV\DboClient\Tool\PackEditor\Release4Tools\CL.read.1.tlog
E:\DBOG\DBOGLOBAL_DEV\DboClient\Tool\PackEditor\Release4Tools\CL.write.1.tlog
E:\DBOG\DBOGLOBAL_DEV\DboClient\Tool\PackEditor\Release4Tools\link.command.1.tlog
E:\DBOG\DBOGLOBAL_DEV\DboClient\Tool\PackEditor\Release4Tools\link.read.1.tlog
E:\DBOG\DBOGLOBAL_DEV\DboClient\Tool\PackEditor\Release4Tools\link.write.1.tlog
E:\DBOG\DBOGLOBAL_DEV\DboClient\Tool\PackEditor\Release4Tools\link-cvtres.read.1.tlog
E:\DBOG\DBOGLOBAL_DEV\DboClient\Tool\PackEditor\Release4Tools\link-cvtres.write.1.tlog
E:\DBOG\DBOGLOBAL_DEV\DboClient\Tool\PackEditor\Release4Tools\mt.command.1.tlog
E:\DBOG\DBOGLOBAL_DEV\DboClient\Tool\PackEditor\Release4Tools\mt.read.1.tlog
E:\DBOG\DBOGLOBAL_DEV\DboClient\Tool\PackEditor\Release4Tools\mt.write.1.tlog
E:\DBOG\DBOGLOBAL_DEV\DBOCLIENT\TOOL\PACKEDITOR\RELEASE4TOOLS\NOTIFYDLG.OBJ
E:\DBOG\DBOGLOBAL_DEV\DBOCLIENT\TOOL\PACKEDITOR\RELEASE4TOOLS\PACKEDITOR.EXE.INTERMEDIATE.MANIFEST
E:\DBOG\DBOGLOBAL_DEV\DBOCLIENT\TOOL\PACKEDITOR\RELEASE4TOOLS\PACKEDITOR.OBJ
E:\DBOG\DBOGLOBAL_DEV\DBOCLIENT\TOOL\PACKEDITOR\RELEASE4TOOLS\PACKEDITOR.PCH
E:\DBOG\DBOGLOBAL_DEV\DBOCLIENT\TOOL\PACKEDITOR\RELEASE4TOOLS\PACKEDITOR.RES
E:\DBOG\DBOGLOBAL_DEV\DBOCLIENT\TOOL\PACKEDITOR\RELEASE4TOOLS\PACKEDITORDLG.OBJ
E:\DBOG\DBOGLOBAL_DEV\DboClient\Tool\PackEditor\Release4Tools\rc.command.1.tlog
E:\DBOG\DBOGLOBAL_DEV\DboClient\Tool\PackEditor\Release4Tools\rc.read.1.tlog
E:\DBOG\DBOGLOBAL_DEV\DboClient\Tool\PackEditor\Release4Tools\rc.write.1.tlog
E:\DBOG\DBOGLOBAL_DEV\DBOCLIENT\TOOL\PACKEDITOR\RELEASE4TOOLS\STDAFX.OBJ
E:\DBOG\DBOGLOBAL_DEV\DBOCLIENT\TOOL\PACKEDITOR\RELEASE4TOOLS\UNPACKSELECTDLG.OBJ
E:\DBOG\DBOGLOBAL_DEV\DBOCLIENT\TOOL\PACKEDITOR\RELEASE4TOOLS\VC80.PDB
