E:\DBOG\DBOGLOBAL_DEV\DBOCLIENT\RELEASE4TOOLS\DBOTRIGGER.LIB
E:\DBOG\DBOGLOBAL_DEV\DboShared\DboTrigger\Release4Tools\CL.11616.read.1.tlog
E:\DBOG\DBOGLOBAL_DEV\DboShared\DboTrigger\Release4Tools\CL.11616.write.1.tlog
E:\DBOG\DBOGLOBAL_DEV\DboShared\DboTrigger\Release4Tools\CL.12156.read.1.tlog
E:\DBOG\DBOGLOBAL_DEV\DboShared\DboTrigger\Release4Tools\CL.12156.write.1.tlog
E:\DBOG\DBOGLOBAL_DEV\DboShared\DboTrigger\Release4Tools\CL.12440.read.1.tlog
E:\DBOG\DBOGLOBAL_DEV\DboShared\DboTrigger\Release4Tools\CL.12440.write.1.tlog
E:\DBOG\DBOGLOBAL_DEV\DboShared\DboTrigger\Release4Tools\CL.12576.read.1.tlog
E:\DBOG\DBOGLOBAL_DEV\DboShared\DboTrigger\Release4Tools\CL.12576.write.1.tlog
E:\DBOG\DBOGLOBAL_DEV\DboShared\DboTrigger\Release4Tools\CL.12704.read.1.tlog
E:\DBOG\DBOGLOBAL_DEV\DboShared\DboTrigger\Release4Tools\CL.12704.write.1.tlog
E:\DBOG\DBOGLOBAL_DEV\DboShared\DboTrigger\Release4Tools\CL.13184.read.1.tlog
E:\DBOG\DBOGLOBAL_DEV\DboShared\DboTrigger\Release4Tools\CL.13184.write.1.tlog
E:\DBOG\DBOGLOBAL_DEV\DboShared\DboTrigger\Release4Tools\CL.16880.read.1.tlog
E:\DBOG\DBOGLOBAL_DEV\DboShared\DboTrigger\Release4Tools\CL.16880.write.1.tlog
E:\DBOG\DBOGLOBAL_DEV\DboShared\DboTrigger\Release4Tools\CL.16944.read.1.tlog
E:\DBOG\DBOGLOBAL_DEV\DboShared\DboTrigger\Release4Tools\CL.16944.write.1.tlog
E:\DBOG\DBOGLOBAL_DEV\DboShared\DboTrigger\Release4Tools\CL.16972.read.1.tlog
E:\DBOG\DBOGLOBAL_DEV\DboShared\DboTrigger\Release4Tools\CL.16972.write.1.tlog
E:\DBOG\DBOGLOBAL_DEV\DboShared\DboTrigger\Release4Tools\CL.19268.read.1.tlog
E:\DBOG\DBOGLOBAL_DEV\DboShared\DboTrigger\Release4Tools\CL.19268.write.1.tlog
E:\DBOG\DBOGLOBAL_DEV\DboShared\DboTrigger\Release4Tools\CL.20220.read.1.tlog
E:\DBOG\DBOGLOBAL_DEV\DboShared\DboTrigger\Release4Tools\CL.20220.write.1.tlog
E:\DBOG\DBOGLOBAL_DEV\DboShared\DboTrigger\Release4Tools\CL.21016.read.1.tlog
E:\DBOG\DBOGLOBAL_DEV\DboShared\DboTrigger\Release4Tools\CL.21016.write.1.tlog
E:\DBOG\DBOGLOBAL_DEV\DboShared\DboTrigger\Release4Tools\CL.6404.read.1.tlog
E:\DBOG\DBOGLOBAL_DEV\DboShared\DboTrigger\Release4Tools\CL.6404.write.1.tlog
E:\DBOG\DBOGLOBAL_DEV\DboShared\DboTrigger\Release4Tools\CL.8184.read.1.tlog
E:\DBOG\DBOGLOBAL_DEV\DboShared\DboTrigger\Release4Tools\CL.8184.write.1.tlog
E:\DBOG\DBOGLOBAL_DEV\DboShared\DboTrigger\Release4Tools\CL.9272.read.1.tlog
E:\DBOG\DBOGLOBAL_DEV\DboShared\DboTrigger\Release4Tools\CL.9272.write.1.tlog
E:\DBOG\DBOGLOBAL_DEV\DboShared\DboTrigger\Release4Tools\CL.9928.read.1.tlog
E:\DBOG\DBOGLOBAL_DEV\DboShared\DboTrigger\Release4Tools\CL.9928.write.1.tlog
E:\DBOG\DBOGLOBAL_DEV\DboShared\DboTrigger\Release4Tools\cl.command.1.tlog
E:\DBOG\DBOGLOBAL_DEV\DboShared\DboTrigger\Release4Tools\CL.read.1.tlog
E:\DBOG\DBOGLOBAL_DEV\DboShared\DboTrigger\Release4Tools\CL.write.1.tlog
E:\DBOG\DBOGLOBAL_DEV\DBOSHARED\DBOTRIGGER\RELEASE4TOOLS\DBOTRIGGER.PCH
E:\DBOG\DBOGLOBAL_DEV\DBOSHARED\DBOTRIGGER\RELEASE4TOOLS\DBOTSACTAVATARDEAD.OBJ
E:\DBOG\DBOGLOBAL_DEV\DBOSHARED\DBOTRIGGER\RELEASE4TOOLS\DBOTSACTBROADMSG.OBJ
E:\DBOG\DBOGLOBAL_DEV\DBOSHARED\DBOTRIGGER\RELEASE4TOOLS\DBOTSACTCONCCHECK.OBJ
E:\DBOG\DBOGLOBAL_DEV\DBOSHARED\DBOTRIGGER\RELEASE4TOOLS\DBOTSACTCUSTOMEVT.OBJ
E:\DBOG\DBOGLOBAL_DEV\DBOSHARED\DBOTRIGGER\RELEASE4TOOLS\DBOTSACTDIR.OBJ
E:\DBOG\DBOGLOBAL_DEV\DBOSHARED\DBOTRIGGER\RELEASE4TOOLS\DBOTSACTDIRINDICATOR.OBJ
E:\DBOG\DBOGLOBAL_DEV\DBOSHARED\DBOTRIGGER\RELEASE4TOOLS\DBOTSACTDOJO.OBJ
E:\DBOG\DBOGLOBAL_DEV\DBOSHARED\DBOTRIGGER\RELEASE4TOOLS\DBOTSACTDOSKILL.OBJ
E:\DBOG\DBOGLOBAL_DEV\DBOSHARED\DBOTRIGGER\RELEASE4TOOLS\DBOTSACTDROP.OBJ
E:\DBOG\DBOGLOBAL_DEV\DBOSHARED\DBOTRIGGER\RELEASE4TOOLS\DBOTSACTESCORT.OBJ
E:\DBOG\DBOGLOBAL_DEV\DBOSHARED\DBOTRIGGER\RELEASE4TOOLS\DBOTSACTETIMERE.OBJ
E:\DBOG\DBOGLOBAL_DEV\DBOSHARED\DBOTRIGGER\RELEASE4TOOLS\DBOTSACTETIMERS.OBJ
E:\DBOG\DBOGLOBAL_DEV\DBOSHARED\DBOTRIGGER\RELEASE4TOOLS\DBOTSACTEXCCGROUP.OBJ
E:\DBOG\DBOGLOBAL_DEV\DBOSHARED\DBOTRIGGER\RELEASE4TOOLS\DBOTSACTFACTORYTYPE.OBJ
E:\DBOG\DBOGLOBAL_DEV\DBOSHARED\DBOTRIGGER\RELEASE4TOOLS\DBOTSACTHINT.OBJ
E:\DBOG\DBOGLOBAL_DEV\DBOSHARED\DBOTRIGGER\RELEASE4TOOLS\DBOTSACTINSSM.OBJ
E:\DBOG\DBOGLOBAL_DEV\DBOSHARED\DBOTRIGGER\RELEASE4TOOLS\DBOTSACTITEM.OBJ
E:\DBOG\DBOGLOBAL_DEV\DBOSHARED\DBOTRIGGER\RELEASE4TOOLS\DBOTSACTMAIL.OBJ
E:\DBOG\DBOGLOBAL_DEV\DBOSHARED\DBOTRIGGER\RELEASE4TOOLS\DBOTSACTMININARRATION.OBJ
E:\DBOG\DBOGLOBAL_DEV\DBOSHARED\DBOTRIGGER\RELEASE4TOOLS\DBOTSACTNPCCONV.OBJ
E:\DBOG\DBOGLOBAL_DEV\DBOSHARED\DBOTRIGGER\RELEASE4TOOLS\DBOTSACTOBJCONV.OBJ
E:\DBOG\DBOGLOBAL_DEV\DBOSHARED\DBOTRIGGER\RELEASE4TOOLS\DBOTSACTOBJSTATE.OBJ
E:\DBOG\DBOGLOBAL_DEV\DBOSHARED\DBOTRIGGER\RELEASE4TOOLS\DBOTSACTOBJWPS.OBJ
E:\DBOG\DBOGLOBAL_DEV\DBOSHARED\DBOTRIGGER\RELEASE4TOOLS\DBOTSACTOPCAM.OBJ
E:\DBOG\DBOGLOBAL_DEV\DBOSHARED\DBOTRIGGER\RELEASE4TOOLS\DBOTSACTOPENWINDOW.OBJ
E:\DBOG\DBOGLOBAL_DEV\DBOSHARED\DBOTRIGGER\RELEASE4TOOLS\DBOTSACTOPOBJECT.OBJ
E:\DBOG\DBOGLOBAL_DEV\DBOSHARED\DBOTRIGGER\RELEASE4TOOLS\DBOTSACTOUTMSG.OBJ
E:\DBOG\DBOGLOBAL_DEV\DBOSHARED\DBOTRIGGER\RELEASE4TOOLS\DBOTSACTPCCONV.OBJ
E:\DBOG\DBOGLOBAL_DEV\DBOSHARED\DBOTRIGGER\RELEASE4TOOLS\DBOTSACTPIDGN.OBJ
E:\DBOG\DBOGLOBAL_DEV\DBOSHARED\DBOTRIGGER\RELEASE4TOOLS\DBOTSACTPORTAL.OBJ
E:\DBOG\DBOGLOBAL_DEV\DBOSHARED\DBOTRIGGER\RELEASE4TOOLS\DBOTSACTPSEMPTY.OBJ
E:\DBOG\DBOGLOBAL_DEV\DBOSHARED\DBOTRIGGER\RELEASE4TOOLS\DBOTSACTPSPOP.OBJ
E:\DBOG\DBOGLOBAL_DEV\DBOSHARED\DBOTRIGGER\RELEASE4TOOLS\DBOTSACTPSPUSH.OBJ
E:\DBOG\DBOGLOBAL_DEV\DBOSHARED\DBOTRIGGER\RELEASE4TOOLS\DBOTSACTPSTOSSM.OBJ
E:\DBOG\DBOGLOBAL_DEV\DBOSHARED\DBOTRIGGER\RELEASE4TOOLS\DBOTSACTQITEM.OBJ
E:\DBOG\DBOGLOBAL_DEV\DBOSHARED\DBOTRIGGER\RELEASE4TOOLS\DBOTSACTREGCTIMING.OBJ
E:\DBOG\DBOGLOBAL_DEV\DBOSHARED\DBOTRIGGER\RELEASE4TOOLS\DBOTSACTREGQINFO.OBJ
E:\DBOG\DBOGLOBAL_DEV\DBOSHARED\DBOTRIGGER\RELEASE4TOOLS\DBOTSACTRMVCOUPON.OBJ
E:\DBOG\DBOGLOBAL_DEV\DBOSHARED\DBOTRIGGER\RELEASE4TOOLS\DBOTSACTSENDSVREVT.OBJ
E:\DBOG\DBOGLOBAL_DEV\DBOSHARED\DBOTRIGGER\RELEASE4TOOLS\DBOTSACTSKIPCONT.OBJ
E:\DBOG\DBOGLOBAL_DEV\DBOSHARED\DBOTRIGGER\RELEASE4TOOLS\DBOTSACTSKYDGN.OBJ
E:\DBOG\DBOGLOBAL_DEV\DBOSHARED\DBOTRIGGER\RELEASE4TOOLS\DBOTSACTSSMTOPS.OBJ
E:\DBOG\DBOGLOBAL_DEV\DBOSHARED\DBOTRIGGER\RELEASE4TOOLS\DBOTSACTSTOCEVT.OBJ
E:\DBOG\DBOGLOBAL_DEV\DBOSHARED\DBOTRIGGER\RELEASE4TOOLS\DBOTSACTSWPROBSF.OBJ
E:\DBOG\DBOGLOBAL_DEV\DBOSHARED\DBOTRIGGER\RELEASE4TOOLS\DBOTSACTTELECAST.OBJ
E:\DBOG\DBOGLOBAL_DEV\DBOSHARED\DBOTRIGGER\RELEASE4TOOLS\DBOTSACTTELMINORMATCH.OBJ
E:\DBOG\DBOGLOBAL_DEV\DBOSHARED\DBOTRIGGER\RELEASE4TOOLS\DBOTSACTTELMUDOSA.OBJ
E:\DBOG\DBOGLOBAL_DEV\DBOSHARED\DBOTRIGGER\RELEASE4TOOLS\DBOTSACTTLQ.OBJ
E:\DBOG\DBOGLOBAL_DEV\DBOSHARED\DBOTRIGGER\RELEASE4TOOLS\DBOTSACTTMQINFOSHOW.OBJ
E:\DBOG\DBOGLOBAL_DEV\DBOSHARED\DBOTRIGGER\RELEASE4TOOLS\DBOTSACTTMQSTAGE.OBJ
E:\DBOG\DBOGLOBAL_DEV\DBOSHARED\DBOTRIGGER\RELEASE4TOOLS\DBOTSACTTMQTIMEBONUS.OBJ
E:\DBOG\DBOGLOBAL_DEV\DBOSHARED\DBOTRIGGER\RELEASE4TOOLS\DBOTSACTTOBJFRIENDLY.OBJ
E:\DBOG\DBOGLOBAL_DEV\DBOSHARED\DBOTRIGGER\RELEASE4TOOLS\DBOTSACTTSSTATE.OBJ
E:\DBOG\DBOGLOBAL_DEV\DBOSHARED\DBOTRIGGER\RELEASE4TOOLS\DBOTSACTTWAITTS.OBJ
E:\DBOG\DBOGLOBAL_DEV\DBOSHARED\DBOTRIGGER\RELEASE4TOOLS\DBOTSACTWORLDPLAYSCRIPT.OBJ
E:\DBOG\DBOGLOBAL_DEV\DBOSHARED\DBOTRIGGER\RELEASE4TOOLS\DBOTSACTWPSFD.OBJ
E:\DBOG\DBOGLOBAL_DEV\DBOSHARED\DBOTRIGGER\RELEASE4TOOLS\DBOTSBINDSTONE.OBJ
E:\DBOG\DBOGLOBAL_DEV\DBOSHARED\DBOTRIGGER\RELEASE4TOOLS\DBOTSBUDOKAI.OBJ
E:\DBOG\DBOGLOBAL_DEV\DBOSHARED\DBOTRIGGER\RELEASE4TOOLS\DBOTSCHECKATTACHOBJ.OBJ
E:\DBOG\DBOGLOBAL_DEV\DBOSHARED\DBOTRIGGER\RELEASE4TOOLS\DBOTSCHECKAVATARDEAD.OBJ
E:\DBOG\DBOGLOBAL_DEV\DBOSHARED\DBOTRIGGER\RELEASE4TOOLS\DBOTSCHECKBUDOKAISTATE.OBJ
E:\DBOG\DBOGLOBAL_DEV\DBOSHARED\DBOTRIGGER\RELEASE4TOOLS\DBOTSCHECKCLRQST.OBJ
E:\DBOG\DBOGLOBAL_DEV\DBOSHARED\DBOTRIGGER\RELEASE4TOOLS\DBOTSCHECKCUSTOMEVENT.OBJ
E:\DBOG\DBOGLOBAL_DEV\DBOSHARED\DBOTRIGGER\RELEASE4TOOLS\DBOTSCHECKDISTWITHNPC.OBJ
E:\DBOG\DBOGLOBAL_DEV\DBOSHARED\DBOTRIGGER\RELEASE4TOOLS\DBOTSCHECKHASCOUPON.OBJ
E:\DBOG\DBOGLOBAL_DEV\DBOSHARED\DBOTRIGGER\RELEASE4TOOLS\DBOTSCHECKINNPC.OBJ
E:\DBOG\DBOGLOBAL_DEV\DBOSHARED\DBOTRIGGER\RELEASE4TOOLS\DBOTSCHECKINWORLD.OBJ
E:\DBOG\DBOGLOBAL_DEV\DBOSHARED\DBOTRIGGER\RELEASE4TOOLS\DBOTSCHECKITEM.OBJ
E:\DBOG\DBOGLOBAL_DEV\DBOSHARED\DBOTRIGGER\RELEASE4TOOLS\DBOTSCHECKLVL.OBJ
E:\DBOG\DBOGLOBAL_DEV\DBOSHARED\DBOTRIGGER\RELEASE4TOOLS\DBOTSCHECKNPCDEAD.OBJ
E:\DBOG\DBOGLOBAL_DEV\DBOSHARED\DBOTRIGGER\RELEASE4TOOLS\DBOTSCHECKOBJITEM.OBJ
E:\DBOG\DBOGLOBAL_DEV\DBOSHARED\DBOTRIGGER\RELEASE4TOOLS\DBOTSCHECKOBJSTATE.OBJ
E:\DBOG\DBOGLOBAL_DEV\DBOSHARED\DBOTRIGGER\RELEASE4TOOLS\DBOTSCHECKOPOBJECT.OBJ
E:\DBOG\DBOGLOBAL_DEV\DBOSHARED\DBOTRIGGER\RELEASE4TOOLS\DBOTSCHECKOUTRGN.OBJ
E:\DBOG\DBOGLOBAL_DEV\DBOSHARED\DBOTRIGGER\RELEASE4TOOLS\DBOTSCHECKPCCLS.OBJ
E:\DBOG\DBOGLOBAL_DEV\DBOSHARED\DBOTRIGGER\RELEASE4TOOLS\DBOTSCHECKPCRACE.OBJ
E:\DBOG\DBOGLOBAL_DEV\DBOSHARED\DBOTRIGGER\RELEASE4TOOLS\DBOTSCHECKPROGQUEST.OBJ
E:\DBOG\DBOGLOBAL_DEV\DBOSHARED\DBOTRIGGER\RELEASE4TOOLS\DBOTSCHECKPS.OBJ
E:\DBOG\DBOGLOBAL_DEV\DBOSHARED\DBOTRIGGER\RELEASE4TOOLS\DBOTSCHECKQITEM.OBJ
E:\DBOG\DBOGLOBAL_DEV\DBOSHARED\DBOTRIGGER\RELEASE4TOOLS\DBOTSCHECKREPUTATION.OBJ
E:\DBOG\DBOGLOBAL_DEV\DBOSHARED\DBOTRIGGER\RELEASE4TOOLS\DBOTSCHECKSSM.OBJ
E:\DBOG\DBOGLOBAL_DEV\DBOSHARED\DBOTRIGGER\RELEASE4TOOLS\DBOTSCHECKSTOCDELIVERY.OBJ
E:\DBOG\DBOGLOBAL_DEV\DBOSHARED\DBOTRIGGER\RELEASE4TOOLS\DBOTSCHECKSTOCEVT.OBJ
E:\DBOG\DBOGLOBAL_DEV\DBOSHARED\DBOTRIGGER\RELEASE4TOOLS\DBOTSCHECKWITEM.OBJ
E:\DBOG\DBOGLOBAL_DEV\DBOSHARED\DBOTRIGGER\RELEASE4TOOLS\DBOTSCLICKMOB.OBJ
E:\DBOG\DBOGLOBAL_DEV\DBOSHARED\DBOTRIGGER\RELEASE4TOOLS\DBOTSCLICKNPC.OBJ
E:\DBOG\DBOGLOBAL_DEV\DBOSHARED\DBOTRIGGER\RELEASE4TOOLS\DBOTSCLICKOBJECT.OBJ
E:\DBOG\DBOGLOBAL_DEV\DBOSHARED\DBOTRIGGER\RELEASE4TOOLS\DBOTSCLICKSIDEICON.OBJ
E:\DBOG\DBOGLOBAL_DEV\DBOSHARED\DBOTRIGGER\RELEASE4TOOLS\DBOTSCOLOBJECT.OBJ
E:\DBOG\DBOGLOBAL_DEV\DBOSHARED\DBOTRIGGER\RELEASE4TOOLS\DBOTSCOLRGN.OBJ
E:\DBOG\DBOGLOBAL_DEV\DBOSHARED\DBOTRIGGER\RELEASE4TOOLS\DBOTSCOMPLETEQINFO.OBJ
E:\DBOG\DBOGLOBAL_DEV\DBOSHARED\DBOTRIGGER\RELEASE4TOOLS\DBOTSCONDFACTORYTYPE.OBJ
E:\DBOG\DBOGLOBAL_DEV\DBOSHARED\DBOTRIGGER\RELEASE4TOOLS\DBOTSCONTEND.OBJ
E:\DBOG\DBOGLOBAL_DEV\DBOSHARED\DBOTRIGGER\RELEASE4TOOLS\DBOTSCONTFACTORYTYPE.OBJ
E:\DBOG\DBOGLOBAL_DEV\DBOSHARED\DBOTRIGGER\RELEASE4TOOLS\DBOTSCONTGACT.OBJ
E:\DBOG\DBOGLOBAL_DEV\DBOSHARED\DBOTRIGGER\RELEASE4TOOLS\DBOTSCONTGCOND.OBJ
E:\DBOG\DBOGLOBAL_DEV\DBOSHARED\DBOTRIGGER\RELEASE4TOOLS\DBOTSCONTNARRATION.OBJ
E:\DBOG\DBOGLOBAL_DEV\DBOSHARED\DBOTRIGGER\RELEASE4TOOLS\DBOTSCONTPROPOSAL.OBJ
E:\DBOG\DBOGLOBAL_DEV\DBOSHARED\DBOTRIGGER\RELEASE4TOOLS\DBOTSCONTREWARD.OBJ
E:\DBOG\DBOGLOBAL_DEV\DBOSHARED\DBOTRIGGER\RELEASE4TOOLS\DBOTSCONTSTART.OBJ
E:\DBOG\DBOGLOBAL_DEV\DBOSHARED\DBOTRIGGER\RELEASE4TOOLS\DBOTSCONTSWITCH.OBJ
E:\DBOG\DBOGLOBAL_DEV\DBOSHARED\DBOTRIGGER\RELEASE4TOOLS\DBOTSCONTSYNCACT.OBJ
E:\DBOG\DBOGLOBAL_DEV\DBOSHARED\DBOTRIGGER\RELEASE4TOOLS\DBOTSCONTUNIFIEDNARRATION.OBJ
E:\DBOG\DBOGLOBAL_DEV\DBOSHARED\DBOTRIGGER\RELEASE4TOOLS\DBOTSCONTUSRSEL.OBJ
E:\DBOG\DBOGLOBAL_DEV\DBOSHARED\DBOTRIGGER\RELEASE4TOOLS\DBOTSCTRLFACTORY.OBJ
E:\DBOG\DBOGLOBAL_DEV\DBOSHARED\DBOTRIGGER\RELEASE4TOOLS\DBOTSCTRLFACTORYTYPE.OBJ
E:\DBOG\DBOGLOBAL_DEV\DBOSHARED\DBOTRIGGER\RELEASE4TOOLS\DBOTSDIALOGOPEN.OBJ
E:\DBOG\DBOGLOBAL_DEV\DBOSHARED\DBOTRIGGER\RELEASE4TOOLS\DBOTSEMBINDSTONE.OBJ
E:\DBOG\DBOGLOBAL_DEV\DBOSHARED\DBOTRIGGER\RELEASE4TOOLS\DBOTSEMBUDOKAI.OBJ
E:\DBOG\DBOGLOBAL_DEV\DBOSHARED\DBOTRIGGER\RELEASE4TOOLS\DBOTSEMCOLRGN.OBJ
E:\DBOG\DBOGLOBAL_DEV\DBOSHARED\DBOTRIGGER\RELEASE4TOOLS\DBOTSEMDIALOGOPEN.OBJ
E:\DBOG\DBOGLOBAL_DEV\DBOSHARED\DBOTRIGGER\RELEASE4TOOLS\DBOTSEMFLINK.OBJ
E:\DBOG\DBOGLOBAL_DEV\DBOSHARED\DBOTRIGGER\RELEASE4TOOLS\DBOTSEMFREEBATTLE.OBJ
E:\DBOG\DBOGLOBAL_DEV\DBOSHARED\DBOTRIGGER\RELEASE4TOOLS\DBOTSEMHOIPOIMIX.OBJ
E:\DBOG\DBOGLOBAL_DEV\DBOSHARED\DBOTRIGGER\RELEASE4TOOLS\DBOTSEMITEM.OBJ
E:\DBOG\DBOGLOBAL_DEV\DBOSHARED\DBOTRIGGER\RELEASE4TOOLS\DBOTSEMITEMIDENTITY.OBJ
E:\DBOG\DBOGLOBAL_DEV\DBOSHARED\DBOTRIGGER\RELEASE4TOOLS\DBOTSEMITEMUPGRADE.OBJ
E:\DBOG\DBOGLOBAL_DEV\DBOSHARED\DBOTRIGGER\RELEASE4TOOLS\DBOTSEMLEVELCHECK.OBJ
E:\DBOG\DBOGLOBAL_DEV\DBOSHARED\DBOTRIGGER\RELEASE4TOOLS\DBOTSEMMOB.OBJ
E:\DBOG\DBOGLOBAL_DEV\DBOSHARED\DBOTRIGGER\RELEASE4TOOLS\DBOTSEMNPC.OBJ
E:\DBOG\DBOGLOBAL_DEV\DBOSHARED\DBOTRIGGER\RELEASE4TOOLS\DBOTSEMOBJECT.OBJ
E:\DBOG\DBOGLOBAL_DEV\DBOSHARED\DBOTRIGGER\RELEASE4TOOLS\DBOTSEMPARTY.OBJ
E:\DBOG\DBOGLOBAL_DEV\DBOSHARED\DBOTRIGGER\RELEASE4TOOLS\DBOTSEMPRIVATESHOP.OBJ
E:\DBOG\DBOGLOBAL_DEV\DBOSHARED\DBOTRIGGER\RELEASE4TOOLS\DBOTSEMQUEST.OBJ
E:\DBOG\DBOGLOBAL_DEV\DBOSHARED\DBOTRIGGER\RELEASE4TOOLS\DBOTSEMRB.OBJ
E:\DBOG\DBOGLOBAL_DEV\DBOSHARED\DBOTRIGGER\RELEASE4TOOLS\DBOTSEMSEARCHQUEST.OBJ
E:\DBOG\DBOGLOBAL_DEV\DBOSHARED\DBOTRIGGER\RELEASE4TOOLS\DBOTSEMSIDEICON.OBJ
E:\DBOG\DBOGLOBAL_DEV\DBOSHARED\DBOTRIGGER\RELEASE4TOOLS\DBOTSEMSKILL.OBJ
E:\DBOG\DBOGLOBAL_DEV\DBOSHARED\DBOTRIGGER\RELEASE4TOOLS\DBOTSEMSLOTMACHINE.OBJ
E:\DBOG\DBOGLOBAL_DEV\DBOSHARED\DBOTRIGGER\RELEASE4TOOLS\DBOTSEMSVREVT.OBJ
E:\DBOG\DBOGLOBAL_DEV\DBOSHARED\DBOTRIGGER\RELEASE4TOOLS\DBOTSEMTELEPORT.OBJ
E:\DBOG\DBOGLOBAL_DEV\DBOSHARED\DBOTRIGGER\RELEASE4TOOLS\DBOTSEMUSEMAIL.OBJ
E:\DBOG\DBOGLOBAL_DEV\DBOSHARED\DBOTRIGGER\RELEASE4TOOLS\DBOTSENTITYFACTORY.OBJ
E:\DBOG\DBOGLOBAL_DEV\DBOSHARED\DBOTRIGGER\RELEASE4TOOLS\DBOTSEVENTFACTORYTYPE.OBJ
E:\DBOG\DBOGLOBAL_DEV\DBOSHARED\DBOTRIGGER\RELEASE4TOOLS\DBOTSFREEBATTLE.OBJ
E:\DBOG\DBOGLOBAL_DEV\DBOSHARED\DBOTRIGGER\RELEASE4TOOLS\DBOTSHOIPOIMIX.OBJ
E:\DBOG\DBOGLOBAL_DEV\DBOSHARED\DBOTRIGGER\RELEASE4TOOLS\DBOTSITEMEQUIP.OBJ
E:\DBOG\DBOGLOBAL_DEV\DBOSHARED\DBOTRIGGER\RELEASE4TOOLS\DBOTSITEMGET.OBJ
E:\DBOG\DBOGLOBAL_DEV\DBOSHARED\DBOTRIGGER\RELEASE4TOOLS\DBOTSITEMIDENTITY.OBJ
E:\DBOG\DBOGLOBAL_DEV\DBOSHARED\DBOTRIGGER\RELEASE4TOOLS\DBOTSITEMUPGRADE.OBJ
E:\DBOG\DBOGLOBAL_DEV\DBOSHARED\DBOTRIGGER\RELEASE4TOOLS\DBOTSITEMUSE.OBJ
E:\DBOG\DBOGLOBAL_DEV\DBOSHARED\DBOTRIGGER\RELEASE4TOOLS\DBOTSLEVELCHECK.OBJ
E:\DBOG\DBOGLOBAL_DEV\DBOSHARED\DBOTRIGGER\RELEASE4TOOLS\DBOTSMAIN.OBJ
E:\DBOG\DBOGLOBAL_DEV\DBOSHARED\DBOTRIGGER\RELEASE4TOOLS\DBOTSPARTY.OBJ
E:\DBOG\DBOGLOBAL_DEV\DBOSHARED\DBOTRIGGER\RELEASE4TOOLS\DBOTSPRIVATESHOP.OBJ
E:\DBOG\DBOGLOBAL_DEV\DBOSHARED\DBOTRIGGER\RELEASE4TOOLS\DBOTSQAGENCY.OBJ
E:\DBOG\DBOGLOBAL_DEV\DBOSHARED\DBOTRIGGER\RELEASE4TOOLS\DBOTSQCTRL.OBJ
E:\DBOG\DBOGLOBAL_DEV\DBOSHARED\DBOTRIGGER\RELEASE4TOOLS\DBOTSQRECV.OBJ
E:\DBOG\DBOGLOBAL_DEV\DBOSHARED\DBOTRIGGER\RELEASE4TOOLS\DBOTSQUEST.OBJ
E:\DBOG\DBOGLOBAL_DEV\DBOSHARED\DBOTRIGGER\RELEASE4TOOLS\DBOTSRB.OBJ
E:\DBOG\DBOGLOBAL_DEV\DBOSHARED\DBOTRIGGER\RELEASE4TOOLS\DBOTSRCVSVREVT.OBJ
E:\DBOG\DBOGLOBAL_DEV\DBOSHARED\DBOTRIGGER\RELEASE4TOOLS\DBOTSSCOUTUSE.OBJ
E:\DBOG\DBOGLOBAL_DEV\DBOSHARED\DBOTRIGGER\RELEASE4TOOLS\DBOTSSEARCHQUEST.OBJ
E:\DBOG\DBOGLOBAL_DEV\DBOSHARED\DBOTRIGGER\RELEASE4TOOLS\DBOTSSKILLUSE.OBJ
E:\DBOG\DBOGLOBAL_DEV\DBOSHARED\DBOTRIGGER\RELEASE4TOOLS\DBOTSSLOTMACHINE.OBJ
E:\DBOG\DBOGLOBAL_DEV\DBOSHARED\DBOTRIGGER\RELEASE4TOOLS\DBOTSTAGENCY.OBJ
E:\DBOG\DBOGLOBAL_DEV\DBOSHARED\DBOTRIGGER\RELEASE4TOOLS\DBOTSTCTRL.OBJ
E:\DBOG\DBOGLOBAL_DEV\DBOSHARED\DBOTRIGGER\RELEASE4TOOLS\DBOTSTELEPORT.OBJ
E:\DBOG\DBOGLOBAL_DEV\DBOSHARED\DBOTRIGGER\RELEASE4TOOLS\DBOTSTRECV.OBJ
E:\DBOG\DBOGLOBAL_DEV\DBOSHARED\DBOTRIGGER\RELEASE4TOOLS\DBOTSUIFACTORY.OBJ
E:\DBOG\DBOGLOBAL_DEV\DBOSHARED\DBOTRIGGER\RELEASE4TOOLS\DBOTSUIFACTORYTYPE.OBJ
E:\DBOG\DBOGLOBAL_DEV\DBOSHARED\DBOTRIGGER\RELEASE4TOOLS\DBOTSUSEMAIL.OBJ
E:\DBOG\DBOGLOBAL_DEV\DboShared\DboTrigger\Release4Tools\lib.command.1.tlog
E:\DBOG\DBOGLOBAL_DEV\DboShared\DboTrigger\Release4Tools\Lib-link.read.1.tlog
E:\DBOG\DBOGLOBAL_DEV\DboShared\DboTrigger\Release4Tools\Lib-link.write.1.tlog
E:\DBOG\DBOGLOBAL_DEV\DBOSHARED\DBOTRIGGER\RELEASE4TOOLS\PRECOMP_TRIGGER.OBJ
E:\DBOG\DBOGLOBAL_DEV\DBOSHARED\DBOTRIGGER\RELEASE4TOOLS\VC80.PDB
