e:\dbog\dboglobal_dev\dboclient\lib\ntlgui\release4client\ntlgui.pch
e:\dbog\dboglobal_dev\dboclient\lib\ntlgui\release4client\ntlgui.pdb
e:\dbog\dboglobal_dev\dboclient\lib\ntlgui\release4client\gui_precomp.obj
e:\dbog\dboglobal_dev\dboclient\lib\ntlgui\release4client\gui_component_generic.obj
e:\dbog\dboglobal_dev\dboclient\lib\ntlgui\release4client\gui_hypertextbox_generic.obj
e:\dbog\dboglobal_dev\dboclient\lib\ntlgui\release4client\gui_particle.obj
e:\dbog\dboglobal_dev\dboclient\lib\ntlgui\release4client\gui_particlebox.obj
e:\dbog\dboglobal_dev\dboclient\lib\ntlgui\release4client\gui_resourcepage.obj
e:\dbog\dboglobal_dev\dboclient\lib\ntlgui\release4client\gui_texture.obj
e:\dbog\dboglobal_dev\dboclient\lib\ntlgui\release4client\gui_componenttokenizer.obj
e:\dbog\dboglobal_dev\dboclient\lib\ntlgui\release4client\gui_globalcomponent.obj
e:\dbog\dboglobal_dev\dboclient\lib\ntlgui\release4client\gui_hypertextbox.obj
e:\dbog\dboglobal_dev\dboclient\lib\ntlgui\release4client\gui_outputbox.obj
e:\dbog\dboglobal_dev\dboclient\lib\ntlgui\release4client\gui_particle_doc.obj
e:\dbog\dboglobal_dev\dboclient\lib\ntlgui\release4client\position.obj
e:\dbog\dboglobal_dev\dboclient\lib\ntlgui\release4client\eventtimer.obj
e:\dbog\dboglobal_dev\dboclient\lib\ntlgui\release4client\gui_dialog.obj
e:\dbog\dboglobal_dev\dboclient\lib\ntlgui\release4client\gui_effect_path_chase.obj
e:\dbog\dboglobal_dev\dboclient\lib\ntlgui\release4client\gui_guimanager_generic.obj
e:\dbog\dboglobal_dev\dboclient\lib\ntlgui\release4client\gui_staticbox.obj
e:\dbog\dboglobal_dev\dboclient\lib\ntlgui\release4client\gui_unibuffer.obj
e:\dbog\dboglobal_dev\dboclient\lib\ntlgui\release4client\eventlistener_win32.obj
e:\dbog\dboglobal_dev\dboclient\lib\ntlgui\release4client\guiutil.obj
e:\dbog\dboglobal_dev\dboclient\lib\ntlgui\release4client\gui_dialog_generic.obj
e:\dbog\dboglobal_dev\dboclient\lib\ntlgui\release4client\gui_frame.obj
e:\dbog\dboglobal_dev\dboclient\lib\ntlgui\release4client\gui_inputbox_generic.obj
e:\dbog\dboglobal_dev\dboclient\lib\ntlgui\release4client\gui_surfacemanager_generic.obj
e:\dbog\dboglobal_dev\dboclient\lib\ntlgui\release4client\stringlocalconverter_korean.obj
e:\dbog\dboglobal_dev\dboclient\lib\ntlgui\release4client\gui_componentmanager_generic.obj
e:\dbog\dboglobal_dev\dboclient\lib\ntlgui\release4client\gui_guifilepaser.obj
e:\dbog\dboglobal_dev\dboclient\lib\ntlgui\release4client\gui_particlesystem.obj
e:\dbog\dboglobal_dev\dboclient\lib\ntlgui\release4client\gui_sliderbar_generic.obj
e:\dbog\dboglobal_dev\dboclient\lib\ntlgui\release4client\mouse.obj
e:\dbog\dboglobal_dev\dboclient\lib\ntlgui\release4client\gui_combobox_generic.obj
e:\dbog\dboglobal_dev\dboclient\lib\ntlgui\release4client\gui_guimanager.obj
e:\dbog\dboglobal_dev\dboclient\lib\ntlgui\release4client\gui_listbox_generic.obj
e:\dbog\dboglobal_dev\dboclient\lib\ntlgui\release4client\gui_scrollbar.obj
e:\dbog\dboglobal_dev\dboclient\lib\ntlgui\release4client\gui_tabbutton_item.obj
e:\dbog\dboglobal_dev\dboclient\lib\ntlgui\release4client\gui_balloon_generic.obj
e:\dbog\dboglobal_dev\dboclient\lib\ntlgui\release4client\gui_flash_generic.obj
e:\dbog\dboglobal_dev\dboclient\lib\ntlgui\release4client\gui_surfacepage.obj
e:\dbog\dboglobal_dev\dboclient\lib\ntlgui\release4client\gui_button.obj
e:\dbog\dboglobal_dev\dboclient\lib\ntlgui\release4client\gui_htmltokenizer.obj
e:\dbog\dboglobal_dev\dboclient\lib\ntlgui\release4client\gui_line_renderer.obj
e:\dbog\dboglobal_dev\dboclient\lib\ntlgui\release4client\gui_panel.obj
e:\dbog\dboglobal_dev\dboclient\lib\ntlgui\release4client\gui_particlebox_generic.obj
e:\dbog\dboglobal_dev\dboclient\lib\ntlgui\release4client\gui_scrollbar_generic.obj
e:\dbog\dboglobal_dev\dboclient\lib\ntlgui\release4client\gui_tooltip_generic.obj
e:\dbog\dboglobal_dev\dboclient\lib\ntlgui\release4client\gui_componentpage.obj
e:\dbog\dboglobal_dev\dboclient\lib\ntlgui\release4client\gui_htmlbox.obj
e:\dbog\dboglobal_dev\dboclient\lib\ntlgui\release4client\gui_mdstaticbox.obj
e:\dbog\dboglobal_dev\dboclient\lib\ntlgui\release4client\gui_panel_generic.obj
e:\dbog\dboglobal_dev\dboclient\lib\ntlgui\release4client\gui_particleemitter.obj
e:\dbog\dboglobal_dev\dboclient\lib\ntlgui\release4client\gui_progressbar_generic.obj
e:\dbog\dboglobal_dev\dboclient\lib\ntlgui\release4client\gui_surfacemanager.obj
e:\dbog\dboglobal_dev\dboclient\lib\ntlgui\release4client\timer.obj
e:\dbog\dboglobal_dev\dboclient\lib\ntlgui\release4client\gui_anipanel_generic.obj
e:\dbog\dboglobal_dev\dboclient\lib\ntlgui\release4client\gui_dynamicoutline.obj
e:\dbog\dboglobal_dev\dboclient\lib\ntlgui\release4client\gui_flash.obj
e:\dbog\dboglobal_dev\dboclient\lib\ntlgui\release4client\gui_resourcemanager_generic.obj
e:\dbog\dboglobal_dev\dboclient\lib\ntlgui\release4client\gui_tabbutton_generic.obj
e:\dbog\dboglobal_dev\dboclient\lib\ntlgui\release4client\gui_anipanel.obj
e:\dbog\dboglobal_dev\dboclient\lib\ntlgui\release4client\gui_effect_flicker.obj
e:\dbog\dboglobal_dev\dboclient\lib\ntlgui\release4client\gui_fontmanager.obj
e:\dbog\dboglobal_dev\dboclient\lib\ntlgui\release4client\gui_listbox.obj
e:\dbog\dboglobal_dev\dboclient\lib\ntlgui\release4client\gui_particlepath.obj
e:\dbog\dboglobal_dev\dboclient\lib\ntlgui\release4client\gui_resourcefilepaser.obj
e:\dbog\dboglobal_dev\dboclient\lib\ntlgui\release4client\rectangle.obj
e:\dbog\dboglobal_dev\dboclient\lib\ntlgui\release4client\gui_component.obj
e:\dbog\dboglobal_dev\dboclient\lib\ntlgui\release4client\gui_hypertext.obj
e:\dbog\dboglobal_dev\dboclient\lib\ntlgui\release4client\gui_outputbox_generic.obj
e:\dbog\dboglobal_dev\dboclient\lib\ntlgui\release4client\gui_renderer.obj
e:\dbog\dboglobal_dev\dboclient\lib\ntlgui\release4client\gui_sliderbar.obj
e:\dbog\dboglobal_dev\dboclient\lib\ntlgui\release4client\gui_tooltip.obj
e:\dbog\dboglobal_dev\dboclient\lib\ntlgui\release4client\gui_combobox.obj
e:\dbog\dboglobal_dev\dboclient\lib\ntlgui\release4client\gui_frame_generic.obj
e:\dbog\dboglobal_dev\dboclient\lib\ntlgui\release4client\gui_htmlbox_item.obj
e:\dbog\dboglobal_dev\dboclient\lib\ntlgui\release4client\gui_mdstaticbox_generic.obj
e:\dbog\dboglobal_dev\dboclient\lib\ntlgui\release4client\gui_progressbar.obj
e:\dbog\dboglobal_dev\dboclient\lib\ntlgui\release4client\gui_surfacefilepaser.obj
e:\dbog\dboglobal_dev\dboclient\lib\ntlgui\release4client\gui_balloon.obj
e:\dbog\dboglobal_dev\dboclient\lib\ntlgui\release4client\gui_effect_radar.obj
e:\dbog\dboglobal_dev\dboclient\lib\ntlgui\release4client\gui_htmlbox_generic.obj
e:\dbog\dboglobal_dev\dboclient\lib\ntlgui\release4client\gui_staticbox_generic.obj
e:\dbog\dboglobal_dev\dboclient\lib\ntlgui\release4client\gui_texturemanager.obj
e:\dbog\dboglobal_dev\dboclient\lib\ntlgui\release4client\gui_button_generic.obj
e:\dbog\dboglobal_dev\dboclient\lib\ntlgui\release4client\gui_inputbox.obj
e:\dbog\dboglobal_dev\dboclient\lib\ntlgui\release4client\gui_particleaffector.obj
e:\dbog\dboglobal_dev\dboclient\lib\ntlgui\release4client\gui_resourcemanager.obj
e:\dbog\dboglobal_dev\dboclient\lib\ntlgui\release4client\gui_tabbutton.obj
e:\dbog\dboglobal_dev\dboclient\lib\ntlgui\release4client\stringlocalconverter.obj
e:\dbog\dboglobal_dev\dboclient\lib\ntlgui\release4client\gui_componentmanager.obj
e:\dbog\dboglobal_dev\dboclient\lib\ntlgui\release4client\gui_font.obj
e:\dbog\dboglobal_dev\dboclient\lib\ntlgui\release4client\gui_html_doc.obj
e:\dbog\dboglobal_dev\dboclient\lib\ntlgui\release4client\gui_setupgui.obj
e:\dbog\dboglobal_dev\dboclient\release4client\ntlgui.lib
e:\dbog\dboglobal_dev\dboclient\lib\ntlgui\release4client\ntlgui.tlog\cl.read.1.tlog
e:\dbog\dboglobal_dev\dboclient\lib\ntlgui\release4client\ntlgui.tlog\cl.write.1.tlog
e:\dbog\dboglobal_dev\dboclient\lib\ntlgui\release4client\ntlgui.tlog\cl.command.1.tlog
e:\dbog\dboglobal_dev\dboclient\lib\ntlgui\release4client\ntlgui.tlog\lib-link.read.1.tlog
e:\dbog\dboglobal_dev\dboclient\lib\ntlgui\release4client\ntlgui.tlog\lib-link.write.1.tlog
e:\dbog\dboglobal_dev\dboclient\lib\ntlgui\release4client\ntlgui.tlog\lib.command.1.tlog
