E:\DBOG\DBOGLOBAL_DEV\DboClient\Lib\NtlGui\Release4Tools\CL.10672.read.1.tlog
E:\DBOG\DBOGLOBAL_DEV\DboClient\Lib\NtlGui\Release4Tools\CL.10672.write.1.tlog
E:\DBOG\DBOGLOBAL_DEV\DboClient\Lib\NtlGui\Release4Tools\CL.11216.read.1.tlog
E:\DBOG\DBOGLOBAL_DEV\DboClient\Lib\NtlGui\Release4Tools\CL.11216.write.1.tlog
E:\DBOG\DBOGLOBAL_DEV\DboClient\Lib\NtlGui\Release4Tools\CL.13328.read.1.tlog
E:\DBOG\DBOGLOBAL_DEV\DboClient\Lib\NtlGui\Release4Tools\CL.13328.write.1.tlog
E:\DBOG\DBOGLOBAL_DEV\DboClient\Lib\NtlGui\Release4Tools\CL.14600.read.1.tlog
E:\DBOG\DBOGLOBAL_DEV\DboClient\Lib\NtlGui\Release4Tools\CL.14600.write.1.tlog
E:\DBOG\DBOGLOBAL_DEV\DboClient\Lib\NtlGui\Release4Tools\CL.14944.read.1.tlog
E:\DBOG\DBOGLOBAL_DEV\DboClient\Lib\NtlGui\Release4Tools\CL.14944.write.1.tlog
E:\DBOG\DBOGLOBAL_DEV\DboClient\Lib\NtlGui\Release4Tools\CL.15248.read.1.tlog
E:\DBOG\DBOGLOBAL_DEV\DboClient\Lib\NtlGui\Release4Tools\CL.15248.write.1.tlog
E:\DBOG\DBOGLOBAL_DEV\DboClient\Lib\NtlGui\Release4Tools\CL.18848.read.1.tlog
E:\DBOG\DBOGLOBAL_DEV\DboClient\Lib\NtlGui\Release4Tools\CL.18848.write.1.tlog
E:\DBOG\DBOGLOBAL_DEV\DboClient\Lib\NtlGui\Release4Tools\CL.19764.read.1.tlog
E:\DBOG\DBOGLOBAL_DEV\DboClient\Lib\NtlGui\Release4Tools\CL.19764.write.1.tlog
E:\DBOG\DBOGLOBAL_DEV\DboClient\Lib\NtlGui\Release4Tools\CL.20160.read.1.tlog
E:\DBOG\DBOGLOBAL_DEV\DboClient\Lib\NtlGui\Release4Tools\CL.20160.write.1.tlog
E:\DBOG\DBOGLOBAL_DEV\DboClient\Lib\NtlGui\Release4Tools\CL.20836.read.1.tlog
E:\DBOG\DBOGLOBAL_DEV\DboClient\Lib\NtlGui\Release4Tools\CL.20836.write.1.tlog
E:\DBOG\DBOGLOBAL_DEV\DboClient\Lib\NtlGui\Release4Tools\CL.21460.read.1.tlog
E:\DBOG\DBOGLOBAL_DEV\DboClient\Lib\NtlGui\Release4Tools\CL.21460.write.1.tlog
E:\DBOG\DBOGLOBAL_DEV\DboClient\Lib\NtlGui\Release4Tools\CL.2620.read.1.tlog
E:\DBOG\DBOGLOBAL_DEV\DboClient\Lib\NtlGui\Release4Tools\CL.2620.write.1.tlog
E:\DBOG\DBOGLOBAL_DEV\DboClient\Lib\NtlGui\Release4Tools\CL.2752.read.1.tlog
E:\DBOG\DBOGLOBAL_DEV\DboClient\Lib\NtlGui\Release4Tools\CL.2752.write.1.tlog
E:\DBOG\DBOGLOBAL_DEV\DboClient\Lib\NtlGui\Release4Tools\CL.6324.read.1.tlog
E:\DBOG\DBOGLOBAL_DEV\DboClient\Lib\NtlGui\Release4Tools\CL.6324.write.1.tlog
E:\DBOG\DBOGLOBAL_DEV\DboClient\Lib\NtlGui\Release4Tools\CL.6448.read.1.tlog
E:\DBOG\DBOGLOBAL_DEV\DboClient\Lib\NtlGui\Release4Tools\CL.6448.write.1.tlog
E:\DBOG\DBOGLOBAL_DEV\DboClient\Lib\NtlGui\Release4Tools\CL.7556.read.1.tlog
E:\DBOG\DBOGLOBAL_DEV\DboClient\Lib\NtlGui\Release4Tools\CL.7556.write.1.tlog
E:\DBOG\DBOGLOBAL_DEV\DboClient\Lib\NtlGui\Release4Tools\cl.command.1.tlog
E:\DBOG\DBOGLOBAL_DEV\DboClient\Lib\NtlGui\Release4Tools\CL.read.1.tlog
E:\DBOG\DBOGLOBAL_DEV\DboClient\Lib\NtlGui\Release4Tools\CL.write.1.tlog
E:\DBOG\DBOGLOBAL_DEV\DBOCLIENT\LIB\NTLGUI\RELEASE4TOOLS\EVENTLISTENER_WIN32.OBJ
E:\DBOG\DBOGLOBAL_DEV\DBOCLIENT\LIB\NTLGUI\RELEASE4TOOLS\EVENTTIMER.OBJ
E:\DBOG\DBOGLOBAL_DEV\DBOCLIENT\LIB\NTLGUI\RELEASE4TOOLS\GUI_ANIPANEL.OBJ
E:\DBOG\DBOGLOBAL_DEV\DBOCLIENT\LIB\NTLGUI\RELEASE4TOOLS\GUI_ANIPANEL_GENERIC.OBJ
E:\DBOG\DBOGLOBAL_DEV\DBOCLIENT\LIB\NTLGUI\RELEASE4TOOLS\GUI_BALLOON.OBJ
E:\DBOG\DBOGLOBAL_DEV\DBOCLIENT\LIB\NTLGUI\RELEASE4TOOLS\GUI_BALLOON_GENERIC.OBJ
E:\DBOG\DBOGLOBAL_DEV\DBOCLIENT\LIB\NTLGUI\RELEASE4TOOLS\GUI_BUTTON.OBJ
E:\DBOG\DBOGLOBAL_DEV\DBOCLIENT\LIB\NTLGUI\RELEASE4TOOLS\GUI_BUTTON_GENERIC.OBJ
E:\DBOG\DBOGLOBAL_DEV\DBOCLIENT\LIB\NTLGUI\RELEASE4TOOLS\GUI_COMBOBOX.OBJ
E:\DBOG\DBOGLOBAL_DEV\DBOCLIENT\LIB\NTLGUI\RELEASE4TOOLS\GUI_COMBOBOX_GENERIC.OBJ
E:\DBOG\DBOGLOBAL_DEV\DBOCLIENT\LIB\NTLGUI\RELEASE4TOOLS\GUI_COMPONENT.OBJ
E:\DBOG\DBOGLOBAL_DEV\DBOCLIENT\LIB\NTLGUI\RELEASE4TOOLS\GUI_COMPONENT_GENERIC.OBJ
E:\DBOG\DBOGLOBAL_DEV\DBOCLIENT\LIB\NTLGUI\RELEASE4TOOLS\GUI_COMPONENTMANAGER.OBJ
E:\DBOG\DBOGLOBAL_DEV\DBOCLIENT\LIB\NTLGUI\RELEASE4TOOLS\GUI_COMPONENTMANAGER_GENERIC.OBJ
E:\DBOG\DBOGLOBAL_DEV\DBOCLIENT\LIB\NTLGUI\RELEASE4TOOLS\GUI_COMPONENTPAGE.OBJ
E:\DBOG\DBOGLOBAL_DEV\DBOCLIENT\LIB\NTLGUI\RELEASE4TOOLS\GUI_COMPONENTTOKENIZER.OBJ
E:\DBOG\DBOGLOBAL_DEV\DBOCLIENT\LIB\NTLGUI\RELEASE4TOOLS\GUI_DIALOG.OBJ
E:\DBOG\DBOGLOBAL_DEV\DBOCLIENT\LIB\NTLGUI\RELEASE4TOOLS\GUI_DIALOG_GENERIC.OBJ
E:\DBOG\DBOGLOBAL_DEV\DBOCLIENT\LIB\NTLGUI\RELEASE4TOOLS\GUI_DYNAMICOUTLINE.OBJ
E:\DBOG\DBOGLOBAL_DEV\DBOCLIENT\LIB\NTLGUI\RELEASE4TOOLS\GUI_EFFECT_FLICKER.OBJ
E:\DBOG\DBOGLOBAL_DEV\DBOCLIENT\LIB\NTLGUI\RELEASE4TOOLS\GUI_EFFECT_PATH_CHASE.OBJ
E:\DBOG\DBOGLOBAL_DEV\DBOCLIENT\LIB\NTLGUI\RELEASE4TOOLS\GUI_EFFECT_RADAR.OBJ
E:\DBOG\DBOGLOBAL_DEV\DBOCLIENT\LIB\NTLGUI\RELEASE4TOOLS\GUI_FLASH.OBJ
E:\DBOG\DBOGLOBAL_DEV\DBOCLIENT\LIB\NTLGUI\RELEASE4TOOLS\GUI_FLASH_GENERIC.OBJ
E:\DBOG\DBOGLOBAL_DEV\DBOCLIENT\LIB\NTLGUI\RELEASE4TOOLS\GUI_FONT.OBJ
E:\DBOG\DBOGLOBAL_DEV\DBOCLIENT\LIB\NTLGUI\RELEASE4TOOLS\GUI_FONTMANAGER.OBJ
E:\DBOG\DBOGLOBAL_DEV\DBOCLIENT\LIB\NTLGUI\RELEASE4TOOLS\GUI_FRAME.OBJ
E:\DBOG\DBOGLOBAL_DEV\DBOCLIENT\LIB\NTLGUI\RELEASE4TOOLS\GUI_FRAME_GENERIC.OBJ
E:\DBOG\DBOGLOBAL_DEV\DBOCLIENT\LIB\NTLGUI\RELEASE4TOOLS\GUI_GLOBALCOMPONENT.OBJ
E:\DBOG\DBOGLOBAL_DEV\DBOCLIENT\LIB\NTLGUI\RELEASE4TOOLS\GUI_GUIFILEPASER.OBJ
E:\DBOG\DBOGLOBAL_DEV\DBOCLIENT\LIB\NTLGUI\RELEASE4TOOLS\GUI_GUIMANAGER.OBJ
E:\DBOG\DBOGLOBAL_DEV\DBOCLIENT\LIB\NTLGUI\RELEASE4TOOLS\GUI_GUIMANAGER_GENERIC.OBJ
E:\DBOG\DBOGLOBAL_DEV\DBOCLIENT\LIB\NTLGUI\RELEASE4TOOLS\GUI_HTML_DOC.OBJ
E:\DBOG\DBOGLOBAL_DEV\DBOCLIENT\LIB\NTLGUI\RELEASE4TOOLS\GUI_HTMLBOX.OBJ
E:\DBOG\DBOGLOBAL_DEV\DBOCLIENT\LIB\NTLGUI\RELEASE4TOOLS\GUI_HTMLBOX_GENERIC.OBJ
E:\DBOG\DBOGLOBAL_DEV\DBOCLIENT\LIB\NTLGUI\RELEASE4TOOLS\GUI_HTMLBOX_ITEM.OBJ
E:\DBOG\DBOGLOBAL_DEV\DBOCLIENT\LIB\NTLGUI\RELEASE4TOOLS\GUI_HTMLTOKENIZER.OBJ
E:\DBOG\DBOGLOBAL_DEV\DBOCLIENT\LIB\NTLGUI\RELEASE4TOOLS\GUI_HYPERTEXT.OBJ
E:\DBOG\DBOGLOBAL_DEV\DBOCLIENT\LIB\NTLGUI\RELEASE4TOOLS\GUI_HYPERTEXTBOX.OBJ
E:\DBOG\DBOGLOBAL_DEV\DBOCLIENT\LIB\NTLGUI\RELEASE4TOOLS\GUI_HYPERTEXTBOX_GENERIC.OBJ
E:\DBOG\DBOGLOBAL_DEV\DBOCLIENT\LIB\NTLGUI\RELEASE4TOOLS\GUI_INPUTBOX.OBJ
E:\DBOG\DBOGLOBAL_DEV\DBOCLIENT\LIB\NTLGUI\RELEASE4TOOLS\GUI_INPUTBOX_GENERIC.OBJ
E:\DBOG\DBOGLOBAL_DEV\DBOCLIENT\LIB\NTLGUI\RELEASE4TOOLS\GUI_LINE_RENDERER.OBJ
E:\DBOG\DBOGLOBAL_DEV\DBOCLIENT\LIB\NTLGUI\RELEASE4TOOLS\GUI_LISTBOX.OBJ
E:\DBOG\DBOGLOBAL_DEV\DBOCLIENT\LIB\NTLGUI\RELEASE4TOOLS\GUI_LISTBOX_GENERIC.OBJ
E:\DBOG\DBOGLOBAL_DEV\DBOCLIENT\LIB\NTLGUI\RELEASE4TOOLS\GUI_MDSTATICBOX.OBJ
E:\DBOG\DBOGLOBAL_DEV\DBOCLIENT\LIB\NTLGUI\RELEASE4TOOLS\GUI_MDSTATICBOX_GENERIC.OBJ
E:\DBOG\DBOGLOBAL_DEV\DBOCLIENT\LIB\NTLGUI\RELEASE4TOOLS\GUI_OUTPUTBOX.OBJ
E:\DBOG\DBOGLOBAL_DEV\DBOCLIENT\LIB\NTLGUI\RELEASE4TOOLS\GUI_OUTPUTBOX_GENERIC.OBJ
E:\DBOG\DBOGLOBAL_DEV\DBOCLIENT\LIB\NTLGUI\RELEASE4TOOLS\GUI_PANEL.OBJ
E:\DBOG\DBOGLOBAL_DEV\DBOCLIENT\LIB\NTLGUI\RELEASE4TOOLS\GUI_PANEL_GENERIC.OBJ
E:\DBOG\DBOGLOBAL_DEV\DBOCLIENT\LIB\NTLGUI\RELEASE4TOOLS\GUI_PARTICLE.OBJ
E:\DBOG\DBOGLOBAL_DEV\DBOCLIENT\LIB\NTLGUI\RELEASE4TOOLS\GUI_PARTICLE_DOC.OBJ
E:\DBOG\DBOGLOBAL_DEV\DBOCLIENT\LIB\NTLGUI\RELEASE4TOOLS\GUI_PARTICLEAFFECTOR.OBJ
E:\DBOG\DBOGLOBAL_DEV\DBOCLIENT\LIB\NTLGUI\RELEASE4TOOLS\GUI_PARTICLEBOX.OBJ
E:\DBOG\DBOGLOBAL_DEV\DBOCLIENT\LIB\NTLGUI\RELEASE4TOOLS\GUI_PARTICLEBOX_GENERIC.OBJ
E:\DBOG\DBOGLOBAL_DEV\DBOCLIENT\LIB\NTLGUI\RELEASE4TOOLS\GUI_PARTICLEEMITTER.OBJ
E:\DBOG\DBOGLOBAL_DEV\DBOCLIENT\LIB\NTLGUI\RELEASE4TOOLS\GUI_PARTICLEPATH.OBJ
E:\DBOG\DBOGLOBAL_DEV\DBOCLIENT\LIB\NTLGUI\RELEASE4TOOLS\GUI_PARTICLESYSTEM.OBJ
E:\DBOG\DBOGLOBAL_DEV\DBOCLIENT\LIB\NTLGUI\RELEASE4TOOLS\GUI_PRECOMP.OBJ
E:\DBOG\DBOGLOBAL_DEV\DBOCLIENT\LIB\NTLGUI\RELEASE4TOOLS\GUI_PROGRESSBAR.OBJ
E:\DBOG\DBOGLOBAL_DEV\DBOCLIENT\LIB\NTLGUI\RELEASE4TOOLS\GUI_PROGRESSBAR_GENERIC.OBJ
E:\DBOG\DBOGLOBAL_DEV\DBOCLIENT\LIB\NTLGUI\RELEASE4TOOLS\GUI_RENDERER.OBJ
E:\DBOG\DBOGLOBAL_DEV\DBOCLIENT\LIB\NTLGUI\RELEASE4TOOLS\GUI_RESOURCEFILEPASER.OBJ
E:\DBOG\DBOGLOBAL_DEV\DBOCLIENT\LIB\NTLGUI\RELEASE4TOOLS\GUI_RESOURCEMANAGER.OBJ
E:\DBOG\DBOGLOBAL_DEV\DBOCLIENT\LIB\NTLGUI\RELEASE4TOOLS\GUI_RESOURCEMANAGER_GENERIC.OBJ
E:\DBOG\DBOGLOBAL_DEV\DBOCLIENT\LIB\NTLGUI\RELEASE4TOOLS\GUI_RESOURCEPAGE.OBJ
E:\DBOG\DBOGLOBAL_DEV\DBOCLIENT\LIB\NTLGUI\RELEASE4TOOLS\GUI_SCROLLBAR.OBJ
E:\DBOG\DBOGLOBAL_DEV\DBOCLIENT\LIB\NTLGUI\RELEASE4TOOLS\GUI_SCROLLBAR_GENERIC.OBJ
E:\DBOG\DBOGLOBAL_DEV\DBOCLIENT\LIB\NTLGUI\RELEASE4TOOLS\GUI_SETUPGUI.OBJ
E:\DBOG\DBOGLOBAL_DEV\DBOCLIENT\LIB\NTLGUI\RELEASE4TOOLS\GUI_SLIDERBAR.OBJ
E:\DBOG\DBOGLOBAL_DEV\DBOCLIENT\LIB\NTLGUI\RELEASE4TOOLS\GUI_SLIDERBAR_GENERIC.OBJ
E:\DBOG\DBOGLOBAL_DEV\DBOCLIENT\LIB\NTLGUI\RELEASE4TOOLS\GUI_STATICBOX.OBJ
E:\DBOG\DBOGLOBAL_DEV\DBOCLIENT\LIB\NTLGUI\RELEASE4TOOLS\GUI_STATICBOX_GENERIC.OBJ
E:\DBOG\DBOGLOBAL_DEV\DBOCLIENT\LIB\NTLGUI\RELEASE4TOOLS\GUI_SURFACEFILEPASER.OBJ
E:\DBOG\DBOGLOBAL_DEV\DBOCLIENT\LIB\NTLGUI\RELEASE4TOOLS\GUI_SURFACEMANAGER.OBJ
E:\DBOG\DBOGLOBAL_DEV\DBOCLIENT\LIB\NTLGUI\RELEASE4TOOLS\GUI_SURFACEMANAGER_GENERIC.OBJ
E:\DBOG\DBOGLOBAL_DEV\DBOCLIENT\LIB\NTLGUI\RELEASE4TOOLS\GUI_SURFACEPAGE.OBJ
E:\DBOG\DBOGLOBAL_DEV\DBOCLIENT\LIB\NTLGUI\RELEASE4TOOLS\GUI_TABBUTTON.OBJ
E:\DBOG\DBOGLOBAL_DEV\DBOCLIENT\LIB\NTLGUI\RELEASE4TOOLS\GUI_TABBUTTON_GENERIC.OBJ
E:\DBOG\DBOGLOBAL_DEV\DBOCLIENT\LIB\NTLGUI\RELEASE4TOOLS\GUI_TABBUTTON_ITEM.OBJ
E:\DBOG\DBOGLOBAL_DEV\DBOCLIENT\LIB\NTLGUI\RELEASE4TOOLS\GUI_TEXTURE.OBJ
E:\DBOG\DBOGLOBAL_DEV\DBOCLIENT\LIB\NTLGUI\RELEASE4TOOLS\GUI_TEXTUREMANAGER.OBJ
E:\DBOG\DBOGLOBAL_DEV\DBOCLIENT\LIB\NTLGUI\RELEASE4TOOLS\GUI_TOOLTIP.OBJ
E:\DBOG\DBOGLOBAL_DEV\DBOCLIENT\LIB\NTLGUI\RELEASE4TOOLS\GUI_TOOLTIP_GENERIC.OBJ
E:\DBOG\DBOGLOBAL_DEV\DBOCLIENT\LIB\NTLGUI\RELEASE4TOOLS\GUI_UNIBUFFER.OBJ
E:\DBOG\DBOGLOBAL_DEV\DBOCLIENT\LIB\NTLGUI\RELEASE4TOOLS\GUIUTIL.OBJ
E:\DBOG\DBOGLOBAL_DEV\DboClient\Lib\NtlGui\Release4Tools\lib.command.1.tlog
E:\DBOG\DBOGLOBAL_DEV\DboClient\Lib\NtlGui\Release4Tools\Lib-link.read.1.tlog
E:\DBOG\DBOGLOBAL_DEV\DboClient\Lib\NtlGui\Release4Tools\Lib-link.write.1.tlog
E:\DBOG\DBOGLOBAL_DEV\DBOCLIENT\LIB\NTLGUI\RELEASE4TOOLS\MOUSE.OBJ
E:\DBOG\DBOGLOBAL_DEV\DBOCLIENT\LIB\NTLGUI\RELEASE4TOOLS\NTLGUI.PCH
E:\DBOG\DBOGLOBAL_DEV\DBOCLIENT\LIB\NTLGUI\RELEASE4TOOLS\POSITION.OBJ
E:\DBOG\DBOGLOBAL_DEV\DBOCLIENT\LIB\NTLGUI\RELEASE4TOOLS\RECTANGLE.OBJ
E:\DBOG\DBOGLOBAL_DEV\DBOCLIENT\LIB\NTLGUI\RELEASE4TOOLS\STRINGLOCALCONVERTER.OBJ
E:\DBOG\DBOGLOBAL_DEV\DBOCLIENT\LIB\NTLGUI\RELEASE4TOOLS\STRINGLOCALCONVERTER_KOREAN.OBJ
E:\DBOG\DBOGLOBAL_DEV\DBOCLIENT\LIB\NTLGUI\RELEASE4TOOLS\TIMER.OBJ
E:\DBOG\DBOGLOBAL_DEV\DBOCLIENT\LIB\NTLGUI\RELEASE4TOOLS\VC80.PDB
E:\DBOG\DBOGLOBAL_DEV\DBOCLIENT\RELEASE4TOOLS\NTLGUI.LIB
