E:\DBOG\DBOGLOBAL_DEV\DBOCLIENT\LIB\NTLSIMULATION\RELEASE4TOOLS\ACTIONMAP.OBJ
E:\DBOG\DBOGLOBAL_DEV\DboClient\Lib\NtlSimulation\Release4Tools\CL.11116.read.1.tlog
E:\DBOG\DBOGLOBAL_DEV\DboClient\Lib\NtlSimulation\Release4Tools\CL.11116.write.1.tlog
E:\DBOG\DBOGLOBAL_DEV\DboClient\Lib\NtlSimulation\Release4Tools\CL.11244.read.1.tlog
E:\DBOG\DBOGLOBAL_DEV\DboClient\Lib\NtlSimulation\Release4Tools\CL.11244.write.1.tlog
E:\DBOG\DBOGLOBAL_DEV\DboClient\Lib\NtlSimulation\Release4Tools\CL.11952.read.1.tlog
E:\DBOG\DBOGLOBAL_DEV\DboClient\Lib\NtlSimulation\Release4Tools\CL.11952.write.1.tlog
E:\DBOG\DBOGLOBAL_DEV\DboClient\Lib\NtlSimulation\Release4Tools\CL.12868.read.1.tlog
E:\DBOG\DBOGLOBAL_DEV\DboClient\Lib\NtlSimulation\Release4Tools\CL.12868.write.1.tlog
E:\DBOG\DBOGLOBAL_DEV\DboClient\Lib\NtlSimulation\Release4Tools\CL.14988.read.1.tlog
E:\DBOG\DBOGLOBAL_DEV\DboClient\Lib\NtlSimulation\Release4Tools\CL.14988.write.1.tlog
E:\DBOG\DBOGLOBAL_DEV\DboClient\Lib\NtlSimulation\Release4Tools\CL.1672.read.1.tlog
E:\DBOG\DBOGLOBAL_DEV\DboClient\Lib\NtlSimulation\Release4Tools\CL.1672.write.1.tlog
E:\DBOG\DBOGLOBAL_DEV\DboClient\Lib\NtlSimulation\Release4Tools\CL.17692.read.1.tlog
E:\DBOG\DBOGLOBAL_DEV\DboClient\Lib\NtlSimulation\Release4Tools\CL.17692.write.1.tlog
E:\DBOG\DBOGLOBAL_DEV\DboClient\Lib\NtlSimulation\Release4Tools\CL.1892.read.1.tlog
E:\DBOG\DBOGLOBAL_DEV\DboClient\Lib\NtlSimulation\Release4Tools\CL.1892.write.1.tlog
E:\DBOG\DBOGLOBAL_DEV\DboClient\Lib\NtlSimulation\Release4Tools\CL.20584.read.1.tlog
E:\DBOG\DBOGLOBAL_DEV\DboClient\Lib\NtlSimulation\Release4Tools\CL.20584.write.1.tlog
E:\DBOG\DBOGLOBAL_DEV\DboClient\Lib\NtlSimulation\Release4Tools\CL.20764.read.1.tlog
E:\DBOG\DBOGLOBAL_DEV\DboClient\Lib\NtlSimulation\Release4Tools\CL.20764.write.1.tlog
E:\DBOG\DBOGLOBAL_DEV\DboClient\Lib\NtlSimulation\Release4Tools\CL.3172.read.1.tlog
E:\DBOG\DBOGLOBAL_DEV\DboClient\Lib\NtlSimulation\Release4Tools\CL.3172.write.1.tlog
E:\DBOG\DBOGLOBAL_DEV\DboClient\Lib\NtlSimulation\Release4Tools\CL.3996.read.1.tlog
E:\DBOG\DBOGLOBAL_DEV\DboClient\Lib\NtlSimulation\Release4Tools\CL.3996.write.1.tlog
E:\DBOG\DBOGLOBAL_DEV\DboClient\Lib\NtlSimulation\Release4Tools\CL.4792.read.1.tlog
E:\DBOG\DBOGLOBAL_DEV\DboClient\Lib\NtlSimulation\Release4Tools\CL.4792.write.1.tlog
E:\DBOG\DBOGLOBAL_DEV\DboClient\Lib\NtlSimulation\Release4Tools\CL.5100.read.1.tlog
E:\DBOG\DBOGLOBAL_DEV\DboClient\Lib\NtlSimulation\Release4Tools\CL.5100.write.1.tlog
E:\DBOG\DBOGLOBAL_DEV\DboClient\Lib\NtlSimulation\Release4Tools\CL.6352.read.1.tlog
E:\DBOG\DBOGLOBAL_DEV\DboClient\Lib\NtlSimulation\Release4Tools\CL.6352.write.1.tlog
E:\DBOG\DBOGLOBAL_DEV\DboClient\Lib\NtlSimulation\Release4Tools\CL.8580.read.1.tlog
E:\DBOG\DBOGLOBAL_DEV\DboClient\Lib\NtlSimulation\Release4Tools\CL.8580.write.1.tlog
E:\DBOG\DBOGLOBAL_DEV\DboClient\Lib\NtlSimulation\Release4Tools\cl.command.1.tlog
E:\DBOG\DBOGLOBAL_DEV\DboClient\Lib\NtlSimulation\Release4Tools\CL.read.1.tlog
E:\DBOG\DBOGLOBAL_DEV\DboClient\Lib\NtlSimulation\Release4Tools\CL.write.1.tlog
E:\DBOG\DBOGLOBAL_DEV\DBOCLIENT\LIB\NTLSIMULATION\RELEASE4TOOLS\DBODIRECTORINDICATE.OBJ
E:\DBOG\DBOGLOBAL_DEV\DBOCLIENT\LIB\NTLSIMULATION\RELEASE4TOOLS\DBOMOVINGALGORITHM.OBJ
E:\DBOG\DBOGLOBAL_DEV\DBOCLIENT\LIB\NTLSIMULATION\RELEASE4TOOLS\DBOTLCONDITIONCHECK.OBJ
E:\DBOG\DBOGLOBAL_DEV\DBOCLIENT\LIB\NTLSIMULATION\RELEASE4TOOLS\DBOTLCONDITIONCHECKSTATE.OBJ
E:\DBOG\DBOGLOBAL_DEV\DBOCLIENT\LIB\NTLSIMULATION\RELEASE4TOOLS\DBOTLCONTROLLER.OBJ
E:\DBOG\DBOGLOBAL_DEV\DBOCLIENT\LIB\NTLSIMULATION\RELEASE4TOOLS\DBOTLENTITY.OBJ
E:\DBOG\DBOGLOBAL_DEV\DBOCLIENT\LIB\NTLSIMULATION\RELEASE4TOOLS\DBOTLLOADER.OBJ
E:\DBOG\DBOGLOBAL_DEV\DBOCLIENT\LIB\NTLSIMULATION\RELEASE4TOOLS\DBOTLSYSTEM.OBJ
E:\DBOG\DBOGLOBAL_DEV\DBOCLIENT\LIB\NTLSIMULATION\RELEASE4TOOLS\DBOTSCMAIN.OBJ
E:\DBOG\DBOGLOBAL_DEV\DBOCLIENT\LIB\NTLSIMULATION\RELEASE4TOOLS\DBOTSCOBJAGENCY.OBJ
E:\DBOG\DBOGLOBAL_DEV\DBOCLIENT\LIB\NTLSIMULATION\RELEASE4TOOLS\DBOTSCQAGENCY.OBJ
E:\DBOG\DBOGLOBAL_DEV\DBOCLIENT\LIB\NTLSIMULATION\RELEASE4TOOLS\DBOTSCQCTRL.OBJ
E:\DBOG\DBOGLOBAL_DEV\DBOCLIENT\LIB\NTLSIMULATION\RELEASE4TOOLS\DBOTSCQRECV.OBJ
E:\DBOG\DBOGLOBAL_DEV\DBOCLIENT\LIB\NTLSIMULATION\RELEASE4TOOLS\DBOTSCTAGENCY.OBJ
E:\DBOG\DBOGLOBAL_DEV\DBOCLIENT\LIB\NTLSIMULATION\RELEASE4TOOLS\DBOTSCTCTRL.OBJ
E:\DBOG\DBOGLOBAL_DEV\DBOCLIENT\LIB\NTLSIMULATION\RELEASE4TOOLS\DBOTSCTRECV.OBJ
E:\DBOG\DBOGLOBAL_DEV\DBOCLIENT\LIB\NTLSIMULATION\RELEASE4TOOLS\DBOTSDEFINE.OBJ
E:\DBOG\DBOGLOBAL_DEV\DBOCLIENT\LIB\NTLSIMULATION\RELEASE4TOOLS\DBOTSENTITYFASTFINDER.OBJ
E:\DBOG\DBOGLOBAL_DEV\DBOCLIENT\LIB\NTLSIMULATION\RELEASE4TOOLS\DBOTSFACTORY.OBJ
E:\DBOG\DBOGLOBAL_DEV\DBOCLIENT\LIB\NTLSIMULATION\RELEASE4TOOLS\DBOTSFACTORYTYPE.OBJ
E:\DBOG\DBOGLOBAL_DEV\DBOCLIENT\LIB\NTLSIMULATION\RELEASE4TOOLS\DBOUNIFIEDQUESTNARRATION.OBJ
E:\DBOG\DBOGLOBAL_DEV\DBOCLIENT\LIB\NTLSIMULATION\RELEASE4TOOLS\INPUTACTIONMAP.OBJ
E:\DBOG\DBOGLOBAL_DEV\DBOCLIENT\LIB\NTLSIMULATION\RELEASE4TOOLS\INPUTHANDLER.OBJ
E:\DBOG\DBOGLOBAL_DEV\DboClient\Lib\NtlSimulation\Release4Tools\lib.command.1.tlog
E:\DBOG\DBOGLOBAL_DEV\DboClient\Lib\NtlSimulation\Release4Tools\Lib-link.read.1.tlog
E:\DBOG\DBOGLOBAL_DEV\DboClient\Lib\NtlSimulation\Release4Tools\Lib-link.write.1.tlog
E:\DBOG\DBOGLOBAL_DEV\DBOCLIENT\LIB\NTLSIMULATION\RELEASE4TOOLS\NTLBEHAVIORBASE.OBJ
E:\DBOG\DBOGLOBAL_DEV\DBOCLIENT\LIB\NTLSIMULATION\RELEASE4TOOLS\NTLBEHAVIORCHAR.OBJ
E:\DBOG\DBOGLOBAL_DEV\DBOCLIENT\LIB\NTLSIMULATION\RELEASE4TOOLS\NTLBEHAVIORCHARADJUSTMOVE.OBJ
E:\DBOG\DBOGLOBAL_DEV\DBOCLIENT\LIB\NTLSIMULATION\RELEASE4TOOLS\NTLBEHAVIORCHARAIRMOVE.OBJ
E:\DBOG\DBOGLOBAL_DEV\DBOCLIENT\LIB\NTLSIMULATION\RELEASE4TOOLS\NTLBEHAVIORCHARGROUNDMOVE.OBJ
E:\DBOG\DBOGLOBAL_DEV\DBOCLIENT\LIB\NTLSIMULATION\RELEASE4TOOLS\NTLBEHAVIORCHARIDLEPATTERN.OBJ
E:\DBOG\DBOGLOBAL_DEV\DBOCLIENT\LIB\NTLSIMULATION\RELEASE4TOOLS\NTLBEHAVIORCHARJUMP.OBJ
E:\DBOG\DBOGLOBAL_DEV\DBOCLIENT\LIB\NTLSIMULATION\RELEASE4TOOLS\NTLBEHAVIORCHARMOVE.OBJ
E:\DBOG\DBOGLOBAL_DEV\DBOCLIENT\LIB\NTLSIMULATION\RELEASE4TOOLS\NTLBEHAVIORCHARSWIMMINGMOVE.OBJ
E:\DBOG\DBOGLOBAL_DEV\DBOCLIENT\LIB\NTLSIMULATION\RELEASE4TOOLS\NTLBEHAVIORDATA.OBJ
E:\DBOG\DBOGLOBAL_DEV\DBOCLIENT\LIB\NTLSIMULATION\RELEASE4TOOLS\NTLBEHAVIORPROJ.OBJ
E:\DBOG\DBOGLOBAL_DEV\DBOCLIENT\LIB\NTLSIMULATION\RELEASE4TOOLS\NTLBEHAVIORVEHICLE.OBJ
E:\DBOG\DBOGLOBAL_DEV\DBOCLIENT\LIB\NTLSIMULATION\RELEASE4TOOLS\NTLBEHAVIORVEHICLEDIRHELPER.OBJ
E:\DBOG\DBOGLOBAL_DEV\DBOCLIENT\LIB\NTLSIMULATION\RELEASE4TOOLS\NTLBEHAVIORVEHICLEMOVE.OBJ
E:\DBOG\DBOGLOBAL_DEV\DBOCLIENT\LIB\NTLSIMULATION\RELEASE4TOOLS\NTLBUFFCONTAINER.OBJ
E:\DBOG\DBOGLOBAL_DEV\DBOCLIENT\LIB\NTLSIMULATION\RELEASE4TOOLS\NTLCAMERACONTROLLER.OBJ
E:\DBOG\DBOGLOBAL_DEV\DBOCLIENT\LIB\NTLSIMULATION\RELEASE4TOOLS\NTLCAMERAMANAGER.OBJ
E:\DBOG\DBOGLOBAL_DEV\DBOCLIENT\LIB\NTLSIMULATION\RELEASE4TOOLS\NTLCLOCK.OBJ
E:\DBOG\DBOGLOBAL_DEV\DBOCLIENT\LIB\NTLSIMULATION\RELEASE4TOOLS\NTLDTCINEMATICMANAGER.OBJ
E:\DBOG\DBOGLOBAL_DEV\DBOCLIENT\LIB\NTLSIMULATION\RELEASE4TOOLS\NTLDTCINEMATICNODE.OBJ
E:\DBOG\DBOGLOBAL_DEV\DBOCLIENT\LIB\NTLSIMULATION\RELEASE4TOOLS\NTLDTNODE.OBJ
E:\DBOG\DBOGLOBAL_DEV\DBOCLIENT\LIB\NTLSIMULATION\RELEASE4TOOLS\NTLDTPROP.OBJ
E:\DBOG\DBOGLOBAL_DEV\DBOCLIENT\LIB\NTLSIMULATION\RELEASE4TOOLS\NTLFSMAGENT.OBJ
E:\DBOG\DBOGLOBAL_DEV\DBOCLIENT\LIB\NTLSIMULATION\RELEASE4TOOLS\NTLFSMBASE.OBJ
E:\DBOG\DBOGLOBAL_DEV\DBOCLIENT\LIB\NTLSIMULATION\RELEASE4TOOLS\NTLFSMCHARACT.OBJ
E:\DBOG\DBOGLOBAL_DEV\DBOCLIENT\LIB\NTLSIMULATION\RELEASE4TOOLS\NTLFSMCHARACTAGENT.OBJ
E:\DBOG\DBOGLOBAL_DEV\DBOCLIENT\LIB\NTLSIMULATION\RELEASE4TOOLS\NTLFSMCHARACTEVENTPROC.OBJ
E:\DBOG\DBOGLOBAL_DEV\DBOCLIENT\LIB\NTLSIMULATION\RELEASE4TOOLS\NTLFSMCHARACTLAYER.OBJ
E:\DBOG\DBOGLOBAL_DEV\DBOCLIENT\LIB\NTLSIMULATION\RELEASE4TOOLS\NTLFSMCHARACTSTATE.OBJ
E:\DBOG\DBOGLOBAL_DEV\DBOCLIENT\LIB\NTLSIMULATION\RELEASE4TOOLS\NTLFSMCHARACTSTATEBASE.OBJ
E:\DBOG\DBOGLOBAL_DEV\DBOCLIENT\LIB\NTLSIMULATION\RELEASE4TOOLS\NTLFSMCHARCONTROLLER.OBJ
E:\DBOG\DBOGLOBAL_DEV\DBOCLIENT\LIB\NTLSIMULATION\RELEASE4TOOLS\NTLFSMCHARCONTROLLERAI.OBJ
E:\DBOG\DBOGLOBAL_DEV\DBOCLIENT\LIB\NTLSIMULATION\RELEASE4TOOLS\NTLFSMCHARCONTROLLERUTIL.OBJ
E:\DBOG\DBOGLOBAL_DEV\DBOCLIENT\LIB\NTLSIMULATION\RELEASE4TOOLS\NTLFSMEVENTQUEUE.OBJ
E:\DBOG\DBOGLOBAL_DEV\DBOCLIENT\LIB\NTLSIMULATION\RELEASE4TOOLS\NTLFSMEVENTQUEUINGHELPER.OBJ
E:\DBOG\DBOGLOBAL_DEV\DBOCLIENT\LIB\NTLSIMULATION\RELEASE4TOOLS\NTLFSMLAYER.OBJ
E:\DBOG\DBOGLOBAL_DEV\DBOCLIENT\LIB\NTLSIMULATION\RELEASE4TOOLS\NTLFSMLOOKATMANAGER.OBJ
E:\DBOG\DBOGLOBAL_DEV\DBOCLIENT\LIB\NTLSIMULATION\RELEASE4TOOLS\NTLFSMSTATEBASE.OBJ
E:\DBOG\DBOGLOBAL_DEV\DBOCLIENT\LIB\NTLSIMULATION\RELEASE4TOOLS\NTLFSMUTIL.OBJ
E:\DBOG\DBOGLOBAL_DEV\DBOCLIENT\LIB\NTLSIMULATION\RELEASE4TOOLS\NTLFSMVEHICLEACT.OBJ
E:\DBOG\DBOGLOBAL_DEV\DBOCLIENT\LIB\NTLSIMULATION\RELEASE4TOOLS\NTLFSMVEHICLEACTAGENT.OBJ
E:\DBOG\DBOGLOBAL_DEV\DBOCLIENT\LIB\NTLSIMULATION\RELEASE4TOOLS\NTLFSMVEHICLEACTLAYER.OBJ
E:\DBOG\DBOGLOBAL_DEV\DBOCLIENT\LIB\NTLSIMULATION\RELEASE4TOOLS\NTLFSMVEHICLEACTSTATE.OBJ
E:\DBOG\DBOGLOBAL_DEV\DBOCLIENT\LIB\NTLSIMULATION\RELEASE4TOOLS\NTLFSMVEHICLEACTSTATEBASE.OBJ
E:\DBOG\DBOGLOBAL_DEV\DBOCLIENT\LIB\NTLSIMULATION\RELEASE4TOOLS\NTLFSMVEHICLECONTROLLER.OBJ
E:\DBOG\DBOGLOBAL_DEV\DBOCLIENT\LIB\NTLSIMULATION\RELEASE4TOOLS\NTLGUILDWAREHOUSE.OBJ
E:\DBOG\DBOGLOBAL_DEV\DBOCLIENT\LIB\NTLSIMULATION\RELEASE4TOOLS\NTLINVENTORY.OBJ
E:\DBOG\DBOGLOBAL_DEV\DBOCLIENT\LIB\NTLSIMULATION\RELEASE4TOOLS\NTLNETSENDER.OBJ
E:\DBOG\DBOGLOBAL_DEV\DBOCLIENT\LIB\NTLSIMULATION\RELEASE4TOOLS\NTLOTHERPARAM.OBJ
E:\DBOG\DBOGLOBAL_DEV\DBOCLIENT\LIB\NTLSIMULATION\RELEASE4TOOLS\NTLPACKETGENERATOR.OBJ
E:\DBOG\DBOGLOBAL_DEV\DBOCLIENT\LIB\NTLSIMULATION\RELEASE4TOOLS\NTLPACKETHANDLER.OBJ
E:\DBOG\DBOGLOBAL_DEV\DBOCLIENT\LIB\NTLSIMULATION\RELEASE4TOOLS\NTLPACKETLOCKMANAGER.OBJ
E:\DBOG\DBOGLOBAL_DEV\DBOCLIENT\LIB\NTLSIMULATION\RELEASE4TOOLS\NTLRANGEBGM.OBJ
E:\DBOG\DBOGLOBAL_DEV\DBOCLIENT\LIB\NTLSIMULATION\RELEASE4TOOLS\NTLSHARETARGETMARK.OBJ
E:\DBOG\DBOGLOBAL_DEV\DBOCLIENT\LIB\NTLSIMULATION\RELEASE4TOOLS\NTLSIMULATION.PCH
E:\DBOG\DBOGLOBAL_DEV\DboClient\Lib\NtlSimulation\Release4Tools\NtlSimulation.vcxprojAssemblyReference.cache
E:\DBOG\DBOGLOBAL_DEV\DBOCLIENT\LIB\NTLSIMULATION\RELEASE4TOOLS\NTLSKILLCONTAINER.OBJ
E:\DBOG\DBOGLOBAL_DEV\DBOCLIENT\LIB\NTLSIMULATION\RELEASE4TOOLS\NTLSLAPI.OBJ
E:\DBOG\DBOGLOBAL_DEV\DBOCLIENT\LIB\NTLSIMULATION\RELEASE4TOOLS\NTLSLBLACKLIST.OBJ
E:\DBOG\DBOGLOBAL_DEV\DBOCLIENT\LIB\NTLSIMULATION\RELEASE4TOOLS\NTLSLCCBD.OBJ
E:\DBOG\DBOGLOBAL_DEV\DBOCLIENT\LIB\NTLSIMULATION\RELEASE4TOOLS\NTLSLCENODE.OBJ
E:\DBOG\DBOGLOBAL_DEV\DBOCLIENT\LIB\NTLSIMULATION\RELEASE4TOOLS\NTLSLCOMMUNITYAGENT.OBJ
E:\DBOG\DBOGLOBAL_DEV\DBOCLIENT\LIB\NTLSIMULATION\RELEASE4TOOLS\NTLSLCOMMUNITYGROUP.OBJ
E:\DBOG\DBOGLOBAL_DEV\DBOCLIENT\LIB\NTLSIMULATION\RELEASE4TOOLS\NTLSLDOJO.OBJ
E:\DBOG\DBOGLOBAL_DEV\DBOCLIENT\LIB\NTLSIMULATION\RELEASE4TOOLS\NTLSLEVENT.OBJ
E:\DBOG\DBOGLOBAL_DEV\DBOCLIENT\LIB\NTLSIMULATION\RELEASE4TOOLS\NTLSLEVENTFUNC.OBJ
E:\DBOG\DBOGLOBAL_DEV\DBOCLIENT\LIB\NTLSIMULATION\RELEASE4TOOLS\NTLSLEVENTHANDLER.OBJ
E:\DBOG\DBOGLOBAL_DEV\DBOCLIENT\LIB\NTLSIMULATION\RELEASE4TOOLS\NTLSLFRIENDLIST.OBJ
E:\DBOG\DBOGLOBAL_DEV\DBOCLIENT\LIB\NTLSIMULATION\RELEASE4TOOLS\NTLSLGLOBAL.OBJ
E:\DBOG\DBOGLOBAL_DEV\DBOCLIENT\LIB\NTLSIMULATION\RELEASE4TOOLS\NTLSLGUILD.OBJ
E:\DBOG\DBOGLOBAL_DEV\DBOCLIENT\LIB\NTLSIMULATION\RELEASE4TOOLS\NTLSLHELPERS.OBJ
E:\DBOG\DBOGLOBAL_DEV\DBOCLIENT\LIB\NTLSIMULATION\RELEASE4TOOLS\NTLSLHOIPOIMIX.OBJ
E:\DBOG\DBOGLOBAL_DEV\DBOCLIENT\LIB\NTLSIMULATION\RELEASE4TOOLS\NTLSLLOGIC.OBJ
E:\DBOG\DBOGLOBAL_DEV\DBOCLIENT\LIB\NTLSIMULATION\RELEASE4TOOLS\NTLSLLOGICAPPLY.OBJ
E:\DBOG\DBOGLOBAL_DEV\DBOCLIENT\LIB\NTLSIMULATION\RELEASE4TOOLS\NTLSLLUAGLUE.OBJ
E:\DBOG\DBOGLOBAL_DEV\DBOCLIENT\LIB\NTLSIMULATION\RELEASE4TOOLS\NTLSLLUAGLUESTUFF.OBJ
E:\DBOG\DBOGLOBAL_DEV\DBOCLIENT\LIB\NTLSIMULATION\RELEASE4TOOLS\NTLSLMAILSYSTEM.OBJ
E:\DBOG\DBOGLOBAL_DEV\DBOCLIENT\LIB\NTLSIMULATION\RELEASE4TOOLS\NTLSLPACKETGENERATOR.OBJ
E:\DBOG\DBOGLOBAL_DEV\DBOCLIENT\LIB\NTLSIMULATION\RELEASE4TOOLS\NTLSLPARTY.OBJ
E:\DBOG\DBOGLOBAL_DEV\DBOCLIENT\LIB\NTLSIMULATION\RELEASE4TOOLS\NTLSLPRIVATESHOP.OBJ
E:\DBOG\DBOGLOBAL_DEV\DBOCLIENT\LIB\NTLSIMULATION\RELEASE4TOOLS\NTLSLRANKBATTLE.OBJ
E:\DBOG\DBOGLOBAL_DEV\DBOCLIENT\LIB\NTLSIMULATION\RELEASE4TOOLS\NTLSLTBCROWDCONTROLLER.OBJ
E:\DBOG\DBOGLOBAL_DEV\DBOCLIENT\LIB\NTLSIMULATION\RELEASE4TOOLS\NTLSLTBCROWDMANAGER.OBJ
E:\DBOG\DBOGLOBAL_DEV\DBOCLIENT\LIB\NTLSIMULATION\RELEASE4TOOLS\NTLSLTBUDOKAI.OBJ
E:\DBOG\DBOGLOBAL_DEV\DBOCLIENT\LIB\NTLSIMULATION\RELEASE4TOOLS\NTLSLTMQ.OBJ
E:\DBOG\DBOGLOBAL_DEV\DBOCLIENT\LIB\NTLSIMULATION\RELEASE4TOOLS\NTLSLVISUALLOGIC.OBJ
E:\DBOG\DBOGLOBAL_DEV\DBOCLIENT\LIB\NTLSIMULATION\RELEASE4TOOLS\NTLSOB.OBJ
E:\DBOG\DBOGLOBAL_DEV\DBOCLIENT\LIB\NTLSIMULATION\RELEASE4TOOLS\NTLSOBACTIONSKILL.OBJ
E:\DBOG\DBOGLOBAL_DEV\DBOCLIENT\LIB\NTLSIMULATION\RELEASE4TOOLS\NTLSOBACTIONSKILLATTR.OBJ
E:\DBOG\DBOGLOBAL_DEV\DBOCLIENT\LIB\NTLSIMULATION\RELEASE4TOOLS\NTLSOBACTIONSKILLICON.OBJ
E:\DBOG\DBOGLOBAL_DEV\DBOCLIENT\LIB\NTLSIMULATION\RELEASE4TOOLS\NTLSOBACTOR.OBJ
E:\DBOG\DBOGLOBAL_DEV\DBOCLIENT\LIB\NTLSIMULATION\RELEASE4TOOLS\NTLSOBACTORCTRLDATA.OBJ
E:\DBOG\DBOGLOBAL_DEV\DBOCLIENT\LIB\NTLSIMULATION\RELEASE4TOOLS\NTLSOBATTR.OBJ
E:\DBOG\DBOGLOBAL_DEV\DBOCLIENT\LIB\NTLSIMULATION\RELEASE4TOOLS\NTLSOBATTRFACTORY.OBJ
E:\DBOG\DBOGLOBAL_DEV\DBOCLIENT\LIB\NTLSIMULATION\RELEASE4TOOLS\NTLSOBAVATAR.OBJ
E:\DBOG\DBOGLOBAL_DEV\DBOCLIENT\LIB\NTLSIMULATION\RELEASE4TOOLS\NTLSOBAVATARATTR.OBJ
E:\DBOG\DBOGLOBAL_DEV\DBOCLIENT\LIB\NTLSIMULATION\RELEASE4TOOLS\NTLSOBBUFF.OBJ
E:\DBOG\DBOGLOBAL_DEV\DBOCLIENT\LIB\NTLSIMULATION\RELEASE4TOOLS\NTLSOBBUFFATTR.OBJ
E:\DBOG\DBOGLOBAL_DEV\DBOCLIENT\LIB\NTLSIMULATION\RELEASE4TOOLS\NTLSOBBUFFICON.OBJ
E:\DBOG\DBOGLOBAL_DEV\DBOCLIENT\LIB\NTLSIMULATION\RELEASE4TOOLS\NTLSOBCHARPERFCONTROLLER.OBJ
E:\DBOG\DBOGLOBAL_DEV\DBOCLIENT\LIB\NTLSIMULATION\RELEASE4TOOLS\NTLSOBCHARPROXY.OBJ
E:\DBOG\DBOGLOBAL_DEV\DBOCLIENT\LIB\NTLSIMULATION\RELEASE4TOOLS\NTLSOBCHARPROXYDECORATION.OBJ
E:\DBOG\DBOGLOBAL_DEV\DBOCLIENT\LIB\NTLSIMULATION\RELEASE4TOOLS\NTLSOBCHARPROXYEQUIP.OBJ
E:\DBOG\DBOGLOBAL_DEV\DBOCLIENT\LIB\NTLSIMULATION\RELEASE4TOOLS\NTLSOBCHARPROXYTRANSFORM.OBJ
E:\DBOG\DBOGLOBAL_DEV\DBOCLIENT\LIB\NTLSIMULATION\RELEASE4TOOLS\NTLSOBDYNAMICOBJECT.OBJ
E:\DBOG\DBOGLOBAL_DEV\DBOCLIENT\LIB\NTLSIMULATION\RELEASE4TOOLS\NTLSOBDYNAMICOBJECTATTR.OBJ
E:\DBOG\DBOGLOBAL_DEV\DBOCLIENT\LIB\NTLSIMULATION\RELEASE4TOOLS\NTLSOBDYNAMICOBJECTPROXY.OBJ
E:\DBOG\DBOGLOBAL_DEV\DBOCLIENT\LIB\NTLSIMULATION\RELEASE4TOOLS\NTLSOBELAPSEDCONTROLLER.OBJ
E:\DBOG\DBOGLOBAL_DEV\DBOCLIENT\LIB\NTLSIMULATION\RELEASE4TOOLS\NTLSOBEVENTOBJECT.OBJ
E:\DBOG\DBOGLOBAL_DEV\DBOCLIENT\LIB\NTLSIMULATION\RELEASE4TOOLS\NTLSOBEVENTOBJECTPROXY.OBJ
E:\DBOG\DBOGLOBAL_DEV\DBOCLIENT\LIB\NTLSIMULATION\RELEASE4TOOLS\NTLSOBFACTORY.OBJ
E:\DBOG\DBOGLOBAL_DEV\DBOCLIENT\LIB\NTLSIMULATION\RELEASE4TOOLS\NTLSOBFEELINGACTOR.OBJ
E:\DBOG\DBOGLOBAL_DEV\DBOCLIENT\LIB\NTLSIMULATION\RELEASE4TOOLS\NTLSOBGROUP.OBJ
E:\DBOG\DBOGLOBAL_DEV\DBOCLIENT\LIB\NTLSIMULATION\RELEASE4TOOLS\NTLSOBHTBSKILL.OBJ
E:\DBOG\DBOGLOBAL_DEV\DBOCLIENT\LIB\NTLSIMULATION\RELEASE4TOOLS\NTLSOBHTBSKILLATTR.OBJ
E:\DBOG\DBOGLOBAL_DEV\DBOCLIENT\LIB\NTLSIMULATION\RELEASE4TOOLS\NTLSOBHTBSKILLICON.OBJ
E:\DBOG\DBOGLOBAL_DEV\DBOCLIENT\LIB\NTLSIMULATION\RELEASE4TOOLS\NTLSOBICON.OBJ
E:\DBOG\DBOGLOBAL_DEV\DBOCLIENT\LIB\NTLSIMULATION\RELEASE4TOOLS\NTLSOBINFLUENCE.OBJ
E:\DBOG\DBOGLOBAL_DEV\DBOCLIENT\LIB\NTLSIMULATION\RELEASE4TOOLS\NTLSOBITEM.OBJ
E:\DBOG\DBOGLOBAL_DEV\DBOCLIENT\LIB\NTLSIMULATION\RELEASE4TOOLS\NTLSOBITEMATTR.OBJ
E:\DBOG\DBOGLOBAL_DEV\DBOCLIENT\LIB\NTLSIMULATION\RELEASE4TOOLS\NTLSOBITEMICON.OBJ
E:\DBOG\DBOGLOBAL_DEV\DBOCLIENT\LIB\NTLSIMULATION\RELEASE4TOOLS\NTLSOBMANAGER.OBJ
E:\DBOG\DBOGLOBAL_DEV\DBOCLIENT\LIB\NTLSIMULATION\RELEASE4TOOLS\NTLSOBMONSTER.OBJ
E:\DBOG\DBOGLOBAL_DEV\DBOCLIENT\LIB\NTLSIMULATION\RELEASE4TOOLS\NTLSOBMONSTERATTR.OBJ
E:\DBOG\DBOGLOBAL_DEV\DBOCLIENT\LIB\NTLSIMULATION\RELEASE4TOOLS\NTLSOBNPC.OBJ
E:\DBOG\DBOGLOBAL_DEV\DBOCLIENT\LIB\NTLSIMULATION\RELEASE4TOOLS\NTLSOBNPCATTR.OBJ
E:\DBOG\DBOGLOBAL_DEV\DBOCLIENT\LIB\NTLSIMULATION\RELEASE4TOOLS\NTLSOBPET.OBJ
E:\DBOG\DBOGLOBAL_DEV\DBOCLIENT\LIB\NTLSIMULATION\RELEASE4TOOLS\NTLSOBPETATTR.OBJ
E:\DBOG\DBOGLOBAL_DEV\DBOCLIENT\LIB\NTLSIMULATION\RELEASE4TOOLS\NTLSOBPLAYER.OBJ
E:\DBOG\DBOGLOBAL_DEV\DBOCLIENT\LIB\NTLSIMULATION\RELEASE4TOOLS\NTLSOBPLAYERATTR.OBJ
E:\DBOG\DBOGLOBAL_DEV\DBOCLIENT\LIB\NTLSIMULATION\RELEASE4TOOLS\NTLSOBPROJECTILE.OBJ
E:\DBOG\DBOGLOBAL_DEV\DBOCLIENT\LIB\NTLSIMULATION\RELEASE4TOOLS\NTLSOBPROJECTILEATTR.OBJ
E:\DBOG\DBOGLOBAL_DEV\DBOCLIENT\LIB\NTLSIMULATION\RELEASE4TOOLS\NTLSOBPROXY.OBJ
E:\DBOG\DBOGLOBAL_DEV\DBOCLIENT\LIB\NTLSIMULATION\RELEASE4TOOLS\NTLSOBPROXYSYSTEMEFFECT.OBJ
E:\DBOG\DBOGLOBAL_DEV\DBOCLIENT\LIB\NTLSIMULATION\RELEASE4TOOLS\NTLSOBQUESTITEM.OBJ
E:\DBOG\DBOGLOBAL_DEV\DBOCLIENT\LIB\NTLSIMULATION\RELEASE4TOOLS\NTLSOBQUESTITEMATTR.OBJ
E:\DBOG\DBOGLOBAL_DEV\DBOCLIENT\LIB\NTLSIMULATION\RELEASE4TOOLS\NTLSOBQUESTITEMICON.OBJ
E:\DBOG\DBOGLOBAL_DEV\DBOCLIENT\LIB\NTLSIMULATION\RELEASE4TOOLS\NTLSOBSKILL.OBJ
E:\DBOG\DBOGLOBAL_DEV\DBOCLIENT\LIB\NTLSIMULATION\RELEASE4TOOLS\NTLSOBSKILLATTR.OBJ
E:\DBOG\DBOGLOBAL_DEV\DBOCLIENT\LIB\NTLSIMULATION\RELEASE4TOOLS\NTLSOBSKILLICON.OBJ
E:\DBOG\DBOGLOBAL_DEV\DBOCLIENT\LIB\NTLSIMULATION\RELEASE4TOOLS\NTLSOBSTATUSANIMSYNCMANAGER.OBJ
E:\DBOG\DBOGLOBAL_DEV\DBOCLIENT\LIB\NTLSIMULATION\RELEASE4TOOLS\NTLSOBSYNCSTATUS.OBJ
E:\DBOG\DBOGLOBAL_DEV\DBOCLIENT\LIB\NTLSIMULATION\RELEASE4TOOLS\NTLSOBTRIGGEROBJECT.OBJ
E:\DBOG\DBOGLOBAL_DEV\DBOCLIENT\LIB\NTLSIMULATION\RELEASE4TOOLS\NTLSOBTRIGGEROBJECTATTR.OBJ
E:\DBOG\DBOGLOBAL_DEV\DBOCLIENT\LIB\NTLSIMULATION\RELEASE4TOOLS\NTLSOBTRIGGEROBJECTPROXY.OBJ
E:\DBOG\DBOGLOBAL_DEV\DBOCLIENT\LIB\NTLSIMULATION\RELEASE4TOOLS\NTLSOBVEHICLE.OBJ
E:\DBOG\DBOGLOBAL_DEV\DBOCLIENT\LIB\NTLSIMULATION\RELEASE4TOOLS\NTLSOBVEHICLEATTR.OBJ
E:\DBOG\DBOGLOBAL_DEV\DBOCLIENT\LIB\NTLSIMULATION\RELEASE4TOOLS\NTLSOBVEHICLEPROXY.OBJ
E:\DBOG\DBOGLOBAL_DEV\DBOCLIENT\LIB\NTLSIMULATION\RELEASE4TOOLS\NTLSOBWORLDITEM.OBJ
E:\DBOG\DBOGLOBAL_DEV\DBOCLIENT\LIB\NTLSIMULATION\RELEASE4TOOLS\NTLSOBWORLDITEMATTR.OBJ
E:\DBOG\DBOGLOBAL_DEV\DBOCLIENT\LIB\NTLSIMULATION\RELEASE4TOOLS\NTLSOBWORLDITEMPROXY.OBJ
E:\DBOG\DBOGLOBAL_DEV\DBOCLIENT\LIB\NTLSIMULATION\RELEASE4TOOLS\NTLSOUNDMOODMANAGER.OBJ
E:\DBOG\DBOGLOBAL_DEV\DBOCLIENT\LIB\NTLSIMULATION\RELEASE4TOOLS\NTLSTORAGEBINARYSERIALIZER.OBJ
E:\DBOG\DBOGLOBAL_DEV\DBOCLIENT\LIB\NTLSIMULATION\RELEASE4TOOLS\NTLSTORAGEDEFINE.OBJ
E:\DBOG\DBOGLOBAL_DEV\DBOCLIENT\LIB\NTLSIMULATION\RELEASE4TOOLS\NTLSTORAGEGROUP.OBJ
E:\DBOG\DBOGLOBAL_DEV\DBOCLIENT\LIB\NTLSIMULATION\RELEASE4TOOLS\NTLSTORAGEGROUPACCOUNT.OBJ
E:\DBOG\DBOGLOBAL_DEV\DBOCLIENT\LIB\NTLSIMULATION\RELEASE4TOOLS\NTLSTORAGEGROUPCHARACTER.OBJ
E:\DBOG\DBOGLOBAL_DEV\DBOCLIENT\LIB\NTLSIMULATION\RELEASE4TOOLS\NTLSTORAGEGROUPGAMEINFO.OBJ
E:\DBOG\DBOGLOBAL_DEV\DBOCLIENT\LIB\NTLSIMULATION\RELEASE4TOOLS\NTLSTORAGEGROUPQUEST.OBJ
E:\DBOG\DBOGLOBAL_DEV\DBOCLIENT\LIB\NTLSIMULATION\RELEASE4TOOLS\NTLSTORAGEGROUPSCOUTER.OBJ
E:\DBOG\DBOGLOBAL_DEV\DBOCLIENT\LIB\NTLSIMULATION\RELEASE4TOOLS\NTLSTORAGEGROUPSYSTEM.OBJ
E:\DBOG\DBOGLOBAL_DEV\DBOCLIENT\LIB\NTLSIMULATION\RELEASE4TOOLS\NTLSTORAGEMANAGER.OBJ
E:\DBOG\DBOGLOBAL_DEV\DBOCLIENT\LIB\NTLSIMULATION\RELEASE4TOOLS\NTLSTORAGEMTCONTAINER.OBJ
E:\DBOG\DBOGLOBAL_DEV\DBOCLIENT\LIB\NTLSIMULATION\RELEASE4TOOLS\NTLSTORAGESERIALIZER.OBJ
E:\DBOG\DBOGLOBAL_DEV\DBOCLIENT\LIB\NTLSIMULATION\RELEASE4TOOLS\NTLSTORAGETEXTSERIALIZER.OBJ
E:\DBOG\DBOGLOBAL_DEV\DBOCLIENT\LIB\NTLSIMULATION\RELEASE4TOOLS\NTLSTORAGEUNIT.OBJ
E:\DBOG\DBOGLOBAL_DEV\DBOCLIENT\LIB\NTLSIMULATION\RELEASE4TOOLS\NTLTHEMEBGM.OBJ
E:\DBOG\DBOGLOBAL_DEV\DBOCLIENT\LIB\NTLSIMULATION\RELEASE4TOOLS\NTLTRIGGERDIRECTSYNC.OBJ
E:\DBOG\DBOGLOBAL_DEV\DBOCLIENT\LIB\NTLSIMULATION\RELEASE4TOOLS\NTLVEHICLEHELPER.OBJ
E:\DBOG\DBOGLOBAL_DEV\DBOCLIENT\LIB\NTLSIMULATION\RELEASE4TOOLS\NTLWAREHOUSE.OBJ
E:\DBOG\DBOGLOBAL_DEV\DBOCLIENT\LIB\NTLSIMULATION\RELEASE4TOOLS\NTLWORLDCONCEPT.OBJ
E:\DBOG\DBOGLOBAL_DEV\DBOCLIENT\LIB\NTLSIMULATION\RELEASE4TOOLS\NTLWORLDCONCEPTCCBD.OBJ
E:\DBOG\DBOGLOBAL_DEV\DBOCLIENT\LIB\NTLSIMULATION\RELEASE4TOOLS\NTLWORLDCONCEPTCONTROLLER.OBJ
E:\DBOG\DBOGLOBAL_DEV\DBOCLIENT\LIB\NTLSIMULATION\RELEASE4TOOLS\NTLWORLDCONCEPTDBC.OBJ
E:\DBOG\DBOGLOBAL_DEV\DBOCLIENT\LIB\NTLSIMULATION\RELEASE4TOOLS\NTLWORLDCONCEPTDIRECT.OBJ
E:\DBOG\DBOGLOBAL_DEV\DBOCLIENT\LIB\NTLSIMULATION\RELEASE4TOOLS\NTLWORLDCONCEPTDUEL.OBJ
E:\DBOG\DBOGLOBAL_DEV\DBOCLIENT\LIB\NTLSIMULATION\RELEASE4TOOLS\NTLWORLDCONCEPTFREEPVPZONE.OBJ
E:\DBOG\DBOGLOBAL_DEV\DBOCLIENT\LIB\NTLSIMULATION\RELEASE4TOOLS\NTLWORLDCONCEPTNPCCOMMU.OBJ
E:\DBOG\DBOGLOBAL_DEV\DBOCLIENT\LIB\NTLSIMULATION\RELEASE4TOOLS\NTLWORLDCONCEPTPARTYDUNGEON.OBJ
E:\DBOG\DBOGLOBAL_DEV\DBOCLIENT\LIB\NTLSIMULATION\RELEASE4TOOLS\NTLWORLDCONCEPTPRIVATESHOP.OBJ
E:\DBOG\DBOGLOBAL_DEV\DBOCLIENT\LIB\NTLSIMULATION\RELEASE4TOOLS\NTLWORLDCONCEPTPVP.OBJ
E:\DBOG\DBOGLOBAL_DEV\DBOCLIENT\LIB\NTLSIMULATION\RELEASE4TOOLS\NTLWORLDCONCEPTRB.OBJ
E:\DBOG\DBOGLOBAL_DEV\DBOCLIENT\LIB\NTLSIMULATION\RELEASE4TOOLS\NTLWORLDCONCEPTSCRAMBLE.OBJ
E:\DBOG\DBOGLOBAL_DEV\DBOCLIENT\LIB\NTLSIMULATION\RELEASE4TOOLS\NTLWORLDCONCEPTTB.OBJ
E:\DBOG\DBOGLOBAL_DEV\DBOCLIENT\LIB\NTLSIMULATION\RELEASE4TOOLS\NTLWORLDCONCEPTTLQ.OBJ
E:\DBOG\DBOGLOBAL_DEV\DBOCLIENT\LIB\NTLSIMULATION\RELEASE4TOOLS\NTLWORLDCONCEPTTMQ.OBJ
E:\DBOG\DBOGLOBAL_DEV\DBOCLIENT\LIB\NTLSIMULATION\RELEASE4TOOLS\NTLWORLDCONCEPTTRADE.OBJ
E:\DBOG\DBOGLOBAL_DEV\DBOCLIENT\LIB\NTLSIMULATION\RELEASE4TOOLS\NTLWORLDCONCEPTTUTORIAL.OBJ
E:\DBOG\DBOGLOBAL_DEV\DBOCLIENT\LIB\NTLSIMULATION\RELEASE4TOOLS\PRECOMP_NTLSIMULATION.OBJ
E:\DBOG\DBOGLOBAL_DEV\DBOCLIENT\LIB\NTLSIMULATION\RELEASE4TOOLS\RESULTCODESTRING.OBJ
E:\DBOG\DBOGLOBAL_DEV\DBOCLIENT\LIB\NTLSIMULATION\RELEASE4TOOLS\VC80.PDB
E:\DBOG\DBOGLOBAL_DEV\DBOCLIENT\RELEASE4TOOLS\NTLSIMULATION.LIB
