E:\DBOG\DBOGLOBAL_DEV\DBOCLIENT\DRAGONBALL\TSTOOL.EXE
E:\DBOG\DBOGLOBAL_DEV\DBOCLIENT\TOOL\TSTOOL\RELEASE4TOOLS\ATTR_ACT_BROADCAST.OBJ
E:\DBOG\DBOGLOBAL_DEV\DBOCLIENT\TOOL\TSTOOL\RELEASE4TOOLS\ATTR_ACT_BROADMSG.OBJ
E:\DBOG\DBOGLOBAL_DEV\DBOCLIENT\TOOL\TSTOOL\RELEASE4TOOLS\ATTR_ACT_CONCCHECK.OBJ
E:\DBOG\DBOGLOBAL_DEV\DBOCLIENT\TOOL\TSTOOL\RELEASE4TOOLS\ATTR_ACT_CUSTOMEVT.OBJ
E:\DBOG\DBOGLOBAL_DEV\DBOCLIENT\TOOL\TSTOOL\RELEASE4TOOLS\ATTR_ACT_DIR.OBJ
E:\DBOG\DBOGLOBAL_DEV\DBOCLIENT\TOOL\TSTOOL\RELEASE4TOOLS\ATTR_ACT_DIRINDICATOR.OBJ
E:\DBOG\DBOGLOBAL_DEV\DBOCLIENT\TOOL\TSTOOL\RELEASE4TOOLS\ATTR_ACT_DOJO.OBJ
E:\DBOG\DBOGLOBAL_DEV\DBOCLIENT\TOOL\TSTOOL\RELEASE4TOOLS\ATTR_ACT_DOSKILL.OBJ
E:\DBOG\DBOGLOBAL_DEV\DBOCLIENT\TOOL\TSTOOL\RELEASE4TOOLS\ATTR_ACT_DROP.OBJ
E:\DBOG\DBOGLOBAL_DEV\DBOCLIENT\TOOL\TSTOOL\RELEASE4TOOLS\ATTR_ACT_ESCORT.OBJ
E:\DBOG\DBOGLOBAL_DEV\DBOCLIENT\TOOL\TSTOOL\RELEASE4TOOLS\ATTR_ACT_ETIMERE.OBJ
E:\DBOG\DBOGLOBAL_DEV\DBOCLIENT\TOOL\TSTOOL\RELEASE4TOOLS\ATTR_ACT_ETIMERS.OBJ
E:\DBOG\DBOGLOBAL_DEV\DBOCLIENT\TOOL\TSTOOL\RELEASE4TOOLS\ATTR_ACT_EXCCGROUP.OBJ
E:\DBOG\DBOGLOBAL_DEV\DBOCLIENT\TOOL\TSTOOL\RELEASE4TOOLS\ATTR_ACT_HINT.OBJ
E:\DBOG\DBOGLOBAL_DEV\DBOCLIENT\TOOL\TSTOOL\RELEASE4TOOLS\ATTR_ACT_INSSM.OBJ
E:\DBOG\DBOGLOBAL_DEV\DBOCLIENT\TOOL\TSTOOL\RELEASE4TOOLS\ATTR_ACT_ITEM.OBJ
E:\DBOG\DBOGLOBAL_DEV\DBOCLIENT\TOOL\TSTOOL\RELEASE4TOOLS\ATTR_ACT_MININARRATION.OBJ
E:\DBOG\DBOGLOBAL_DEV\DBOCLIENT\TOOL\TSTOOL\RELEASE4TOOLS\ATTR_ACT_NPCCONV.OBJ
E:\DBOG\DBOGLOBAL_DEV\DBOCLIENT\TOOL\TSTOOL\RELEASE4TOOLS\ATTR_ACT_OBJCONV.OBJ
E:\DBOG\DBOGLOBAL_DEV\DBOCLIENT\TOOL\TSTOOL\RELEASE4TOOLS\ATTR_ACT_OBJSTATE.OBJ
E:\DBOG\DBOGLOBAL_DEV\DBOCLIENT\TOOL\TSTOOL\RELEASE4TOOLS\ATTR_ACT_OBJWPS.OBJ
E:\DBOG\DBOGLOBAL_DEV\DBOCLIENT\TOOL\TSTOOL\RELEASE4TOOLS\ATTR_ACT_OPCAM.OBJ
E:\DBOG\DBOGLOBAL_DEV\DBOCLIENT\TOOL\TSTOOL\RELEASE4TOOLS\ATTR_ACT_OPENWINDOW.OBJ
E:\DBOG\DBOGLOBAL_DEV\DBOCLIENT\TOOL\TSTOOL\RELEASE4TOOLS\ATTR_ACT_OPERATEOBJECT.OBJ
E:\DBOG\DBOGLOBAL_DEV\DBOCLIENT\TOOL\TSTOOL\RELEASE4TOOLS\ATTR_ACT_PCCONV.OBJ
E:\DBOG\DBOGLOBAL_DEV\DBOCLIENT\TOOL\TSTOOL\RELEASE4TOOLS\ATTR_ACT_PIDGN.OBJ
E:\DBOG\DBOGLOBAL_DEV\DBOCLIENT\TOOL\TSTOOL\RELEASE4TOOLS\ATTR_ACT_PORTAL.OBJ
E:\DBOG\DBOGLOBAL_DEV\DBOCLIENT\TOOL\TSTOOL\RELEASE4TOOLS\ATTR_ACT_QITEM.OBJ
E:\DBOG\DBOGLOBAL_DEV\DBOCLIENT\TOOL\TSTOOL\RELEASE4TOOLS\ATTR_ACT_REGCTIMING.OBJ
E:\DBOG\DBOGLOBAL_DEV\DBOCLIENT\TOOL\TSTOOL\RELEASE4TOOLS\ATTR_ACT_REGQINFO.OBJ
E:\DBOG\DBOGLOBAL_DEV\DBOCLIENT\TOOL\TSTOOL\RELEASE4TOOLS\ATTR_ACT_RMVCOUPON.OBJ
E:\DBOG\DBOGLOBAL_DEV\DBOCLIENT\TOOL\TSTOOL\RELEASE4TOOLS\ATTR_ACT_SENDSVREVT.OBJ
E:\DBOG\DBOGLOBAL_DEV\DBOCLIENT\TOOL\TSTOOL\RELEASE4TOOLS\ATTR_ACT_SKIPCONT.OBJ
E:\DBOG\DBOGLOBAL_DEV\DBOCLIENT\TOOL\TSTOOL\RELEASE4TOOLS\ATTR_ACT_STOCEVT.OBJ
E:\DBOG\DBOGLOBAL_DEV\DBOCLIENT\TOOL\TSTOOL\RELEASE4TOOLS\ATTR_ACT_SWPROBSF.OBJ
E:\DBOG\DBOGLOBAL_DEV\DBOCLIENT\TOOL\TSTOOL\RELEASE4TOOLS\ATTR_ACT_TELMINORMATCH.OBJ
E:\DBOG\DBOGLOBAL_DEV\DBOCLIENT\TOOL\TSTOOL\RELEASE4TOOLS\ATTR_ACT_TELMUDOSA.OBJ
E:\DBOG\DBOGLOBAL_DEV\DBOCLIENT\TOOL\TSTOOL\RELEASE4TOOLS\ATTR_ACT_TLQ.OBJ
E:\DBOG\DBOGLOBAL_DEV\DBOCLIENT\TOOL\TSTOOL\RELEASE4TOOLS\ATTR_ACT_TMQINFOSHOW.OBJ
E:\DBOG\DBOGLOBAL_DEV\DBOCLIENT\TOOL\TSTOOL\RELEASE4TOOLS\ATTR_ACT_TMQSTAGE.OBJ
E:\DBOG\DBOGLOBAL_DEV\DBOCLIENT\TOOL\TSTOOL\RELEASE4TOOLS\ATTR_ACT_TMQTIMEBONUS.OBJ
E:\DBOG\DBOGLOBAL_DEV\DBOCLIENT\TOOL\TSTOOL\RELEASE4TOOLS\ATTR_ACT_TOBJFRIENDLY.OBJ
E:\DBOG\DBOGLOBAL_DEV\DBOCLIENT\TOOL\TSTOOL\RELEASE4TOOLS\ATTR_ACT_TSSTATE.OBJ
E:\DBOG\DBOGLOBAL_DEV\DBOCLIENT\TOOL\TSTOOL\RELEASE4TOOLS\ATTR_ACT_TWAITTS.OBJ
E:\DBOG\DBOGLOBAL_DEV\DBOCLIENT\TOOL\TSTOOL\RELEASE4TOOLS\ATTR_ACT_WORLDPLAYSCRIPT.OBJ
E:\DBOG\DBOGLOBAL_DEV\DBOCLIENT\TOOL\TSTOOL\RELEASE4TOOLS\ATTR_COND_ATTACHOBJ.OBJ
E:\DBOG\DBOGLOBAL_DEV\DBOCLIENT\TOOL\TSTOOL\RELEASE4TOOLS\ATTR_COND_AVATARDEAD.OBJ
E:\DBOG\DBOGLOBAL_DEV\DBOCLIENT\TOOL\TSTOOL\RELEASE4TOOLS\ATTR_COND_BUDOKAISTATE.OBJ
E:\DBOG\DBOGLOBAL_DEV\DBOCLIENT\TOOL\TSTOOL\RELEASE4TOOLS\ATTR_COND_CLRQST.OBJ
E:\DBOG\DBOGLOBAL_DEV\DBOCLIENT\TOOL\TSTOOL\RELEASE4TOOLS\ATTR_COND_DISTNPC.OBJ
E:\DBOG\DBOGLOBAL_DEV\DBOCLIENT\TOOL\TSTOOL\RELEASE4TOOLS\ATTR_COND_HASCOUPON.OBJ
E:\DBOG\DBOGLOBAL_DEV\DBOCLIENT\TOOL\TSTOOL\RELEASE4TOOLS\ATTR_COND_INNPC.OBJ
E:\DBOG\DBOGLOBAL_DEV\DBOCLIENT\TOOL\TSTOOL\RELEASE4TOOLS\ATTR_COND_INWORLD.OBJ
E:\DBOG\DBOGLOBAL_DEV\DBOCLIENT\TOOL\TSTOOL\RELEASE4TOOLS\ATTR_COND_ITEM.OBJ
E:\DBOG\DBOGLOBAL_DEV\DBOCLIENT\TOOL\TSTOOL\RELEASE4TOOLS\ATTR_COND_LVL.OBJ
E:\DBOG\DBOGLOBAL_DEV\DBOCLIENT\TOOL\TSTOOL\RELEASE4TOOLS\ATTR_COND_NPCDEAD.OBJ
E:\DBOG\DBOGLOBAL_DEV\DBOCLIENT\TOOL\TSTOOL\RELEASE4TOOLS\ATTR_COND_OBJITEM.OBJ
E:\DBOG\DBOGLOBAL_DEV\DBOCLIENT\TOOL\TSTOOL\RELEASE4TOOLS\ATTR_COND_OBJSTATE.OBJ
E:\DBOG\DBOGLOBAL_DEV\DBOCLIENT\TOOL\TSTOOL\RELEASE4TOOLS\ATTR_COND_OPERATEOBJECT.OBJ
E:\DBOG\DBOGLOBAL_DEV\DBOCLIENT\TOOL\TSTOOL\RELEASE4TOOLS\ATTR_COND_OUTRGN.OBJ
E:\DBOG\DBOGLOBAL_DEV\DBOCLIENT\TOOL\TSTOOL\RELEASE4TOOLS\ATTR_COND_PCCLS.OBJ
E:\DBOG\DBOGLOBAL_DEV\DBOCLIENT\TOOL\TSTOOL\RELEASE4TOOLS\ATTR_COND_PCRACE.OBJ
E:\DBOG\DBOGLOBAL_DEV\DBOCLIENT\TOOL\TSTOOL\RELEASE4TOOLS\ATTR_COND_PROGCUSTOMEVT.OBJ
E:\DBOG\DBOGLOBAL_DEV\DBOCLIENT\TOOL\TSTOOL\RELEASE4TOOLS\ATTR_COND_PROGQUEST.OBJ
E:\DBOG\DBOGLOBAL_DEV\DBOCLIENT\TOOL\TSTOOL\RELEASE4TOOLS\ATTR_COND_QITEM.OBJ
E:\DBOG\DBOGLOBAL_DEV\DBOCLIENT\TOOL\TSTOOL\RELEASE4TOOLS\ATTR_COND_REPUTATION.OBJ
E:\DBOG\DBOGLOBAL_DEV\DBOCLIENT\TOOL\TSTOOL\RELEASE4TOOLS\ATTR_COND_SSM.OBJ
E:\DBOG\DBOGLOBAL_DEV\DBOCLIENT\TOOL\TSTOOL\RELEASE4TOOLS\ATTR_COND_STOCDELIVERY.OBJ
E:\DBOG\DBOGLOBAL_DEV\DBOCLIENT\TOOL\TSTOOL\RELEASE4TOOLS\ATTR_COND_STOCEVT.OBJ
E:\DBOG\DBOGLOBAL_DEV\DBOCLIENT\TOOL\TSTOOL\RELEASE4TOOLS\ATTR_COND_WITEM.OBJ
E:\DBOG\DBOGLOBAL_DEV\DBOCLIENT\TOOL\TSTOOL\RELEASE4TOOLS\ATTR_CONT_END.OBJ
E:\DBOG\DBOGLOBAL_DEV\DBOCLIENT\TOOL\TSTOOL\RELEASE4TOOLS\ATTR_CONT_GACT.OBJ
E:\DBOG\DBOGLOBAL_DEV\DBOCLIENT\TOOL\TSTOOL\RELEASE4TOOLS\ATTR_CONT_GCOND.OBJ
E:\DBOG\DBOGLOBAL_DEV\DBOCLIENT\TOOL\TSTOOL\RELEASE4TOOLS\ATTR_CONT_NARRATION.OBJ
E:\DBOG\DBOGLOBAL_DEV\DBOCLIENT\TOOL\TSTOOL\RELEASE4TOOLS\ATTR_CONT_PROPOSAL.OBJ
E:\DBOG\DBOGLOBAL_DEV\DBOCLIENT\TOOL\TSTOOL\RELEASE4TOOLS\ATTR_CONT_REWARD.OBJ
E:\DBOG\DBOGLOBAL_DEV\DBOCLIENT\TOOL\TSTOOL\RELEASE4TOOLS\ATTR_CONT_START.OBJ
E:\DBOG\DBOGLOBAL_DEV\DBOCLIENT\TOOL\TSTOOL\RELEASE4TOOLS\ATTR_CONT_SWITCH.OBJ
E:\DBOG\DBOGLOBAL_DEV\DBOCLIENT\TOOL\TSTOOL\RELEASE4TOOLS\ATTR_CONT_UNIFIEDNARRATION.OBJ
E:\DBOG\DBOGLOBAL_DEV\DBOCLIENT\TOOL\TSTOOL\RELEASE4TOOLS\ATTR_CONT_USERSEL.OBJ
E:\DBOG\DBOGLOBAL_DEV\DBOCLIENT\TOOL\TSTOOL\RELEASE4TOOLS\ATTR_EVT_BINDSTONE.OBJ
E:\DBOG\DBOGLOBAL_DEV\DBOCLIENT\TOOL\TSTOOL\RELEASE4TOOLS\ATTR_EVT_BUDOKAI.OBJ
E:\DBOG\DBOGLOBAL_DEV\DBOCLIENT\TOOL\TSTOOL\RELEASE4TOOLS\ATTR_EVT_CLICKMOB.OBJ
E:\DBOG\DBOGLOBAL_DEV\DBOCLIENT\TOOL\TSTOOL\RELEASE4TOOLS\ATTR_EVT_CLICKNPC.OBJ
E:\DBOG\DBOGLOBAL_DEV\DBOCLIENT\TOOL\TSTOOL\RELEASE4TOOLS\ATTR_EVT_CLICKOBJECT.OBJ
E:\DBOG\DBOGLOBAL_DEV\DBOCLIENT\TOOL\TSTOOL\RELEASE4TOOLS\ATTR_EVT_COLOBJECT.OBJ
E:\DBOG\DBOGLOBAL_DEV\DBOCLIENT\TOOL\TSTOOL\RELEASE4TOOLS\ATTR_EVT_COLRGN.OBJ
E:\DBOG\DBOGLOBAL_DEV\DBOCLIENT\TOOL\TSTOOL\RELEASE4TOOLS\ATTR_EVT_FREEBATTLE.OBJ
E:\DBOG\DBOGLOBAL_DEV\DBOCLIENT\TOOL\TSTOOL\RELEASE4TOOLS\ATTR_EVT_HOIPOIMIX.OBJ
E:\DBOG\DBOGLOBAL_DEV\DBOCLIENT\TOOL\TSTOOL\RELEASE4TOOLS\ATTR_EVT_ITEMEQUIP.OBJ
E:\DBOG\DBOGLOBAL_DEV\DBOCLIENT\TOOL\TSTOOL\RELEASE4TOOLS\ATTR_EVT_ITEMGET.OBJ
E:\DBOG\DBOGLOBAL_DEV\DBOCLIENT\TOOL\TSTOOL\RELEASE4TOOLS\ATTR_EVT_ITEMIDENTITY.OBJ
E:\DBOG\DBOGLOBAL_DEV\DBOCLIENT\TOOL\TSTOOL\RELEASE4TOOLS\ATTR_EVT_ITEMUPGRADE.OBJ
E:\DBOG\DBOGLOBAL_DEV\DBOCLIENT\TOOL\TSTOOL\RELEASE4TOOLS\ATTR_EVT_ITEMUSE.OBJ
E:\DBOG\DBOGLOBAL_DEV\DBOCLIENT\TOOL\TSTOOL\RELEASE4TOOLS\ATTR_EVT_PARTY.OBJ
E:\DBOG\DBOGLOBAL_DEV\DBOCLIENT\TOOL\TSTOOL\RELEASE4TOOLS\ATTR_EVT_PRIVATESHOP.OBJ
E:\DBOG\DBOGLOBAL_DEV\DBOCLIENT\TOOL\TSTOOL\RELEASE4TOOLS\ATTR_EVT_RB.OBJ
E:\DBOG\DBOGLOBAL_DEV\DBOCLIENT\TOOL\TSTOOL\RELEASE4TOOLS\ATTR_EVT_RCVSVREVT.OBJ
E:\DBOG\DBOGLOBAL_DEV\DBOCLIENT\TOOL\TSTOOL\RELEASE4TOOLS\ATTR_EVT_SCOUTUSE.OBJ
E:\DBOG\DBOGLOBAL_DEV\DBOCLIENT\TOOL\TSTOOL\RELEASE4TOOLS\ATTR_EVT_SEARCHQUEST.OBJ
E:\DBOG\DBOGLOBAL_DEV\DBOCLIENT\TOOL\TSTOOL\RELEASE4TOOLS\ATTR_EVT_SKILLUSE.OBJ
E:\DBOG\DBOGLOBAL_DEV\DBOCLIENT\TOOL\TSTOOL\RELEASE4TOOLS\ATTR_EVT_SLOTMACHINE.OBJ
E:\DBOG\DBOGLOBAL_DEV\DBOCLIENT\TOOL\TSTOOL\RELEASE4TOOLS\ATTR_EVT_TELEPORT.OBJ
E:\DBOG\DBOGLOBAL_DEV\DBOCLIENT\TOOL\TSTOOL\RELEASE4TOOLS\ATTR_EVT_USEMAIL.OBJ
E:\DBOG\DBOGLOBAL_DEV\DBOCLIENT\TOOL\TSTOOL\RELEASE4TOOLS\ATTR_GROUP.OBJ
E:\DBOG\DBOGLOBAL_DEV\DBOCLIENT\TOOL\TSTOOL\RELEASE4TOOLS\ATTR_LINK.OBJ
E:\DBOG\DBOGLOBAL_DEV\DBOCLIENT\TOOL\TSTOOL\RELEASE4TOOLS\ATTR_PAGE.OBJ
E:\DBOG\DBOGLOBAL_DEV\DBOCLIENT\TOOL\TSTOOL\RELEASE4TOOLS\ATTR_TRIGGER.OBJ
E:\DBOG\DBOGLOBAL_DEV\DBOCLIENT\TOOL\TSTOOL\RELEASE4TOOLS\ATTRENTITYMNG.OBJ
E:\DBOG\DBOGLOBAL_DEV\DBOCLIENT\TOOL\TSTOOL\RELEASE4TOOLS\CHANGER.OBJ
E:\DBOG\DBOGLOBAL_DEV\DboClient\Tool\TSTool\Release4Tools\cl.command.1.tlog
E:\DBOG\DBOGLOBAL_DEV\DboClient\Tool\TSTool\Release4Tools\CL.read.1.tlog
E:\DBOG\DBOGLOBAL_DEV\DboClient\Tool\TSTool\Release4Tools\CL.write.1.tlog
E:\DBOG\DBOGLOBAL_DEV\DBOCLIENT\TOOL\TSTOOL\RELEASE4TOOLS\DIRDIALOG.OBJ
E:\DBOG\DBOGLOBAL_DEV\DBOCLIENT\TOOL\TSTOOL\RELEASE4TOOLS\ENTITYREGISTERDIAG.OBJ
E:\DBOG\DBOGLOBAL_DEV\DBOCLIENT\TOOL\TSTOOL\RELEASE4TOOLS\EXPORTEVENTDLG.OBJ
E:\DBOG\DBOGLOBAL_DEV\DBOCLIENT\TOOL\TSTOOL\RELEASE4TOOLS\EXPORTEVTTSMNG.OBJ
E:\DBOG\DBOGLOBAL_DEV\DBOCLIENT\TOOL\TSTOOL\RELEASE4TOOLS\FINDER.OBJ
E:\DBOG\DBOGLOBAL_DEV\DBOCLIENT\TOOL\TSTOOL\RELEASE4TOOLS\FINDERDLG.OBJ
E:\DBOG\DBOGLOBAL_DEV\DboClient\Tool\TSTool\Release4Tools\link.command.1.tlog
E:\DBOG\DBOGLOBAL_DEV\DboClient\Tool\TSTool\Release4Tools\link.read.1.tlog
E:\DBOG\DBOGLOBAL_DEV\DboClient\Tool\TSTool\Release4Tools\link.write.1.tlog
E:\DBOG\DBOGLOBAL_DEV\DboClient\Tool\TSTool\Release4Tools\link-cvtres.read.1.tlog
E:\DBOG\DBOGLOBAL_DEV\DboClient\Tool\TSTool\Release4Tools\link-cvtres.write.1.tlog
E:\DBOG\DBOGLOBAL_DEV\DBOCLIENT\TOOL\TSTOOL\RELEASE4TOOLS\MAINMENULISTCTRL.OBJ
E:\DBOG\DBOGLOBAL_DEV\DBOCLIENT\TOOL\TSTOOL\RELEASE4TOOLS\MAINMENUTREECTRL.OBJ
E:\DBOG\DBOGLOBAL_DEV\DBOCLIENT\TOOL\TSTOOL\RELEASE4TOOLS\MOBGROUPIDXCHANGER.OBJ
E:\DBOG\DBOGLOBAL_DEV\DboClient\Tool\TSTool\Release4Tools\mt.command.1.tlog
E:\DBOG\DBOGLOBAL_DEV\DboClient\Tool\TSTool\Release4Tools\mt.read.1.tlog
E:\DBOG\DBOGLOBAL_DEV\DboClient\Tool\TSTool\Release4Tools\mt.write.1.tlog
E:\DBOG\DBOGLOBAL_DEV\DBOCLIENT\TOOL\TSTOOL\RELEASE4TOOLS\OPTIONLISTBOX.OBJ
E:\DBOG\DBOGLOBAL_DEV\DBOCLIENT\TOOL\TSTOOL\RELEASE4TOOLS\OPTIONPAGE.OBJ
E:\DBOG\DBOGLOBAL_DEV\DBOCLIENT\TOOL\TSTOOL\RELEASE4TOOLS\OPTIONSHEET.OBJ
E:\DBOG\DBOGLOBAL_DEV\DboClient\Tool\TSTool\Release4Tools\rc.command.1.tlog
E:\DBOG\DBOGLOBAL_DEV\DboClient\Tool\TSTool\Release4Tools\rc.read.1.tlog
E:\DBOG\DBOGLOBAL_DEV\DboClient\Tool\TSTool\Release4Tools\rc.write.1.tlog
E:\DBOG\DBOGLOBAL_DEV\DBOCLIENT\TOOL\TSTOOL\RELEASE4TOOLS\RWDTBLIDXCHANGER.OBJ
E:\DBOG\DBOGLOBAL_DEV\DBOCLIENT\TOOL\TSTOOL\RELEASE4TOOLS\SCBARCF.OBJ
E:\DBOG\DBOGLOBAL_DEV\DBOCLIENT\TOOL\TSTOOL\RELEASE4TOOLS\SCBARG.OBJ
E:\DBOG\DBOGLOBAL_DEV\DBOCLIENT\TOOL\TSTOOL\RELEASE4TOOLS\SCTRL.OBJ
E:\DBOG\DBOGLOBAL_DEV\DBOCLIENT\TOOL\TSTOOL\RELEASE4TOOLS\SCTRL_END.OBJ
E:\DBOG\DBOGLOBAL_DEV\DBOCLIENT\TOOL\TSTOOL\RELEASE4TOOLS\SCTRL_GACT.OBJ
E:\DBOG\DBOGLOBAL_DEV\DBOCLIENT\TOOL\TSTOOL\RELEASE4TOOLS\SCTRL_GCOND.OBJ
E:\DBOG\DBOGLOBAL_DEV\DBOCLIENT\TOOL\TSTOOL\RELEASE4TOOLS\SCTRL_GENTITYCONT.OBJ
E:\DBOG\DBOGLOBAL_DEV\DBOCLIENT\TOOL\TSTOOL\RELEASE4TOOLS\SCTRL_LINK.OBJ
E:\DBOG\DBOGLOBAL_DEV\DBOCLIENT\TOOL\TSTOOL\RELEASE4TOOLS\SCTRL_LINK_DEF.OBJ
E:\DBOG\DBOGLOBAL_DEV\DBOCLIENT\TOOL\TSTOOL\RELEASE4TOOLS\SCTRL_LINK_ERROR.OBJ
E:\DBOG\DBOGLOBAL_DEV\DBOCLIENT\TOOL\TSTOOL\RELEASE4TOOLS\SCTRL_LINK_LOGIN.OBJ
E:\DBOG\DBOGLOBAL_DEV\DBOCLIENT\TOOL\TSTOOL\RELEASE4TOOLS\SCTRL_LINK_NO.OBJ
E:\DBOG\DBOGLOBAL_DEV\DBOCLIENT\TOOL\TSTOOL\RELEASE4TOOLS\SCTRL_LINK_YES.OBJ
E:\DBOG\DBOGLOBAL_DEV\DBOCLIENT\TOOL\TSTOOL\RELEASE4TOOLS\SCTRL_NARRATION.OBJ
E:\DBOG\DBOGLOBAL_DEV\DBOCLIENT\TOOL\TSTOOL\RELEASE4TOOLS\SCTRL_NOTE.OBJ
E:\DBOG\DBOGLOBAL_DEV\DBOCLIENT\TOOL\TSTOOL\RELEASE4TOOLS\SCTRL_PROPOSAL.OBJ
E:\DBOG\DBOGLOBAL_DEV\DBOCLIENT\TOOL\TSTOOL\RELEASE4TOOLS\SCTRL_REWARD.OBJ
E:\DBOG\DBOGLOBAL_DEV\DBOCLIENT\TOOL\TSTOOL\RELEASE4TOOLS\SCTRL_SELECT.OBJ
E:\DBOG\DBOGLOBAL_DEV\DBOCLIENT\TOOL\TSTOOL\RELEASE4TOOLS\SCTRL_START.OBJ
E:\DBOG\DBOGLOBAL_DEV\DBOCLIENT\TOOL\TSTOOL\RELEASE4TOOLS\SCTRL_SWITCH.OBJ
E:\DBOG\DBOGLOBAL_DEV\DBOCLIENT\TOOL\TSTOOL\RELEASE4TOOLS\SCTRL_UNIFIEDNARRATION.OBJ
E:\DBOG\DBOGLOBAL_DEV\DBOCLIENT\TOOL\TSTOOL\RELEASE4TOOLS\SCTRL_USRSEL.OBJ
E:\DBOG\DBOGLOBAL_DEV\DBOCLIENT\TOOL\TSTOOL\RELEASE4TOOLS\SHAPE.OBJ
E:\DBOG\DBOGLOBAL_DEV\DBOCLIENT\TOOL\TSTOOL\RELEASE4TOOLS\SHAPE_END.OBJ
E:\DBOG\DBOGLOBAL_DEV\DBOCLIENT\TOOL\TSTOOL\RELEASE4TOOLS\SHAPE_GACT.OBJ
E:\DBOG\DBOGLOBAL_DEV\DBOCLIENT\TOOL\TSTOOL\RELEASE4TOOLS\SHAPE_GCOND.OBJ
E:\DBOG\DBOGLOBAL_DEV\DBOCLIENT\TOOL\TSTOOL\RELEASE4TOOLS\SHAPE_GENTITYCONT.OBJ
E:\DBOG\DBOGLOBAL_DEV\DBOCLIENT\TOOL\TSTOOL\RELEASE4TOOLS\SHAPE_LINK.OBJ
E:\DBOG\DBOGLOBAL_DEV\DBOCLIENT\TOOL\TSTOOL\RELEASE4TOOLS\SHAPE_NARRATION.OBJ
E:\DBOG\DBOGLOBAL_DEV\DBOCLIENT\TOOL\TSTOOL\RELEASE4TOOLS\SHAPE_NOTE.OBJ
E:\DBOG\DBOGLOBAL_DEV\DBOCLIENT\TOOL\TSTOOL\RELEASE4TOOLS\SHAPE_PROPOSAL.OBJ
E:\DBOG\DBOGLOBAL_DEV\DBOCLIENT\TOOL\TSTOOL\RELEASE4TOOLS\SHAPE_REWARD.OBJ
E:\DBOG\DBOGLOBAL_DEV\DBOCLIENT\TOOL\TSTOOL\RELEASE4TOOLS\SHAPE_START.OBJ
E:\DBOG\DBOGLOBAL_DEV\DBOCLIENT\TOOL\TSTOOL\RELEASE4TOOLS\SHAPE_SWITCH.OBJ
E:\DBOG\DBOGLOBAL_DEV\DBOCLIENT\TOOL\TSTOOL\RELEASE4TOOLS\SHAPE_UNIFIEDNARRATION.OBJ
E:\DBOG\DBOGLOBAL_DEV\DBOCLIENT\TOOL\TSTOOL\RELEASE4TOOLS\SHAPE_USRSEL.OBJ
E:\DBOG\DBOGLOBAL_DEV\DBOCLIENT\TOOL\TSTOOL\RELEASE4TOOLS\SIZECBAR.OBJ
E:\DBOG\DBOGLOBAL_DEV\DBOCLIENT\TOOL\TSTOOL\RELEASE4TOOLS\STDAFX.OBJ
E:\DBOG\DBOGLOBAL_DEV\DBOCLIENT\TOOL\TSTOOL\RELEASE4TOOLS\TEXTIDXCHANGER.OBJ
E:\DBOG\DBOGLOBAL_DEV\DBOCLIENT\TOOL\TSTOOL\RELEASE4TOOLS\THEME.OBJ
E:\DBOG\DBOGLOBAL_DEV\DBOCLIENT\TOOL\TSTOOL\RELEASE4TOOLS\TSDOC.OBJ
E:\DBOG\DBOGLOBAL_DEV\DBOCLIENT\TOOL\TSTOOL\RELEASE4TOOLS\TSFRAME.OBJ
E:\DBOG\DBOGLOBAL_DEV\DBOCLIENT\TOOL\TSTOOL\RELEASE4TOOLS\TSGROUPIDINPUTDLG.OBJ
E:\DBOG\DBOGLOBAL_DEV\DBOCLIENT\TOOL\TSTOOL\RELEASE4TOOLS\TSMNG.OBJ
E:\DBOG\DBOGLOBAL_DEV\DBOCLIENT\TOOL\TSTOOL\RELEASE4TOOLS\TSPROJECT.OBJ
E:\DBOG\DBOGLOBAL_DEV\DBOCLIENT\TOOL\TSTOOL\RELEASE4TOOLS\TSPROJECTMAINMENUBAR.OBJ
E:\DBOG\DBOGLOBAL_DEV\DBOCLIENT\TOOL\TSTOOL\RELEASE4TOOLS\TSPROJECTMAINMENUFORM.OBJ
E:\DBOG\DBOGLOBAL_DEV\DBOCLIENT\TOOL\TSTOOL\RELEASE4TOOLS\TSPROJECTPROPERTY.OBJ
E:\DBOG\DBOGLOBAL_DEV\DBOCLIENT\TOOL\TSTOOL\RELEASE4TOOLS\TSQUESTTEXTBAR.OBJ
E:\DBOG\DBOGLOBAL_DEV\DBOCLIENT\TOOL\TSTOOL\RELEASE4TOOLS\TSQUESTTEXTFORM.OBJ
E:\DBOG\DBOGLOBAL_DEV\DBOCLIENT\TOOL\TSTOOL\RELEASE4TOOLS\TSQUESTTEXTLISTCTRL.OBJ
E:\DBOG\DBOGLOBAL_DEV\DBOCLIENT\TOOL\TSTOOL\RELEASE4TOOLS\TSTOOL.EXE.INTERMEDIATE.MANIFEST
E:\DBOG\DBOGLOBAL_DEV\DBOCLIENT\TOOL\TSTOOL\RELEASE4TOOLS\TSTOOL.OBJ
E:\DBOG\DBOGLOBAL_DEV\DBOCLIENT\TOOL\TSTOOL\RELEASE4TOOLS\TSTOOL.PCH
E:\DBOG\DBOGLOBAL_DEV\DBOCLIENT\TOOL\TSTOOL\RELEASE4TOOLS\TSTOOL.RES
E:\DBOG\DBOGLOBAL_DEV\DBOCLIENT\TOOL\TSTOOL\RELEASE4TOOLS\TSTRIGGER.OBJ
E:\DBOG\DBOGLOBAL_DEV\DBOCLIENT\TOOL\TSTOOL\RELEASE4TOOLS\TSUTIL.OBJ
E:\DBOG\DBOGLOBAL_DEV\DBOCLIENT\TOOL\TSTOOL\RELEASE4TOOLS\TSVIEW.OBJ
E:\DBOG\DBOGLOBAL_DEV\DBOCLIENT\TOOL\TSTOOL\RELEASE4TOOLS\VC80.PDB
