e:\dbog\dboglobal_dev\dboclient\lib\ntlsound\release4client\ntlsound.pch
e:\dbog\dboglobal_dev\dboclient\lib\ntlsound\release4client\ntlsound.pdb
e:\dbog\dboglobal_dev\dboclient\lib\ntlsound\release4client\precomp_ntlsound.obj
e:\dbog\dboglobal_dev\dboclient\lib\ntlsound\release4client\ntljinglegroup.obj
e:\dbog\dboglobal_dev\dboclient\lib\ntlsound\release4client\ntlsoundglobal.obj
e:\dbog\dboglobal_dev\dboclient\lib\ntlsound\release4client\ntlsoundeventgenerator.obj
e:\dbog\dboglobal_dev\dboclient\lib\ntlsound\release4client\ntlfadeinout.obj
e:\dbog\dboglobal_dev\dboclient\lib\ntlsound\release4client\ntlbgmgroup.obj
e:\dbog\dboglobal_dev\dboclient\lib\ntlsound\release4client\ntlsoundeventhandler.obj
e:\dbog\dboglobal_dev\dboclient\lib\ntlsound\release4client\ntlmusicgroup.obj
e:\dbog\dboglobal_dev\dboclient\lib\ntlsound\release4client\ntlfmodsoundpool.obj
e:\dbog\dboglobal_dev\dboclient\lib\ntlsound\release4client\ntlsoundlogic.obj
e:\dbog\dboglobal_dev\dboclient\lib\ntlsound\release4client\ntlsounddsp.obj
e:\dbog\dboglobal_dev\dboclient\lib\ntlsound\release4client\ntlobjectgroup.obj
e:\dbog\dboglobal_dev\dboclient\lib\ntlsound\release4client\ntlchannelgroup.obj
e:\dbog\dboglobal_dev\dboclient\lib\ntlsound\release4client\ntlsound.obj
e:\dbog\dboglobal_dev\dboclient\lib\ntlsound\release4client\ntlbgmplaylist.obj
e:\dbog\dboglobal_dev\dboclient\lib\ntlsound\release4client\ntlsoundsubsystem.obj
e:\dbog\dboglobal_dev\dboclient\lib\ntlsound\release4client\ntlsoundmanager.obj
e:\dbog\dboglobal_dev\dboclient\lib\ntlsound\release4client\ntlsoundevent.obj
e:\dbog\dboglobal_dev\dboclient\lib\ntlsound\release4client\ntlweathergroup.obj
e:\dbog\dboglobal_dev\dboclient\release4client\ntlsound.lib
e:\dbog\dboglobal_dev\dboclient\lib\ntlsound\release4client\ntlsound.tlog\cl.read.1.tlog
e:\dbog\dboglobal_dev\dboclient\lib\ntlsound\release4client\ntlsound.tlog\cl.write.1.tlog
e:\dbog\dboglobal_dev\dboclient\lib\ntlsound\release4client\ntlsound.tlog\cl.command.1.tlog
e:\dbog\dboglobal_dev\dboclient\lib\ntlsound\release4client\ntlsound.tlog\lib-link.read.1.tlog
e:\dbog\dboglobal_dev\dboclient\lib\ntlsound\release4client\ntlsound.tlog\lib-link.write.1.tlog
e:\dbog\dboglobal_dev\dboclient\lib\ntlsound\release4client\ntlsound.tlog\lib.command.1.tlog
