e:\dbog\dboglobal_dev\dboclient\lib\ntl_plugin_world\release4client\ntl_plugin_world.pdb
e:\dbog\dboglobal_dev\dboclient\lib\ntl_plugin_world\release4client\rpdbgerr1.obj
e:\dbog\dboglobal_dev\dboclient\lib\ntl_plugin_world\release4client\d3d9rendst.obj
e:\dbog\dboglobal_dev\dboclient\lib\ntl_plugin_world\release4client\bacolor.obj
e:\dbog\dboglobal_dev\dboclient\lib\ntl_plugin_world\release4client\rwgrp.obj
e:\dbog\dboglobal_dev\dboclient\lib\ntl_plugin_world\release4client\ntlpluginworldglobal.obj
e:\dbog\dboglobal_dev\dboclient\lib\ntl_plugin_world\release4client\drvequat.obj
e:\dbog\dboglobal_dev\dboclient\lib\ntl_plugin_world\release4client\babintex.obj
e:\dbog\dboglobal_dev\dboclient\lib\ntl_plugin_world\release4client\baimage.obj
e:\dbog\dboglobal_dev\dboclient\lib\ntl_plugin_world\release4client\bapipe.obj
e:\dbog\dboglobal_dev\dboclient\lib\ntl_plugin_world\release4client\palquant.obj
e:\dbog\dboglobal_dev\dboclient\lib\ntl_plugin_world\release4client\babinfrm.obj
e:\dbog\dboglobal_dev\dboclient\lib\ntl_plugin_world\release4client\baframe.obj
e:\dbog\dboglobal_dev\dboclient\lib\ntl_plugin_world\release4client\basync.obj
e:\dbog\dboglobal_dev\dboclient\lib\ntl_plugin_world\release4client\noded3d9submitnolight.obj
e:\dbog\dboglobal_dev\dboclient\lib\ntl_plugin_world\release4client\d3d9dxttex_add.obj
e:\dbog\dboglobal_dev\dboclient\lib\ntl_plugin_world\release4client\osintf.obj
e:\dbog\dboglobal_dev\dboclient\lib\ntl_plugin_world\release4client\bacamval.obj
e:\dbog\dboglobal_dev\dboclient\lib\ntl_plugin_world\release4client\baresamp.obj
e:\dbog\dboglobal_dev\dboclient\lib\ntl_plugin_world\release4client\im3dpipe.obj
e:\dbog\dboglobal_dev\dboclient\lib\ntl_plugin_world\release4client\p2define.obj
e:\dbog\dboglobal_dev\dboclient\lib\ntl_plugin_world\release4client\baerr.obj
e:\dbog\dboglobal_dev\dboclient\lib\ntl_plugin_world\release4client\rwdbgwor.obj
e:\dbog\dboglobal_dev\dboclient\lib\ntl_plugin_world\release4client\bapipew.obj
e:\dbog\dboglobal_dev\dboclient\lib\ntl_plugin_world\release4client\datblkcb.obj
e:\dbog\dboglobal_dev\dboclient\lib\ntl_plugin_world\release4client\babincam.obj
e:\dbog\dboglobal_dev\dboclient\lib\ntl_plugin_world\release4client\baim3doc.obj
e:\dbog\dboglobal_dev\dboclient\lib\ntl_plugin_world\release4client\baraster.obj
e:\dbog\dboglobal_dev\dboclient\lib\ntl_plugin_world\release4client\baim3d.obj
e:\dbog\dboglobal_dev\dboclient\lib\ntl_plugin_world\release4client\p2dep.obj
e:\dbog\dboglobal_dev\dboclient\lib\ntl_plugin_world\release4client\baimmedi.obj
e:\dbog\dboglobal_dev\dboclient\lib\ntl_plugin_world\release4client\rwstring.obj
e:\dbog\dboglobal_dev\dboclient\lib\ntl_plugin_world\release4client\baworobj.obj
e:\dbog\dboglobal_dev\dboclient\lib\ntl_plugin_world\release4client\d3d9raster.obj
e:\dbog\dboglobal_dev\dboclient\lib\ntl_plugin_world\release4client\bastream.obj
e:\dbog\dboglobal_dev\dboclient\lib\ntl_plugin_world\release4client\d3d9device.obj
e:\dbog\dboglobal_dev\dboclient\lib\ntl_plugin_world\release4client\baresour.obj
e:\dbog\dboglobal_dev\dboclient\lib\ntl_plugin_world\release4client\bageomet.obj
e:\dbog\dboglobal_dev\dboclient\lib\ntl_plugin_world\release4client\d3d9pipe.obj
e:\dbog\dboglobal_dev\dboclient\lib\ntl_plugin_world\release4client\cpuext.obj
e:\dbog\dboglobal_dev\dboclient\lib\ntl_plugin_world\release4client\pipequat.obj
e:\dbog\dboglobal_dev\dboclient\lib\ntl_plugin_world\release4client\bamemory.obj
e:\dbog\dboglobal_dev\dboclient\lib\ntl_plugin_world\release4client\balight.obj
e:\dbog\dboglobal_dev\dboclient\lib\ntl_plugin_world\release4client\d3d9usage.obj
e:\dbog\dboglobal_dev\dboclient\lib\ntl_plugin_world\release4client\d3d9metric.obj
e:\dbog\dboglobal_dev\dboclient\lib\ntl_plugin_world\release4client\p2renderstate.obj
e:\dbog\dboglobal_dev\dboclient\lib\ntl_plugin_world\release4client\batkreg.obj
e:\dbog\dboglobal_dev\dboclient\lib\ntl_plugin_world\release4client\bamesh.obj
e:\dbog\dboglobal_dev\dboclient\lib\ntl_plugin_world\release4client\noded3d9atomicallinone.obj
e:\dbog\dboglobal_dev\dboclient\lib\ntl_plugin_world\release4client\d3d9convrt.obj
e:\dbog\dboglobal_dev\dboclient\lib\ntl_plugin_world\release4client\balist.obj
e:\dbog\dboglobal_dev\dboclient\lib\ntl_plugin_world\release4client\babinwor.obj
e:\dbog\dboglobal_dev\dboclient\lib\ntl_plugin_world\release4client\d3d9lights.obj
e:\dbog\dboglobal_dev\dboclient\lib\ntl_plugin_world\release4client\d3d9dxttex.obj
e:\dbog\dboglobal_dev\dboclient\lib\ntl_plugin_world\release4client\bamatrix.obj
e:\dbog\dboglobal_dev\dboclient\lib\ntl_plugin_world\release4client\bamatlst.obj
e:\dbog\dboglobal_dev\dboclient\lib\ntl_plugin_world\release4client\d3d9vertexshaderutils.obj
e:\dbog\dboglobal_dev\dboclient\lib\ntl_plugin_world\release4client\d3d9vertexbuffer.obj
e:\dbog\dboglobal_dev\dboclient\lib\ntl_plugin_world\release4client\p2resort.obj
e:\dbog\dboglobal_dev\dboclient\lib\ntl_plugin_world\release4client\batkbin.obj
e:\dbog\dboglobal_dev\dboclient\lib\ntl_plugin_world\release4client\bamateri.obj
e:\dbog\dboglobal_dev\dboclient\lib\ntl_plugin_world\release4client\native.obj
e:\dbog\dboglobal_dev\dboclient\lib\ntl_plugin_world\release4client\d3d9texdic.obj
e:\dbog\dboglobal_dev\dboclient\lib\ntl_plugin_world\release4client\babinmtx.obj
e:\dbog\dboglobal_dev\dboclient\lib\ntl_plugin_world\release4client\rwdbgerr.obj
e:\dbog\dboglobal_dev\dboclient\lib\ntl_plugin_world\release4client\baworld.obj
e:\dbog\dboglobal_dev\dboclient\lib\ntl_plugin_world\release4client\wrldpipe.obj
e:\dbog\dboglobal_dev\dboclient\lib\ntl_plugin_world\release4client\d3d92drend.obj
e:\dbog\dboglobal_dev\dboclient\lib\ntl_plugin_world\release4client\p2stdcls.obj
e:\dbog\dboglobal_dev\dboclient\lib\ntl_plugin_world\release4client\bavector.obj
e:\dbog\dboglobal_dev\dboclient\lib\ntl_plugin_world\release4client\bameshop.obj
e:\dbog\dboglobal_dev\dboclient\lib\ntl_plugin_world\release4client\noded3d9worldsectorallinone.obj
e:\dbog\dboglobal_dev\dboclient\lib\ntl_plugin_world\release4client\imrascnv.obj
e:\dbog\dboglobal_dev\dboclient\lib\ntl_plugin_world\release4client\bacamera.obj
e:\dbog\dboglobal_dev\dboclient\lib\ntl_plugin_world\release4client\baimras.obj
e:\dbog\dboglobal_dev\dboclient\lib\ntl_plugin_world\release4client\batypehf.obj
e:\dbog\dboglobal_dev\dboclient\lib\ntl_plugin_world\release4client\p2altmdl.obj
e:\dbog\dboglobal_dev\dboclient\lib\ntl_plugin_world\release4client\p2heap.obj
e:\dbog\dboglobal_dev\dboclient\lib\ntl_plugin_world\release4client\badebug.obj
e:\dbog\dboglobal_dev\dboclient\lib\ntl_plugin_world\release4client\baclump.obj
e:\dbog\dboglobal_dev\dboclient\lib\ntl_plugin_world\release4client\d3d9vertexdeclaration.obj
e:\dbog\dboglobal_dev\dboclient\lib\ntl_plugin_world\release4client\ssematml.obj
e:\dbog\dboglobal_dev\dboclient\lib\ntl_plugin_world\release4client\babbox.obj
e:\dbog\dboglobal_dev\dboclient\lib\ntl_plugin_world\release4client\badevice.obj
e:\dbog\dboglobal_dev\dboclient\lib\ntl_plugin_world\release4client\batextur.obj
e:\dbog\dboglobal_dev\dboclient\lib\ntl_plugin_world\release4client\p2core.obj
e:\dbog\dboglobal_dev\dboclient\lib\ntl_plugin_world\release4client\p2macros.obj
e:\dbog\dboglobal_dev\dboclient\lib\ntl_plugin_world\release4client\babinary.obj
e:\dbog\dboglobal_dev\dboclient\lib\ntl_plugin_world\release4client\resmem.obj
e:\dbog\dboglobal_dev\dboclient\lib\ntl_plugin_world\release4client\basector.obj
e:\dbog\dboglobal_dev\dboclient\lib\ntl_plugin_world\release4client\d3d9vertexshader.obj
e:\dbog\dboglobal_dev\dboclient\release4client\rpworld.lib
e:\dbog\dboglobal_dev\dboclient\lib\ntl_plugin_world\release4client\ntl_plugin_world.tlog\cl.read.1.tlog
e:\dbog\dboglobal_dev\dboclient\lib\ntl_plugin_world\release4client\ntl_plugin_world.tlog\cl.command.1.tlog
e:\dbog\dboglobal_dev\dboclient\lib\ntl_plugin_world\release4client\ntl_plugin_world.tlog\cl.write.1.tlog
e:\dbog\dboglobal_dev\dboclient\lib\ntl_plugin_world\release4client\ntl_plugin_world.tlog\lib-link.read.1.tlog
e:\dbog\dboglobal_dev\dboclient\lib\ntl_plugin_world\release4client\ntl_plugin_world.tlog\lib-link.write.1.tlog
e:\dbog\dboglobal_dev\dboclient\lib\ntl_plugin_world\release4client\ntl_plugin_world.tlog\lib.command.1.tlog
