E:\DBOG\DBOGLOBAL_DEV\DboClient\Release4Tools\/NtlTrigger.lib
E:\DBOG\DBOGLOBAL_DEV\DBOCLIENT\RELEASE4TOOLS\NTLTRIGGER.LIB
E:\DBOG\DBOGLOBAL_DEV\NtlLib\Shared\NtlTrigger\Release4Tools\CL.10148.read.1.tlog
E:\DBOG\DBOGLOBAL_DEV\NtlLib\Shared\NtlTrigger\Release4Tools\CL.10148.write.1.tlog
E:\DBOG\DBOGLOBAL_DEV\NtlLib\Shared\NtlTrigger\Release4Tools\CL.10848.read.1.tlog
E:\DBOG\DBOGLOBAL_DEV\NtlLib\Shared\NtlTrigger\Release4Tools\CL.10848.write.1.tlog
E:\DBOG\DBOGLOBAL_DEV\NtlLib\Shared\NtlTrigger\Release4Tools\CL.11296.read.1.tlog
E:\DBOG\DBOGLOBAL_DEV\NtlLib\Shared\NtlTrigger\Release4Tools\CL.11296.write.1.tlog
E:\DBOG\DBOGLOBAL_DEV\NtlLib\Shared\NtlTrigger\Release4Tools\CL.12372.read.1.tlog
E:\DBOG\DBOGLOBAL_DEV\NtlLib\Shared\NtlTrigger\Release4Tools\CL.12372.write.1.tlog
E:\DBOG\DBOGLOBAL_DEV\NtlLib\Shared\NtlTrigger\Release4Tools\CL.12680.read.1.tlog
E:\DBOG\DBOGLOBAL_DEV\NtlLib\Shared\NtlTrigger\Release4Tools\CL.12680.write.1.tlog
E:\DBOG\DBOGLOBAL_DEV\NtlLib\Shared\NtlTrigger\Release4Tools\CL.13860.read.1.tlog
E:\DBOG\DBOGLOBAL_DEV\NtlLib\Shared\NtlTrigger\Release4Tools\CL.13860.write.1.tlog
E:\DBOG\DBOGLOBAL_DEV\NtlLib\Shared\NtlTrigger\Release4Tools\CL.14600.read.1.tlog
E:\DBOG\DBOGLOBAL_DEV\NtlLib\Shared\NtlTrigger\Release4Tools\CL.14600.write.1.tlog
E:\DBOG\DBOGLOBAL_DEV\NtlLib\Shared\NtlTrigger\Release4Tools\CL.1564.read.1.tlog
E:\DBOG\DBOGLOBAL_DEV\NtlLib\Shared\NtlTrigger\Release4Tools\CL.1564.write.1.tlog
E:\DBOG\DBOGLOBAL_DEV\NtlLib\Shared\NtlTrigger\Release4Tools\CL.17756.read.1.tlog
E:\DBOG\DBOGLOBAL_DEV\NtlLib\Shared\NtlTrigger\Release4Tools\CL.17756.write.1.tlog
E:\DBOG\DBOGLOBAL_DEV\NtlLib\Shared\NtlTrigger\Release4Tools\CL.18984.read.1.tlog
E:\DBOG\DBOGLOBAL_DEV\NtlLib\Shared\NtlTrigger\Release4Tools\CL.18984.write.1.tlog
E:\DBOG\DBOGLOBAL_DEV\NtlLib\Shared\NtlTrigger\Release4Tools\CL.19576.read.1.tlog
E:\DBOG\DBOGLOBAL_DEV\NtlLib\Shared\NtlTrigger\Release4Tools\CL.19576.write.1.tlog
E:\DBOG\DBOGLOBAL_DEV\NtlLib\Shared\NtlTrigger\Release4Tools\CL.20144.read.1.tlog
E:\DBOG\DBOGLOBAL_DEV\NtlLib\Shared\NtlTrigger\Release4Tools\CL.20144.write.1.tlog
E:\DBOG\DBOGLOBAL_DEV\NtlLib\Shared\NtlTrigger\Release4Tools\CL.2896.read.1.tlog
E:\DBOG\DBOGLOBAL_DEV\NtlLib\Shared\NtlTrigger\Release4Tools\CL.2896.write.1.tlog
E:\DBOG\DBOGLOBAL_DEV\NtlLib\Shared\NtlTrigger\Release4Tools\CL.3820.read.1.tlog
E:\DBOG\DBOGLOBAL_DEV\NtlLib\Shared\NtlTrigger\Release4Tools\CL.3820.write.1.tlog
E:\DBOG\DBOGLOBAL_DEV\NtlLib\Shared\NtlTrigger\Release4Tools\CL.6964.read.1.tlog
E:\DBOG\DBOGLOBAL_DEV\NtlLib\Shared\NtlTrigger\Release4Tools\CL.6964.write.1.tlog
E:\DBOG\DBOGLOBAL_DEV\NtlLib\Shared\NtlTrigger\Release4Tools\CL.6984.read.1.tlog
E:\DBOG\DBOGLOBAL_DEV\NtlLib\Shared\NtlTrigger\Release4Tools\CL.6984.write.1.tlog
E:\DBOG\DBOGLOBAL_DEV\NtlLib\Shared\NtlTrigger\Release4Tools\cl.command.1.tlog
E:\DBOG\DBOGLOBAL_DEV\NtlLib\Shared\NtlTrigger\Release4Tools\CL.read.1.tlog
E:\DBOG\DBOGLOBAL_DEV\NtlLib\Shared\NtlTrigger\Release4Tools\CL.write.1.tlog
E:\DBOG\DBOGLOBAL_DEV\NtlLib\Shared\NtlTrigger\Release4Tools\lib.command.1.tlog
E:\DBOG\DBOGLOBAL_DEV\NtlLib\Shared\NtlTrigger\Release4Tools\Lib-link.read.1.tlog
E:\DBOG\DBOGLOBAL_DEV\NtlLib\Shared\NtlTrigger\Release4Tools\Lib-link.write.1.tlog
E:\DBOG\DBOGLOBAL_DEV\NTLLIB\SHARED\NTLTRIGGER\RELEASE4TOOLS\NTLTRIGGER.PCH
E:\DBOG\DBOGLOBAL_DEV\NTLLIB\SHARED\NTLTRIGGER\RELEASE4TOOLS\NTLTSACTION.OBJ
E:\DBOG\DBOGLOBAL_DEV\NTLLIB\SHARED\NTLTRIGGER\RELEASE4TOOLS\NTLTSAGENCY.OBJ
E:\DBOG\DBOGLOBAL_DEV\NTLLIB\SHARED\NTLTRIGGER\RELEASE4TOOLS\NTLTSCOND.OBJ
E:\DBOG\DBOGLOBAL_DEV\NTLLIB\SHARED\NTLTRIGGER\RELEASE4TOOLS\NTLTSCONT.OBJ
E:\DBOG\DBOGLOBAL_DEV\NTLLIB\SHARED\NTLTRIGGER\RELEASE4TOOLS\NTLTSCONTROLFACTORY.OBJ
E:\DBOG\DBOGLOBAL_DEV\NTLLIB\SHARED\NTLTRIGGER\RELEASE4TOOLS\NTLTSCONTROLFACTORYTYPE.OBJ
E:\DBOG\DBOGLOBAL_DEV\NTLLIB\SHARED\NTLTRIGGER\RELEASE4TOOLS\NTLTSCONTROLLER.OBJ
E:\DBOG\DBOGLOBAL_DEV\NTLLIB\SHARED\NTLTRIGGER\RELEASE4TOOLS\NTLTSCONTROLOBJECT.OBJ
E:\DBOG\DBOGLOBAL_DEV\NTLLIB\SHARED\NTLTRIGGER\RELEASE4TOOLS\NTLTSCORESTATIC.OBJ
E:\DBOG\DBOGLOBAL_DEV\NTLLIB\SHARED\NTLTRIGGER\RELEASE4TOOLS\NTLTSENTITY.OBJ
E:\DBOG\DBOGLOBAL_DEV\NTLLIB\SHARED\NTLTRIGGER\RELEASE4TOOLS\NTLTSENTITYFACTORY.OBJ
E:\DBOG\DBOGLOBAL_DEV\NTLLIB\SHARED\NTLTRIGGER\RELEASE4TOOLS\NTLTSENTITYFACTORYTYPE.OBJ
E:\DBOG\DBOGLOBAL_DEV\NTLLIB\SHARED\NTLTRIGGER\RELEASE4TOOLS\NTLTSEVENT.OBJ
E:\DBOG\DBOGLOBAL_DEV\NTLLIB\SHARED\NTLTRIGGER\RELEASE4TOOLS\NTLTSEVTMAPPER.OBJ
E:\DBOG\DBOGLOBAL_DEV\NTLLIB\SHARED\NTLTRIGGER\RELEASE4TOOLS\NTLTSGROUP.OBJ
E:\DBOG\DBOGLOBAL_DEV\NTLLIB\SHARED\NTLTRIGGER\RELEASE4TOOLS\NTLTSLOG.OBJ
E:\DBOG\DBOGLOBAL_DEV\NTLLIB\SHARED\NTLTRIGGER\RELEASE4TOOLS\NTLTSMAIN.OBJ
E:\DBOG\DBOGLOBAL_DEV\NTLLIB\SHARED\NTLTRIGGER\RELEASE4TOOLS\NTLTSMEMIO.OBJ
E:\DBOG\DBOGLOBAL_DEV\NTLLIB\SHARED\NTLTRIGGER\RELEASE4TOOLS\NTLTSRECV.OBJ
E:\DBOG\DBOGLOBAL_DEV\NTLLIB\SHARED\NTLTRIGGER\RELEASE4TOOLS\NTLTSRTTI.OBJ
E:\DBOG\DBOGLOBAL_DEV\NTLLIB\SHARED\NTLTRIGGER\RELEASE4TOOLS\NTLTSSCROBJECT.OBJ
E:\DBOG\DBOGLOBAL_DEV\NTLLIB\SHARED\NTLTRIGGER\RELEASE4TOOLS\NTLTSSCRPARSER.OBJ
E:\DBOG\DBOGLOBAL_DEV\NTLLIB\SHARED\NTLTRIGGER\RELEASE4TOOLS\NTLTSSCRSAVER.OBJ
E:\DBOG\DBOGLOBAL_DEV\NTLLIB\SHARED\NTLTRIGGER\RELEASE4TOOLS\NTLTSSCRSTREAM.OBJ
E:\DBOG\DBOGLOBAL_DEV\NTLLIB\SHARED\NTLTRIGGER\RELEASE4TOOLS\NTLTSSCRTOKENIZER.OBJ
E:\DBOG\DBOGLOBAL_DEV\NTLLIB\SHARED\NTLTRIGGER\RELEASE4TOOLS\NTLTSTRIGGER.OBJ
E:\DBOG\DBOGLOBAL_DEV\NTLLIB\SHARED\NTLTRIGGER\RELEASE4TOOLS\NTLTSUIFACTORY.OBJ
E:\DBOG\DBOGLOBAL_DEV\NTLLIB\SHARED\NTLTRIGGER\RELEASE4TOOLS\NTLTSUIFACTORYTYPE.OBJ
E:\DBOG\DBOGLOBAL_DEV\NTLLIB\SHARED\NTLTRIGGER\RELEASE4TOOLS\NTLTSUIOBJECT.OBJ
E:\DBOG\DBOGLOBAL_DEV\NTLLIB\SHARED\NTLTRIGGER\RELEASE4TOOLS\PRECOMP_TRIGGER.OBJ
E:\DBOG\DBOGLOBAL_DEV\NTLLIB\SHARED\NTLTRIGGER\RELEASE4TOOLS\VC80.PDB
