E:\DBOG\DBOGLOBAL_DEV\DboClient\Lib\Ntl_Plugin_Collis\Release4Tools\CL.10680.read.1.tlog
E:\DBOG\DBOGLOBAL_DEV\DboClient\Lib\Ntl_Plugin_Collis\Release4Tools\CL.10680.write.1.tlog
E:\DBOG\DBOGLOBAL_DEV\DboClient\Lib\Ntl_Plugin_Collis\Release4Tools\CL.13320.read.1.tlog
E:\DBOG\DBOGLOBAL_DEV\DboClient\Lib\Ntl_Plugin_Collis\Release4Tools\CL.13320.write.1.tlog
E:\DBOG\DBOGLOBAL_DEV\DboClient\Lib\Ntl_Plugin_Collis\Release4Tools\CL.14264.read.1.tlog
E:\DBOG\DBOGLOBAL_DEV\DboClient\Lib\Ntl_Plugin_Collis\Release4Tools\CL.14264.write.1.tlog
E:\DBOG\DBOGLOBAL_DEV\DboClient\Lib\Ntl_Plugin_Collis\Release4Tools\CL.14948.read.1.tlog
E:\DBOG\DBOGLOBAL_DEV\DboClient\Lib\Ntl_Plugin_Collis\Release4Tools\CL.14948.write.1.tlog
E:\DBOG\DBOGLOBAL_DEV\DboClient\Lib\Ntl_Plugin_Collis\Release4Tools\CL.16252.read.1.tlog
E:\DBOG\DBOGLOBAL_DEV\DboClient\Lib\Ntl_Plugin_Collis\Release4Tools\CL.16252.write.1.tlog
E:\DBOG\DBOGLOBAL_DEV\DboClient\Lib\Ntl_Plugin_Collis\Release4Tools\CL.16272.read.1.tlog
E:\DBOG\DBOGLOBAL_DEV\DboClient\Lib\Ntl_Plugin_Collis\Release4Tools\CL.16272.write.1.tlog
E:\DBOG\DBOGLOBAL_DEV\DboClient\Lib\Ntl_Plugin_Collis\Release4Tools\CL.17604.read.1.tlog
E:\DBOG\DBOGLOBAL_DEV\DboClient\Lib\Ntl_Plugin_Collis\Release4Tools\CL.17604.write.1.tlog
E:\DBOG\DBOGLOBAL_DEV\DboClient\Lib\Ntl_Plugin_Collis\Release4Tools\CL.21392.read.1.tlog
E:\DBOG\DBOGLOBAL_DEV\DboClient\Lib\Ntl_Plugin_Collis\Release4Tools\CL.21392.write.1.tlog
E:\DBOG\DBOGLOBAL_DEV\DboClient\Lib\Ntl_Plugin_Collis\Release4Tools\CL.8712.read.1.tlog
E:\DBOG\DBOGLOBAL_DEV\DboClient\Lib\Ntl_Plugin_Collis\Release4Tools\CL.8712.write.1.tlog
E:\DBOG\DBOGLOBAL_DEV\DboClient\Lib\Ntl_Plugin_Collis\Release4Tools\cl.command.1.tlog
E:\DBOG\DBOGLOBAL_DEV\DboClient\Lib\Ntl_Plugin_Collis\Release4Tools\CL.read.1.tlog
E:\DBOG\DBOGLOBAL_DEV\DboClient\Lib\Ntl_Plugin_Collis\Release4Tools\cl.write.1.tlog
E:\DBOG\DBOGLOBAL_DEV\DboClient\Lib\Ntl_Plugin_Collis\Release4Tools\collbuild.obj
E:\DBOG\DBOGLOBAL_DEV\DboClient\Lib\Ntl_Plugin_Collis\Release4Tools\colldata.obj
E:\DBOG\DBOGLOBAL_DEV\DboClient\Lib\Ntl_Plugin_Collis\Release4Tools\collquery.obj
E:\DBOG\DBOGLOBAL_DEV\DboClient\Lib\Ntl_Plugin_Collis\Release4Tools\ctbuild.obj
E:\DBOG\DBOGLOBAL_DEV\DboClient\Lib\Ntl_Plugin_Collis\Release4Tools\ctdata.obj
E:\DBOG\DBOGLOBAL_DEV\DboClient\Lib\Ntl_Plugin_Collis\Release4Tools\ctquery.obj
E:\DBOG\DBOGLOBAL_DEV\DboClient\Lib\Ntl_Plugin_Collis\Release4Tools\lib.command.1.tlog
E:\DBOG\DBOGLOBAL_DEV\DboClient\Lib\Ntl_Plugin_Collis\Release4Tools\Lib-link.read.1.tlog
E:\DBOG\DBOGLOBAL_DEV\DboClient\Lib\Ntl_Plugin_Collis\Release4Tools\Lib-link.write.1.tlog
E:\DBOG\DBOGLOBAL_DEV\DboClient\Lib\Ntl_Plugin_Collis\Release4Tools\NtlCollis.obj
E:\DBOG\DBOGLOBAL_DEV\DboClient\Lib\Ntl_Plugin_Collis\Release4Tools\rpcollis.obj
E:\DBOG\DBOGLOBAL_DEV\DboClient\Lib\Ntl_Plugin_Collis\Release4Tools\rpdbgerr.obj
E:\DBOG\DBOGLOBAL_DEV\DBOCLIENT\RELEASE4TOOLS\RPCOLLIS.LIB
E:\DBOG\DBOGLOBAL_DEV\DBOCLIENT\RELEASE4TOOLS\RPCOLLIS.PDB
