E:\DBOG\DBOGLOBAL_DEV\DBOCLIENT\RELEASE4TOOLS\NTLCLIENTNET.LIB
E:\DBOG\DBOGLOBAL_DEV\NtlLib\Client\NtlClientNet\Release4Tools\CL.10560.read.1.tlog
E:\DBOG\DBOGLOBAL_DEV\NtlLib\Client\NtlClientNet\Release4Tools\CL.10560.write.1.tlog
E:\DBOG\DBOGLOBAL_DEV\NtlLib\Client\NtlClientNet\Release4Tools\CL.16352.read.1.tlog
E:\DBOG\DBOGLOBAL_DEV\NtlLib\Client\NtlClientNet\Release4Tools\CL.16352.write.1.tlog
E:\DBOG\DBOGLOBAL_DEV\NtlLib\Client\NtlClientNet\Release4Tools\CL.20224.read.1.tlog
E:\DBOG\DBOGLOBAL_DEV\NtlLib\Client\NtlClientNet\Release4Tools\CL.20224.write.1.tlog
E:\DBOG\DBOGLOBAL_DEV\NtlLib\Client\NtlClientNet\Release4Tools\CL.21432.read.1.tlog
E:\DBOG\DBOGLOBAL_DEV\NtlLib\Client\NtlClientNet\Release4Tools\CL.21432.write.1.tlog
E:\DBOG\DBOGLOBAL_DEV\NtlLib\Client\NtlClientNet\Release4Tools\CL.3164.read.1.tlog
E:\DBOG\DBOGLOBAL_DEV\NtlLib\Client\NtlClientNet\Release4Tools\CL.3164.write.1.tlog
E:\DBOG\DBOGLOBAL_DEV\NtlLib\Client\NtlClientNet\Release4Tools\CL.8248.read.1.tlog
E:\DBOG\DBOGLOBAL_DEV\NtlLib\Client\NtlClientNet\Release4Tools\CL.8248.write.1.tlog
E:\DBOG\DBOGLOBAL_DEV\NtlLib\Client\NtlClientNet\Release4Tools\CL.8424.read.1.tlog
E:\DBOG\DBOGLOBAL_DEV\NtlLib\Client\NtlClientNet\Release4Tools\CL.8424.write.1.tlog
E:\DBOG\DBOGLOBAL_DEV\NtlLib\Client\NtlClientNet\Release4Tools\CL.9504.read.1.tlog
E:\DBOG\DBOGLOBAL_DEV\NtlLib\Client\NtlClientNet\Release4Tools\CL.9504.write.1.tlog
E:\DBOG\DBOGLOBAL_DEV\NtlLib\Client\NtlClientNet\Release4Tools\cl.command.1.tlog
E:\DBOG\DBOGLOBAL_DEV\NtlLib\Client\NtlClientNet\Release4Tools\CL.read.1.tlog
E:\DBOG\DBOGLOBAL_DEV\NtlLib\Client\NtlClientNet\Release4Tools\CL.write.1.tlog
E:\DBOG\DBOGLOBAL_DEV\NtlLib\Client\NtlClientNet\Release4Tools\lib.command.1.tlog
E:\DBOG\DBOGLOBAL_DEV\NtlLib\Client\NtlClientNet\Release4Tools\Lib-link.read.1.tlog
E:\DBOG\DBOGLOBAL_DEV\NtlLib\Client\NtlClientNet\Release4Tools\Lib-link.write.1.tlog
E:\DBOG\DBOGLOBAL_DEV\NTLLIB\CLIENT\NTLCLIENTNET\RELEASE4TOOLS\NTLCLIENTNET.OBJ
E:\DBOG\DBOGLOBAL_DEV\NTLLIB\CLIENT\NTLCLIENTNET\RELEASE4TOOLS\NTLCLIENTNET.PCH
E:\DBOG\DBOGLOBAL_DEV\NTLLIB\CLIENT\NTLCLIENTNET\RELEASE4TOOLS\NTLDEBUG.OBJ
E:\DBOG\DBOGLOBAL_DEV\NTLLIB\CLIENT\NTLCLIENTNET\RELEASE4TOOLS\NTLERROR.OBJ
E:\DBOG\DBOGLOBAL_DEV\NTLLIB\CLIENT\NTLCLIENTNET\RELEASE4TOOLS\NTLPACKET.OBJ
E:\DBOG\DBOGLOBAL_DEV\NTLLIB\CLIENT\NTLCLIENTNET\RELEASE4TOOLS\NTLPACKETENCODER.OBJ
E:\DBOG\DBOGLOBAL_DEV\NTLLIB\CLIENT\NTLCLIENTNET\RELEASE4TOOLS\NTLRANDOMGENERATOR.OBJ
E:\DBOG\DBOGLOBAL_DEV\NTLLIB\CLIENT\NTLCLIENTNET\RELEASE4TOOLS\NTLSOCKET.OBJ
E:\DBOG\DBOGLOBAL_DEV\NTLLIB\CLIENT\NTLCLIENTNET\RELEASE4TOOLS\NTLSTRING.OBJ
E:\DBOG\DBOGLOBAL_DEV\NTLLIB\CLIENT\NTLCLIENTNET\RELEASE4TOOLS\STDAFX.OBJ
E:\DBOG\DBOGLOBAL_DEV\NTLLIB\CLIENT\NTLCLIENTNET\RELEASE4TOOLS\VC80.PDB
