e:\dbog\dboglobal_dev\dboclient\lib\ntlcore\release4client\ntlcore.pch
e:\dbog\dboglobal_dev\dboclient\lib\ntlcore\release4client\ntlcore.pdb
e:\dbog\dboglobal_dev\dboclient\lib\ntlcore\release4client\precomp_ntlcore.obj
e:\dbog\dboglobal_dev\dboclient\lib\ntlcore\release4client\ntlcharsetprint.obj
e:\dbog\dboglobal_dev\dboclient\lib\ntlcore\release4client\ntlprofiler.obj
e:\dbog\dboglobal_dev\dboclient\lib\ntlcore\release4client\ceventhandler.obj
e:\dbog\dboglobal_dev\dboclient\lib\ntlcore\release4client\ntlsysevent.obj
e:\dbog\dboglobal_dev\dboclient\lib\ntlcore\release4client\debugmacros.obj
e:\dbog\dboglobal_dev\dboclient\lib\ntlcore\release4client\ntlstringutil.obj
e:\dbog\dboglobal_dev\dboclient\lib\ntlcore\release4client\idfromstring.obj
e:\dbog\dboglobal_dev\dboclient\lib\ntlcore\release4client\ntldevicerestorehandler.obj
e:\dbog\dboglobal_dev\dboclient\lib\ntlcore\release4client\ntltokenoption.obj
e:\dbog\dboglobal_dev\dboclient\lib\ntlcore\release4client\ntlbugtrap.obj
e:\dbog\dboglobal_dev\dboclient\lib\ntlcore\release4client\ntlpackimage.obj
e:\dbog\dboglobal_dev\dboclient\lib\ntlcore\release4client\memoryhandler.obj
e:\dbog\dboglobal_dev\dboclient\lib\ntlcore\release4client\ntllog.obj
e:\dbog\dboglobal_dev\dboclient\lib\ntlcore\release4client\ntlcorerender.obj
e:\dbog\dboglobal_dev\dboclient\lib\ntlcore\release4client\ntlmath.obj
e:\dbog\dboglobal_dev\dboclient\lib\ntlcore\release4client\ntlworlddi.obj
e:\dbog\dboglobal_dev\dboclient\lib\ntlcore\release4client\debugostream.obj
e:\dbog\dboglobal_dev\dboclient\lib\ntlcore\release4client\ntlschedule.obj
e:\dbog\dboglobal_dev\dboclient\lib\ntlcore\release4client\callstack.obj
e:\dbog\dboglobal_dev\dboclient\lib\ntlcore\release4client\ntldumptarget.obj
e:\dbog\dboglobal_dev\dboclient\lib\ntlcore\release4client\ntlworldmouse.obj
e:\dbog\dboglobal_dev\dboclient\lib\ntlcore\release4client\eventhandlerstrfuncs.obj
e:\dbog\dboglobal_dev\dboclient\lib\ntlcore\release4client\ntleventqueue.obj
e:\dbog\dboglobal_dev\dboclient\lib\ntlcore\release4client\rtti.obj
e:\dbog\dboglobal_dev\dboclient\lib\ntlcore\release4client\ntlatomic.obj
e:\dbog\dboglobal_dev\dboclient\lib\ntlcore\release4client\performancechecker.obj
e:\dbog\dboglobal_dev\dboclient\lib\ntlcore\release4client\ntlconsole.obj
e:\dbog\dboglobal_dev\dboclient\lib\ntlcore\release4client\ntlpaser.obj
e:\dbog\dboglobal_dev\dboclient\lib\ntlcore\release4client\registry.obj
e:\dbog\dboglobal_dev\dboclient\lib\ntlcore\release4client\memoryprofile.obj
e:\dbog\dboglobal_dev\dboclient\lib\ntlcore\release4client\ntlframeskipscheduler.obj
e:\dbog\dboglobal_dev\dboclient\lib\ntlcore\release4client\ntlcoreapi.obj
e:\dbog\dboglobal_dev\dboclient\lib\ntlcore\release4client\profile.obj
e:\dbog\dboglobal_dev\dboclient\lib\ntlcore\release4client\ntlcorelogic.obj
e:\dbog\dboglobal_dev\dboclient\lib\ntlcore\release4client\ntlsysteminfo.obj
e:\dbog\dboglobal_dev\dboclient\lib\ntlcore\release4client\ceventvisualisation.obj
e:\dbog\dboglobal_dev\dboclient\lib\ntlcore\release4client\ntlcoreutil.obj
e:\dbog\dboglobal_dev\dboclient\lib\ntlcore\release4client\ntlloadingcontroller.obj
e:\dbog\dboglobal_dev\dboclient\lib\ntlcore\release4client\streamhandler.obj
e:\dbog\dboglobal_dev\dboclient\release4client\ntlcore.lib
e:\dbog\dboglobal_dev\dboclient\lib\ntlcore\release4client\ntlcore.tlog\cl.read.1.tlog
e:\dbog\dboglobal_dev\dboclient\lib\ntlcore\release4client\ntlcore.tlog\cl.write.1.tlog
e:\dbog\dboglobal_dev\dboclient\lib\ntlcore\release4client\ntlcore.tlog\cl.command.1.tlog
e:\dbog\dboglobal_dev\dboclient\lib\ntlcore\release4client\ntlcore.tlog\lib-link.read.1.tlog
e:\dbog\dboglobal_dev\dboclient\lib\ntlcore\release4client\ntlcore.tlog\lib-link.write.1.tlog
e:\dbog\dboglobal_dev\dboclient\lib\ntlcore\release4client\ntlcore.tlog\lib.command.1.tlog
