E:\DBOG\DBOGLOBAL_DEV\DboClient\Lib\Ntl_Plugin_World\Release4Tools\babbox.obj
E:\DBOG\DBOGLOBAL_DEV\DboClient\Lib\Ntl_Plugin_World\Release4Tools\babinary.obj
E:\DBOG\DBOGLOBAL_DEV\DboClient\Lib\Ntl_Plugin_World\Release4Tools\babincam.obj
E:\DBOG\DBOGLOBAL_DEV\DboClient\Lib\Ntl_Plugin_World\Release4Tools\babinfrm.obj
E:\DBOG\DBOGLOBAL_DEV\DboClient\Lib\Ntl_Plugin_World\Release4Tools\babinmtx.obj
E:\DBOG\DBOGLOBAL_DEV\DboClient\Lib\Ntl_Plugin_World\Release4Tools\babintex.obj
E:\DBOG\DBOGLOBAL_DEV\DboClient\Lib\Ntl_Plugin_World\Release4Tools\babinwor.obj
E:\DBOG\DBOGLOBAL_DEV\DboClient\Lib\Ntl_Plugin_World\Release4Tools\bacamera.obj
E:\DBOG\DBOGLOBAL_DEV\DboClient\Lib\Ntl_Plugin_World\Release4Tools\bacamval.obj
E:\DBOG\DBOGLOBAL_DEV\DboClient\Lib\Ntl_Plugin_World\Release4Tools\baclump.obj
E:\DBOG\DBOGLOBAL_DEV\DboClient\Lib\Ntl_Plugin_World\Release4Tools\bacolor.obj
E:\DBOG\DBOGLOBAL_DEV\DboClient\Lib\Ntl_Plugin_World\Release4Tools\badebug.obj
E:\DBOG\DBOGLOBAL_DEV\DboClient\Lib\Ntl_Plugin_World\Release4Tools\badevice.obj
E:\DBOG\DBOGLOBAL_DEV\DboClient\Lib\Ntl_Plugin_World\Release4Tools\baerr.obj
E:\DBOG\DBOGLOBAL_DEV\DboClient\Lib\Ntl_Plugin_World\Release4Tools\baframe.obj
E:\DBOG\DBOGLOBAL_DEV\DboClient\Lib\Ntl_Plugin_World\Release4Tools\bageomet.obj
E:\DBOG\DBOGLOBAL_DEV\DboClient\Lib\Ntl_Plugin_World\Release4Tools\baim3d.obj
E:\DBOG\DBOGLOBAL_DEV\DboClient\Lib\Ntl_Plugin_World\Release4Tools\baim3doc.obj
E:\DBOG\DBOGLOBAL_DEV\DboClient\Lib\Ntl_Plugin_World\Release4Tools\baimage.obj
E:\DBOG\DBOGLOBAL_DEV\DboClient\Lib\Ntl_Plugin_World\Release4Tools\baimmedi.obj
E:\DBOG\DBOGLOBAL_DEV\DboClient\Lib\Ntl_Plugin_World\Release4Tools\baimras.obj
E:\DBOG\DBOGLOBAL_DEV\DboClient\Lib\Ntl_Plugin_World\Release4Tools\balight.obj
E:\DBOG\DBOGLOBAL_DEV\DboClient\Lib\Ntl_Plugin_World\Release4Tools\balist.obj
E:\DBOG\DBOGLOBAL_DEV\DboClient\Lib\Ntl_Plugin_World\Release4Tools\bamateri.obj
E:\DBOG\DBOGLOBAL_DEV\DboClient\Lib\Ntl_Plugin_World\Release4Tools\bamatlst.obj
E:\DBOG\DBOGLOBAL_DEV\DboClient\Lib\Ntl_Plugin_World\Release4Tools\bamatrix.obj
E:\DBOG\DBOGLOBAL_DEV\DboClient\Lib\Ntl_Plugin_World\Release4Tools\bamemory.obj
E:\DBOG\DBOGLOBAL_DEV\DboClient\Lib\Ntl_Plugin_World\Release4Tools\bamesh.obj
E:\DBOG\DBOGLOBAL_DEV\DboClient\Lib\Ntl_Plugin_World\Release4Tools\bameshop.obj
E:\DBOG\DBOGLOBAL_DEV\DboClient\Lib\Ntl_Plugin_World\Release4Tools\bapipe.obj
E:\DBOG\DBOGLOBAL_DEV\DboClient\Lib\Ntl_Plugin_World\Release4Tools\bapipew.obj
E:\DBOG\DBOGLOBAL_DEV\DboClient\Lib\Ntl_Plugin_World\Release4Tools\baraster.obj
E:\DBOG\DBOGLOBAL_DEV\DboClient\Lib\Ntl_Plugin_World\Release4Tools\baresamp.obj
E:\DBOG\DBOGLOBAL_DEV\DboClient\Lib\Ntl_Plugin_World\Release4Tools\baresour.obj
E:\DBOG\DBOGLOBAL_DEV\DboClient\Lib\Ntl_Plugin_World\Release4Tools\basector.obj
E:\DBOG\DBOGLOBAL_DEV\DboClient\Lib\Ntl_Plugin_World\Release4Tools\bastream.obj
E:\DBOG\DBOGLOBAL_DEV\DboClient\Lib\Ntl_Plugin_World\Release4Tools\basync.obj
E:\DBOG\DBOGLOBAL_DEV\DboClient\Lib\Ntl_Plugin_World\Release4Tools\batextur.obj
E:\DBOG\DBOGLOBAL_DEV\DboClient\Lib\Ntl_Plugin_World\Release4Tools\batkbin.obj
E:\DBOG\DBOGLOBAL_DEV\DboClient\Lib\Ntl_Plugin_World\Release4Tools\batkreg.obj
E:\DBOG\DBOGLOBAL_DEV\DboClient\Lib\Ntl_Plugin_World\Release4Tools\batypehf.obj
E:\DBOG\DBOGLOBAL_DEV\DboClient\Lib\Ntl_Plugin_World\Release4Tools\bavector.obj
E:\DBOG\DBOGLOBAL_DEV\DboClient\Lib\Ntl_Plugin_World\Release4Tools\baworld.obj
E:\DBOG\DBOGLOBAL_DEV\DboClient\Lib\Ntl_Plugin_World\Release4Tools\baworobj.obj
E:\DBOG\DBOGLOBAL_DEV\DboClient\Lib\Ntl_Plugin_World\Release4Tools\CL.11360.read.1.tlog
E:\DBOG\DBOGLOBAL_DEV\DboClient\Lib\Ntl_Plugin_World\Release4Tools\CL.11360.write.1.tlog
E:\DBOG\DBOGLOBAL_DEV\DboClient\Lib\Ntl_Plugin_World\Release4Tools\CL.12464.read.1.tlog
E:\DBOG\DBOGLOBAL_DEV\DboClient\Lib\Ntl_Plugin_World\Release4Tools\CL.12464.write.1.tlog
E:\DBOG\DBOGLOBAL_DEV\DboClient\Lib\Ntl_Plugin_World\Release4Tools\CL.12884.read.1.tlog
E:\DBOG\DBOGLOBAL_DEV\DboClient\Lib\Ntl_Plugin_World\Release4Tools\CL.12884.write.1.tlog
E:\DBOG\DBOGLOBAL_DEV\DboClient\Lib\Ntl_Plugin_World\Release4Tools\CL.13944.read.1.tlog
E:\DBOG\DBOGLOBAL_DEV\DboClient\Lib\Ntl_Plugin_World\Release4Tools\CL.13944.write.1.tlog
E:\DBOG\DBOGLOBAL_DEV\DboClient\Lib\Ntl_Plugin_World\Release4Tools\CL.15152.read.1.tlog
E:\DBOG\DBOGLOBAL_DEV\DboClient\Lib\Ntl_Plugin_World\Release4Tools\CL.15152.write.1.tlog
E:\DBOG\DBOGLOBAL_DEV\DboClient\Lib\Ntl_Plugin_World\Release4Tools\CL.17480.read.1.tlog
E:\DBOG\DBOGLOBAL_DEV\DboClient\Lib\Ntl_Plugin_World\Release4Tools\CL.17480.write.1.tlog
E:\DBOG\DBOGLOBAL_DEV\DboClient\Lib\Ntl_Plugin_World\Release4Tools\CL.18508.read.1.tlog
E:\DBOG\DBOGLOBAL_DEV\DboClient\Lib\Ntl_Plugin_World\Release4Tools\CL.18508.write.1.tlog
E:\DBOG\DBOGLOBAL_DEV\DboClient\Lib\Ntl_Plugin_World\Release4Tools\CL.19608.read.1.tlog
E:\DBOG\DBOGLOBAL_DEV\DboClient\Lib\Ntl_Plugin_World\Release4Tools\CL.19608.write.1.tlog
E:\DBOG\DBOGLOBAL_DEV\DboClient\Lib\Ntl_Plugin_World\Release4Tools\CL.19884.read.1.tlog
E:\DBOG\DBOGLOBAL_DEV\DboClient\Lib\Ntl_Plugin_World\Release4Tools\CL.19884.write.1.tlog
E:\DBOG\DBOGLOBAL_DEV\DboClient\Lib\Ntl_Plugin_World\Release4Tools\CL.19940.read.1.tlog
E:\DBOG\DBOGLOBAL_DEV\DboClient\Lib\Ntl_Plugin_World\Release4Tools\CL.19940.write.1.tlog
E:\DBOG\DBOGLOBAL_DEV\DboClient\Lib\Ntl_Plugin_World\Release4Tools\CL.19960.read.1.tlog
E:\DBOG\DBOGLOBAL_DEV\DboClient\Lib\Ntl_Plugin_World\Release4Tools\CL.19960.write.1.tlog
E:\DBOG\DBOGLOBAL_DEV\DboClient\Lib\Ntl_Plugin_World\Release4Tools\CL.20424.read.1.tlog
E:\DBOG\DBOGLOBAL_DEV\DboClient\Lib\Ntl_Plugin_World\Release4Tools\CL.20424.write.1.tlog
E:\DBOG\DBOGLOBAL_DEV\DboClient\Lib\Ntl_Plugin_World\Release4Tools\CL.20644.read.1.tlog
E:\DBOG\DBOGLOBAL_DEV\DboClient\Lib\Ntl_Plugin_World\Release4Tools\CL.20644.write.1.tlog
E:\DBOG\DBOGLOBAL_DEV\DboClient\Lib\Ntl_Plugin_World\Release4Tools\CL.3412.read.1.tlog
E:\DBOG\DBOGLOBAL_DEV\DboClient\Lib\Ntl_Plugin_World\Release4Tools\CL.3412.write.1.tlog
E:\DBOG\DBOGLOBAL_DEV\DboClient\Lib\Ntl_Plugin_World\Release4Tools\CL.7752.read.1.tlog
E:\DBOG\DBOGLOBAL_DEV\DboClient\Lib\Ntl_Plugin_World\Release4Tools\CL.7752.write.1.tlog
E:\DBOG\DBOGLOBAL_DEV\DboClient\Lib\Ntl_Plugin_World\Release4Tools\CL.9768.read.1.tlog
E:\DBOG\DBOGLOBAL_DEV\DboClient\Lib\Ntl_Plugin_World\Release4Tools\CL.9768.write.1.tlog
E:\DBOG\DBOGLOBAL_DEV\DboClient\Lib\Ntl_Plugin_World\Release4Tools\cl.command.1.tlog
E:\DBOG\DBOGLOBAL_DEV\DboClient\Lib\Ntl_Plugin_World\Release4Tools\CL.read.1.tlog
E:\DBOG\DBOGLOBAL_DEV\DboClient\Lib\Ntl_Plugin_World\Release4Tools\cl.write.1.tlog
E:\DBOG\DBOGLOBAL_DEV\DboClient\Lib\Ntl_Plugin_World\Release4Tools\cpuext.obj
E:\DBOG\DBOGLOBAL_DEV\DboClient\Lib\Ntl_Plugin_World\Release4Tools\d3d92drend.obj
E:\DBOG\DBOGLOBAL_DEV\DboClient\Lib\Ntl_Plugin_World\Release4Tools\d3d9convrt.obj
E:\DBOG\DBOGLOBAL_DEV\DboClient\Lib\Ntl_Plugin_World\Release4Tools\d3d9device.obj
E:\DBOG\DBOGLOBAL_DEV\DboClient\Lib\Ntl_Plugin_World\Release4Tools\d3d9dxttex.obj
E:\DBOG\DBOGLOBAL_DEV\DboClient\Lib\Ntl_Plugin_World\Release4Tools\d3d9dxttex_add.obj
E:\DBOG\DBOGLOBAL_DEV\DboClient\Lib\Ntl_Plugin_World\Release4Tools\D3D9lights.obj
E:\DBOG\DBOGLOBAL_DEV\DboClient\Lib\Ntl_Plugin_World\Release4Tools\d3d9metric.obj
E:\DBOG\DBOGLOBAL_DEV\DboClient\Lib\Ntl_Plugin_World\Release4Tools\D3D9pipe.obj
E:\DBOG\DBOGLOBAL_DEV\DboClient\Lib\Ntl_Plugin_World\Release4Tools\d3d9raster.obj
E:\DBOG\DBOGLOBAL_DEV\DboClient\Lib\Ntl_Plugin_World\Release4Tools\d3d9rendst.obj
E:\DBOG\DBOGLOBAL_DEV\DboClient\Lib\Ntl_Plugin_World\Release4Tools\d3d9texdic.obj
E:\DBOG\DBOGLOBAL_DEV\DboClient\Lib\Ntl_Plugin_World\Release4Tools\d3d9usage.obj
E:\DBOG\DBOGLOBAL_DEV\DboClient\Lib\Ntl_Plugin_World\Release4Tools\d3d9vertexbuffer.obj
E:\DBOG\DBOGLOBAL_DEV\DboClient\Lib\Ntl_Plugin_World\Release4Tools\d3d9vertexdeclaration.obj
E:\DBOG\DBOGLOBAL_DEV\DboClient\Lib\Ntl_Plugin_World\Release4Tools\d3d9vertexshader.obj
E:\DBOG\DBOGLOBAL_DEV\DboClient\Lib\Ntl_Plugin_World\Release4Tools\d3d9vertexshaderutils.obj
E:\DBOG\DBOGLOBAL_DEV\DboClient\Lib\Ntl_Plugin_World\Release4Tools\datblkcb.obj
E:\DBOG\DBOGLOBAL_DEV\DboClient\Lib\Ntl_Plugin_World\Release4Tools\drvequat.obj
E:\DBOG\DBOGLOBAL_DEV\DboClient\Lib\Ntl_Plugin_World\Release4Tools\im3dpipe.obj
E:\DBOG\DBOGLOBAL_DEV\DboClient\Lib\Ntl_Plugin_World\Release4Tools\imrascnv.obj
E:\DBOG\DBOGLOBAL_DEV\DboClient\Lib\Ntl_Plugin_World\Release4Tools\lib.command.1.tlog
E:\DBOG\DBOGLOBAL_DEV\DboClient\Lib\Ntl_Plugin_World\Release4Tools\Lib-link.read.1.tlog
E:\DBOG\DBOGLOBAL_DEV\DboClient\Lib\Ntl_Plugin_World\Release4Tools\Lib-link.write.1.tlog
E:\DBOG\DBOGLOBAL_DEV\DboClient\Lib\Ntl_Plugin_World\Release4Tools\native.obj
E:\DBOG\DBOGLOBAL_DEV\DboClient\Lib\Ntl_Plugin_World\Release4Tools\nodeD3D9AtomicAllInOne.obj
E:\DBOG\DBOGLOBAL_DEV\DboClient\Lib\Ntl_Plugin_World\Release4Tools\nodeD3D9SubmitNoLight.obj
E:\DBOG\DBOGLOBAL_DEV\DboClient\Lib\Ntl_Plugin_World\Release4Tools\nodeD3D9WorldSectorAllInOne.obj
E:\DBOG\DBOGLOBAL_DEV\DboClient\Lib\Ntl_Plugin_World\Release4Tools\NtlPluginWorldGlobal.obj
E:\DBOG\DBOGLOBAL_DEV\DboClient\Lib\Ntl_Plugin_World\Release4Tools\osintf.obj
E:\DBOG\DBOGLOBAL_DEV\DboClient\Lib\Ntl_Plugin_World\Release4Tools\p2altmdl.obj
E:\DBOG\DBOGLOBAL_DEV\DboClient\Lib\Ntl_Plugin_World\Release4Tools\p2core.obj
E:\DBOG\DBOGLOBAL_DEV\DboClient\Lib\Ntl_Plugin_World\Release4Tools\p2define.obj
E:\DBOG\DBOGLOBAL_DEV\DboClient\Lib\Ntl_Plugin_World\Release4Tools\p2dep.obj
E:\DBOG\DBOGLOBAL_DEV\DboClient\Lib\Ntl_Plugin_World\Release4Tools\p2heap.obj
E:\DBOG\DBOGLOBAL_DEV\DboClient\Lib\Ntl_Plugin_World\Release4Tools\p2macros.obj
E:\DBOG\DBOGLOBAL_DEV\DboClient\Lib\Ntl_Plugin_World\Release4Tools\p2renderstate.obj
E:\DBOG\DBOGLOBAL_DEV\DboClient\Lib\Ntl_Plugin_World\Release4Tools\p2resort.obj
E:\DBOG\DBOGLOBAL_DEV\DboClient\Lib\Ntl_Plugin_World\Release4Tools\p2stdcls.obj
E:\DBOG\DBOGLOBAL_DEV\DboClient\Lib\Ntl_Plugin_World\Release4Tools\palquant.obj
E:\DBOG\DBOGLOBAL_DEV\DboClient\Lib\Ntl_Plugin_World\Release4Tools\pipequat.obj
E:\DBOG\DBOGLOBAL_DEV\DboClient\Lib\Ntl_Plugin_World\Release4Tools\resmem.obj
E:\DBOG\DBOGLOBAL_DEV\DBOCLIENT\LIB\NTL_PLUGIN_WORLD\RELEASE4TOOLS\RPDBGERR1.OBJ
E:\DBOG\DBOGLOBAL_DEV\DboClient\Lib\Ntl_Plugin_World\Release4Tools\rwdbgerr.obj
E:\DBOG\DBOGLOBAL_DEV\DboClient\Lib\Ntl_Plugin_World\Release4Tools\rwdbgwor.obj
E:\DBOG\DBOGLOBAL_DEV\DboClient\Lib\Ntl_Plugin_World\Release4Tools\rwgrp.obj
E:\DBOG\DBOGLOBAL_DEV\DboClient\Lib\Ntl_Plugin_World\Release4Tools\rwstring.obj
E:\DBOG\DBOGLOBAL_DEV\DboClient\Lib\Ntl_Plugin_World\Release4Tools\ssematml.obj
E:\DBOG\DBOGLOBAL_DEV\DBOCLIENT\LIB\NTL_PLUGIN_WORLD\RELEASE4TOOLS\VC80.PDB
E:\DBOG\DBOGLOBAL_DEV\DboClient\Lib\Ntl_Plugin_World\Release4Tools\wrldpipe.obj
E:\DBOG\DBOGLOBAL_DEV\DBOCLIENT\RELEASE4TOOLS\NTL_PLUGIN_WORLD.LIB
