E:\DBOG\DBOGLOBAL_DEV\DboClient\Lib\NtlFramework\Release4Tools\CL.13220.read.1.tlog
E:\DBOG\DBOGLOBAL_DEV\DboClient\Lib\NtlFramework\Release4Tools\CL.13220.write.1.tlog
E:\DBOG\DBOGLOBAL_DEV\DboClient\Lib\NtlFramework\Release4Tools\CL.16680.read.1.tlog
E:\DBOG\DBOGLOBAL_DEV\DboClient\Lib\NtlFramework\Release4Tools\CL.16680.write.1.tlog
E:\DBOG\DBOGLOBAL_DEV\DboClient\Lib\NtlFramework\Release4Tools\CL.16836.read.1.tlog
E:\DBOG\DBOGLOBAL_DEV\DboClient\Lib\NtlFramework\Release4Tools\CL.16836.write.1.tlog
E:\DBOG\DBOGLOBAL_DEV\DboClient\Lib\NtlFramework\Release4Tools\CL.18060.read.1.tlog
E:\DBOG\DBOGLOBAL_DEV\DboClient\Lib\NtlFramework\Release4Tools\CL.18060.write.1.tlog
E:\DBOG\DBOGLOBAL_DEV\DboClient\Lib\NtlFramework\Release4Tools\CL.19476.read.1.tlog
E:\DBOG\DBOGLOBAL_DEV\DboClient\Lib\NtlFramework\Release4Tools\CL.19476.write.1.tlog
E:\DBOG\DBOGLOBAL_DEV\DboClient\Lib\NtlFramework\Release4Tools\CL.8056.read.1.tlog
E:\DBOG\DBOGLOBAL_DEV\DboClient\Lib\NtlFramework\Release4Tools\CL.8056.write.1.tlog
E:\DBOG\DBOGLOBAL_DEV\DboClient\Lib\NtlFramework\Release4Tools\CL.9276.read.1.tlog
E:\DBOG\DBOGLOBAL_DEV\DboClient\Lib\NtlFramework\Release4Tools\CL.9276.write.1.tlog
E:\DBOG\DBOGLOBAL_DEV\DboClient\Lib\NtlFramework\Release4Tools\CL.9500.read.1.tlog
E:\DBOG\DBOGLOBAL_DEV\DboClient\Lib\NtlFramework\Release4Tools\CL.9500.write.1.tlog
E:\DBOG\DBOGLOBAL_DEV\DboClient\Lib\NtlFramework\Release4Tools\CL.9636.read.1.tlog
E:\DBOG\DBOGLOBAL_DEV\DboClient\Lib\NtlFramework\Release4Tools\CL.9636.write.1.tlog
E:\DBOG\DBOGLOBAL_DEV\DboClient\Lib\NtlFramework\Release4Tools\cl.command.1.tlog
E:\DBOG\DBOGLOBAL_DEV\DboClient\Lib\NtlFramework\Release4Tools\CL.read.1.tlog
E:\DBOG\DBOGLOBAL_DEV\DboClient\Lib\NtlFramework\Release4Tools\CL.write.1.tlog
E:\DBOG\DBOGLOBAL_DEV\DboClient\Lib\NtlFramework\Release4Tools\lib.command.1.tlog
E:\DBOG\DBOGLOBAL_DEV\DboClient\Lib\NtlFramework\Release4Tools\Lib-link.read.1.tlog
E:\DBOG\DBOGLOBAL_DEV\DboClient\Lib\NtlFramework\Release4Tools\Lib-link.write.1.tlog
E:\DBOG\DBOGLOBAL_DEV\DBOCLIENT\LIB\NTLFRAMEWORK\RELEASE4TOOLS\NTLAPPLICATION.OBJ
E:\DBOG\DBOGLOBAL_DEV\DBOCLIENT\LIB\NTLFRAMEWORK\RELEASE4TOOLS\NTLCAMERA.OBJ
E:\DBOG\DBOGLOBAL_DEV\DBOCLIENT\LIB\NTLFRAMEWORK\RELEASE4TOOLS\NTLFRAMEWORK.PCH
E:\DBOG\DBOGLOBAL_DEV\DBOCLIENT\LIB\NTLFRAMEWORK\RELEASE4TOOLS\NTLGAMMACONTROLLER.OBJ
E:\DBOG\DBOGLOBAL_DEV\DBOCLIENT\LIB\NTLFRAMEWORK\RELEASE4TOOLS\NTLLOGIC.OBJ
E:\DBOG\DBOGLOBAL_DEV\DBOCLIENT\LIB\NTLFRAMEWORK\RELEASE4TOOLS\NTLRENDER.OBJ
E:\DBOG\DBOGLOBAL_DEV\DBOCLIENT\LIB\NTLFRAMEWORK\RELEASE4TOOLS\NTLSTAGE.OBJ
E:\DBOG\DBOGLOBAL_DEV\DBOCLIENT\LIB\NTLFRAMEWORK\RELEASE4TOOLS\NTLSTAGEMANAGER.OBJ
E:\DBOG\DBOGLOBAL_DEV\DBOCLIENT\LIB\NTLFRAMEWORK\RELEASE4TOOLS\NTLTEXT.OBJ
E:\DBOG\DBOGLOBAL_DEV\DBOCLIENT\LIB\NTLFRAMEWORK\RELEASE4TOOLS\NTLTIMER.OBJ
E:\DBOG\DBOGLOBAL_DEV\DBOCLIENT\LIB\NTLFRAMEWORK\RELEASE4TOOLS\PRECOMP_NTLFRAMEWORK.OBJ
E:\DBOG\DBOGLOBAL_DEV\DBOCLIENT\LIB\NTLFRAMEWORK\RELEASE4TOOLS\VC80.PDB
E:\DBOG\DBOGLOBAL_DEV\DBOCLIENT\RELEASE4TOOLS\NTLFRAMEWORK.LIB
