E:\DBOG\DBOGLOBAL_DEV\DBOCLIENT\RELEASE4TOOLS\ZLIB.LIB
E:\DBOG\DBOGLOBAL_DEV\NtlLib\Shared\Zip\zlib123\projects\visualdotnet2005\Release4Tools\CL.11220.read.1.tlog
E:\DBOG\DBOGLOBAL_DEV\NtlLib\Shared\Zip\zlib123\projects\visualdotnet2005\Release4Tools\CL.11220.write.1.tlog
E:\DBOG\DBOGLOBAL_DEV\NtlLib\Shared\Zip\zlib123\projects\visualdotnet2005\Release4Tools\CL.14292.read.1.tlog
E:\DBOG\DBOGLOBAL_DEV\NtlLib\Shared\Zip\zlib123\projects\visualdotnet2005\Release4Tools\CL.14292.write.1.tlog
E:\DBOG\DBOGLOBAL_DEV\NtlLib\Shared\Zip\zlib123\projects\visualdotnet2005\Release4Tools\CL.16576.read.1.tlog
E:\DBOG\DBOGLOBAL_DEV\NtlLib\Shared\Zip\zlib123\projects\visualdotnet2005\Release4Tools\CL.16576.write.1.tlog
E:\DBOG\DBOGLOBAL_DEV\NtlLib\Shared\Zip\zlib123\projects\visualdotnet2005\Release4Tools\CL.17264.read.1.tlog
E:\DBOG\DBOGLOBAL_DEV\NtlLib\Shared\Zip\zlib123\projects\visualdotnet2005\Release4Tools\CL.17264.write.1.tlog
E:\DBOG\DBOGLOBAL_DEV\NtlLib\Shared\Zip\zlib123\projects\visualdotnet2005\Release4Tools\CL.17372.read.1.tlog
E:\DBOG\DBOGLOBAL_DEV\NtlLib\Shared\Zip\zlib123\projects\visualdotnet2005\Release4Tools\CL.17372.write.1.tlog
E:\DBOG\DBOGLOBAL_DEV\NtlLib\Shared\Zip\zlib123\projects\visualdotnet2005\Release4Tools\CL.17480.read.1.tlog
E:\DBOG\DBOGLOBAL_DEV\NtlLib\Shared\Zip\zlib123\projects\visualdotnet2005\Release4Tools\CL.17480.write.1.tlog
E:\DBOG\DBOGLOBAL_DEV\NtlLib\Shared\Zip\zlib123\projects\visualdotnet2005\Release4Tools\CL.18172.read.1.tlog
E:\DBOG\DBOGLOBAL_DEV\NtlLib\Shared\Zip\zlib123\projects\visualdotnet2005\Release4Tools\CL.18172.write.1.tlog
E:\DBOG\DBOGLOBAL_DEV\NtlLib\Shared\Zip\zlib123\projects\visualdotnet2005\Release4Tools\CL.18880.read.1.tlog
E:\DBOG\DBOGLOBAL_DEV\NtlLib\Shared\Zip\zlib123\projects\visualdotnet2005\Release4Tools\CL.18880.write.1.tlog
E:\DBOG\DBOGLOBAL_DEV\NtlLib\Shared\Zip\zlib123\projects\visualdotnet2005\Release4Tools\CL.19348.read.1.tlog
E:\DBOG\DBOGLOBAL_DEV\NtlLib\Shared\Zip\zlib123\projects\visualdotnet2005\Release4Tools\CL.19348.write.1.tlog
E:\DBOG\DBOGLOBAL_DEV\NtlLib\Shared\Zip\zlib123\projects\visualdotnet2005\Release4Tools\CL.19504.read.1.tlog
E:\DBOG\DBOGLOBAL_DEV\NtlLib\Shared\Zip\zlib123\projects\visualdotnet2005\Release4Tools\CL.19504.write.1.tlog
E:\DBOG\DBOGLOBAL_DEV\NtlLib\Shared\Zip\zlib123\projects\visualdotnet2005\Release4Tools\CL.19732.read.1.tlog
E:\DBOG\DBOGLOBAL_DEV\NtlLib\Shared\Zip\zlib123\projects\visualdotnet2005\Release4Tools\CL.19732.write.1.tlog
E:\DBOG\DBOGLOBAL_DEV\NtlLib\Shared\Zip\zlib123\projects\visualdotnet2005\Release4Tools\CL.19764.read.1.tlog
E:\DBOG\DBOGLOBAL_DEV\NtlLib\Shared\Zip\zlib123\projects\visualdotnet2005\Release4Tools\CL.19764.write.1.tlog
E:\DBOG\DBOGLOBAL_DEV\NtlLib\Shared\Zip\zlib123\projects\visualdotnet2005\Release4Tools\CL.20824.read.1.tlog
E:\DBOG\DBOGLOBAL_DEV\NtlLib\Shared\Zip\zlib123\projects\visualdotnet2005\Release4Tools\CL.20824.write.1.tlog
E:\DBOG\DBOGLOBAL_DEV\NtlLib\Shared\Zip\zlib123\projects\visualdotnet2005\Release4Tools\CL.2732.read.1.tlog
E:\DBOG\DBOGLOBAL_DEV\NtlLib\Shared\Zip\zlib123\projects\visualdotnet2005\Release4Tools\CL.2732.write.1.tlog
E:\DBOG\DBOGLOBAL_DEV\NtlLib\Shared\Zip\zlib123\projects\visualdotnet2005\Release4Tools\CL.2832.read.1.tlog
E:\DBOG\DBOGLOBAL_DEV\NtlLib\Shared\Zip\zlib123\projects\visualdotnet2005\Release4Tools\CL.2832.write.1.tlog
E:\DBOG\DBOGLOBAL_DEV\NtlLib\Shared\Zip\zlib123\projects\visualdotnet2005\Release4Tools\CL.3832.read.1.tlog
E:\DBOG\DBOGLOBAL_DEV\NtlLib\Shared\Zip\zlib123\projects\visualdotnet2005\Release4Tools\CL.3832.write.1.tlog
E:\DBOG\DBOGLOBAL_DEV\NtlLib\Shared\Zip\zlib123\projects\visualdotnet2005\Release4Tools\CL.4980.read.1.tlog
E:\DBOG\DBOGLOBAL_DEV\NtlLib\Shared\Zip\zlib123\projects\visualdotnet2005\Release4Tools\CL.4980.write.1.tlog
E:\DBOG\DBOGLOBAL_DEV\NtlLib\Shared\Zip\zlib123\projects\visualdotnet2005\Release4Tools\CL.7152.read.1.tlog
E:\DBOG\DBOGLOBAL_DEV\NtlLib\Shared\Zip\zlib123\projects\visualdotnet2005\Release4Tools\CL.7152.write.1.tlog
E:\DBOG\DBOGLOBAL_DEV\NtlLib\Shared\Zip\zlib123\projects\visualdotnet2005\Release4Tools\cl.command.1.tlog
E:\DBOG\DBOGLOBAL_DEV\NtlLib\Shared\Zip\zlib123\projects\visualdotnet2005\Release4Tools\CL.read.1.tlog
E:\DBOG\DBOGLOBAL_DEV\NtlLib\Shared\Zip\zlib123\projects\visualdotnet2005\Release4Tools\cl.write.1.tlog
E:\DBOG\DBOGLOBAL_DEV\NtlLib\Shared\Zip\zlib123\projects\visualdotnet2005\Release4Tools\lib.command.1.tlog
E:\DBOG\DBOGLOBAL_DEV\NtlLib\Shared\Zip\zlib123\projects\visualdotnet2005\Release4Tools\Lib-link.read.1.tlog
E:\DBOG\DBOGLOBAL_DEV\NtlLib\Shared\Zip\zlib123\projects\visualdotnet2005\Release4Tools\Lib-link.write.1.tlog
E:\DBOG\DBOGLOBAL_DEV\NtlLib\Shared\Zip\zlib123\projects\visualdotnet2005\Release4Tools\Lib-link-cvtres.read.1.tlog
E:\DBOG\DBOGLOBAL_DEV\NtlLib\Shared\Zip\zlib123\projects\visualdotnet2005\Release4Tools\Lib-link-cvtres.write.1.tlog
E:\DBOG\DBOGLOBAL_DEV\NtlLib\Shared\Zip\zlib123\projects\visualdotnet2005\Release4Tools\rc.command.1.tlog
E:\DBOG\DBOGLOBAL_DEV\NtlLib\Shared\Zip\zlib123\projects\visualdotnet2005\Release4Tools\rc.read.1.tlog
E:\DBOG\DBOGLOBAL_DEV\NtlLib\Shared\Zip\zlib123\projects\visualdotnet2005\Release4Tools\rc.write.1.tlog
E:\DBOG\DBOGLOBAL_DEV\NTLLIB\SHARED\ZIP\ZLIB123\PROJECTS\VISUALDOTNET2005\RELEASE4TOOLS\ZLIB1.RES
E:\DBOG\DBOGLOBAL_DEV\NTLLIB\SHARED\ZIP\ZLIB123\PROJECTS\VISUALDOTNET2005\WIN32_LIB_RELEASE\NTLUNZIP.OBJ
E:\DBOG\DBOGLOBAL_DEV\NTLLIB\SHARED\ZIP\ZLIB123\PROJECTS\VISUALDOTNET2005\WIN32_LIB_RELEASE\NTLZIP.OBJ
E:\DBOG\DBOGLOBAL_DEV\NTLLIB\SHARED\ZIP\ZLIB123\PROJECTS\VISUALDOTNET2005\WIN32_LIB_RELEASE\VC100.PDB
